L1:C g;set_k_time 1401162986
L2:Cj0 created
L3:Cg0 created
L4:Cg0;setdate(9, 9, 2035):1
L5:Cj0;setdate(9, 9, 2035):1
L6:Cj0;add_event(vQAGfCg, 3):1
L7:Cg0;add_event(vQAGfCg, 3):1
L8:Cg0;setdate(20, 11, 2007):1
L9:Cj0;setdate(20, 11, 2007):1
L10:Cj0;add_event(HgGARlK):1
L11:Cg0;add_event(HgGARlK):1
L12:Cg0;setdate(1, 12, 1992):1
L13:Cj0;setdate(1, 12, 1992):1
L14:Cg0;add_event(BInpsKa, 11, 12, 1997):1
L15:Cj0;add_event(BInpsKa, 11, 12, 1997):1
L16:Cg0;setdate(11, 5, 2003):1
L17:Cj0;setdate(11, 5, 2003):1
L18:Cg0;add_event(NcaoCxi, 15, 11, 2014):1
L19:Cj0;add_event(NcaoCxi, 15, 11, 2014):1
L20:Cj0;setdate(5, 11, 2012):1
L21:Cg0;setdate(5, 11, 2012):1
L22:Cg0;add_event(RrWfown):1
L23:Cj0;add_event(RrWfown):1
L24:Cg0;setdate(2, 10, 2031):1
L25:Cj0;setdate(2, 10, 2031):1
L26:Cg0;add_event(bIirNoL, 12, 6, 2033):1
L27:Cj0;add_event(bIirNoL, 12, 6, 2033):1
L28:Cj0;setdate(27, 12, 2036):1
L29:Cg0;setdate(27, 12, 2036):1
L30:Cj0;add_event(PTEYubq):1
L31:Cg0;add_event(PTEYubq):1
L32:Cj0;setdate(23, 9, 2026):1
L33:Cg0;setdate(23, 9, 2026):1
L34:Cj0;add_event(TcaOMjt, 6):1
L35:Cg0;add_event(TcaOMjt, 6):1
L36:Cg0;setdate(15, 8, 2015):1
L37:Cj0;setdate(15, 8, 2015):1
L38:Cj0;add_event(LSwvKOy):1
L39:Cg0;add_event(LSwvKOy):1
L40:Cg0;setdate(23, 9, 2015):1
L41:Cj0;setdate(23, 9, 2015):1
L42:Cg0;add_event(MehKmfv, 7, 1):1
L43:Cj0;add_event(MehKmfv, 7, 1):1
L44:Cg0;setdate(7, 2, 1900):1
L45:Cj0;setdate(7, 2, 1900):1
L46:Cj0;add_event(gKRaNUL, 29):1
L47:Cg0;add_event(gKRaNUL, 29):0
L48:Cj0;setdate(15, 2, 1901):1
L49:Cg0;setdate(15, 2, 1901):1
L50:Cj0;add_event(HoZvcWb, 29):0
L51:Cg0;add_event(HoZvcWb, 29):0
L52:Cj0;setdate(11, 2, 1981):1
L53:Cg0;setdate(11, 2, 1981):1
L54:Cg0;add_event(VCyZUao, 29, 2, 2000):1
L55:Cj0;add_event(VCyZUao, 29, 2, 2000):1
L56:Cj0;setdate(11, 12, 1997):1
L57:Cg0;setdate(11, 12, 1997):1
L58:Cg0;add_event(xRvlzsM, 29, 2, 1900):0
L59:Cj0;add_event(xRvlzsM, 29, 2, 1900):1
L60:Cg0;setdate(29, 2, 1901):0
L61:Cj0;setdate(29, 2, 1901):0
L62:Cj0;add_event(nYshKFj):1
L63:Cg0;add_event(nYshKFj):1
L64:Cj0;setdate(29, 2, 2000):1
L65:Cg0;setdate(29, 2, 2000):1
L66:Cj0;add_event(uPTlnpL):1
L67:Cg0;add_event(uPTlnpL):1
L68:Cg0;setdate(29, 2, 1900):0
L69:Cj0;setdate(29, 2, 1900):1
L70:Cg0;add_event(LNhUiET):1
L71:Cj0;add_event(LNhUiET):1
L72:Cj0;setdate(7, 3, 1999):1
L73:Cg0;setdate(7, 3, 1999):1
L74:Cj0;add_event(rtnTMlx, 29, 2, 1901):0
L75:Cg0;add_event(rtnTMlx, 29, 2, 1901):0
L76:Cj0;setdate(29, 2, 2000):1
L77:Cg0;setdate(29, 2, 2000):1
L78:Cj0;add_event(vtirQJo):1
L79:Cg0;add_event(vtirQJo):1
L80:Cg0;setdate(25, 2, 1900):1
L81:Cj0;setdate(25, 2, 1900):1
L82:Cg0;add_event(QKlTcsV, 29):0
L83:Cj0;add_event(QKlTcsV, 29):1
L84:Cj0;setdate(2, 11, 2026):1
L85:Cg0;setdate(2, 11, 2026):1
L86:Cg0;add_event(JxMBwAC, 29, 2, 1901):0
L87:Cj0;add_event(JxMBwAC, 29, 2, 1901):0
L88:Cg0;setdate(29, 2, 2000):1
L89:Cj0;setdate(29, 2, 2000):1
L90:Cg0;add_event(mfWkgot):1
L91:Cj0;add_event(mfWkgot):1
L92:Cg0;setdate(1, 1, 1900):1
L93:Cj0;setdate(1, 1, 1900):1
L94:Cg0;setdate(29, 2, 1900):0
L95:Cj0;setdate(29, 2, 1900):1
L96:Cg1 created
L97:Cj1 created
L98:Cj1=Cx0
L99:Cg1=Cx0
L100: Cg0;print
1997-12-11 : BInpsKa
1997-12-11 : nYshKFj
2000-02-29 : VCyZUao
2000-02-29 : uPTlnpL
2000-02-29 : LNhUiET
2000-02-29 : vtirQJo
2000-02-29 : mfWkgot
2007-11-20 : HgGARlK
2012-11-05 : RrWfown
2014-11-15 : NcaoCxi
2015-01-07 : MehKmfv
2015-08-15 : LSwvKOy
2026-09-06 : TcaOMjt
2033-06-12 : bIirNoL
2035-09-03 : vQAGfCg
2036-12-27 : PTEYubq
L101: Cj0;print
1997-12-11 : BInpsKa
1997-12-11 : nYshKFj
2000-02-29 : VCyZUao
2000-02-29 : uPTlnpL
2000-02-29 : vtirQJo
2000-02-29 : mfWkgot
2007-11-20 : HgGARlK
2012-11-05 : RrWfown
2014-11-15 : NcaoCxi
2015-01-07 : MehKmfv
2015-08-15 : LSwvKOy
2026-09-06 : TcaOMjt
2033-06-12 : bIirNoL
2035-09-03 : vQAGfCg
2036-12-27 : PTEYubq
L102: Cj1;print
1997-11-28 : BInpsKa
1997-11-28 : nYshKFj
2000-02-16 : VCyZUao
2000-02-16 : uPTlnpL
2000-02-16 : LNhUiET
2000-02-16 : vtirQJo
2000-02-16 : mfWkgot
2007-11-07 : HgGARlK
2012-10-23 : RrWfown
2014-11-02 : NcaoCxi
2014-12-25 : MehKmfv
2015-08-02 : LSwvKOy
2026-08-24 : TcaOMjt
2033-05-30 : bIirNoL
2035-08-21 : vQAGfCg
2036-12-14 : PTEYubq
L103: Cg1;print
1997-12-24 : BInpsKa
1997-12-24 : nYshKFj
2000-03-13 : VCyZUao
2000-03-13 : uPTlnpL
2000-03-13 : vtirQJo
2000-03-13 : mfWkgot
2007-12-03 : HgGARlK
2012-11-18 : RrWfown
2014-11-28 : NcaoCxi
2015-01-20 : MehKmfv
2015-08-28 : LSwvKOy
2026-09-19 : TcaOMjt
2033-06-25 : bIirNoL
2035-09-16 : vQAGfCg
2037-01-09 : PTEYubq
L104:Cg0;setdate(1, 1, 1900):1
L105:Cj0;setdate(1, 1, 1900):1
L106: Cg0;print
1997-12-11 : BInpsKa
1997-12-11 : nYshKFj
2000-02-29 : VCyZUao
2000-02-29 : uPTlnpL
2000-02-29 : LNhUiET
2000-02-29 : vtirQJo
2000-02-29 : mfWkgot
2007-11-20 : HgGARlK
2012-11-05 : RrWfown
2014-11-15 : NcaoCxi
2015-01-07 : MehKmfv
2015-08-15 : LSwvKOy
2026-09-06 : TcaOMjt
2033-06-12 : bIirNoL
2035-09-03 : vQAGfCg
2036-12-27 : PTEYubq
L107: Cj0;print
1900-02-29 : gKRaNUL
1900-02-29 : xRvlzsM
1900-02-29 : LNhUiET
1900-02-29 : QKlTcsV
1997-12-11 : BInpsKa
1997-12-11 : nYshKFj
2000-02-29 : VCyZUao
2000-02-29 : uPTlnpL
2000-02-29 : vtirQJo
2000-02-29 : mfWkgot
2007-11-20 : HgGARlK
2012-11-05 : RrWfown
2014-11-15 : NcaoCxi
2015-01-07 : MehKmfv
2015-08-15 : LSwvKOy
2026-09-06 : TcaOMjt
2033-06-12 : bIirNoL
2035-09-03 : vQAGfCg
2036-12-27 : PTEYubq
L108: Cg1;print
1997-12-24 : BInpsKa
1997-12-24 : nYshKFj
2000-03-13 : VCyZUao
2000-03-13 : uPTlnpL
2000-03-13 : vtirQJo
2000-03-13 : mfWkgot
2007-12-03 : HgGARlK
2012-11-18 : RrWfown
2014-11-28 : NcaoCxi
2015-01-20 : MehKmfv
2015-08-28 : LSwvKOy
2026-09-19 : TcaOMjt
2033-06-25 : bIirNoL
2035-09-16 : vQAGfCg
2037-01-09 : PTEYubq
L109: Cj1;print
1997-11-28 : BInpsKa
1997-11-28 : nYshKFj
2000-02-16 : VCyZUao
2000-02-16 : uPTlnpL
2000-02-16 : LNhUiET
2000-02-16 : vtirQJo
2000-02-16 : mfWkgot
2007-11-07 : HgGARlK
2012-10-23 : RrWfown
2014-11-02 : NcaoCxi
2014-12-25 : MehKmfv
2015-08-02 : LSwvKOy
2026-08-24 : TcaOMjt
2033-05-30 : bIirNoL
2035-08-21 : vQAGfCg
2036-12-14 : PTEYubq
L110:Cj1 deleted
L111:Cg1 deleted
L112:Cj0;setdate(15, 10, 2013):1
L113:Cg0;setdate(15, 10, 2013):1
L114:Cg0;remove_event(bIirNoL, 12, 6, 2033):1
L115:Cj0;remove_event(bIirNoL, 12, 6, 2033):1
L116:Cj0;setdate(6, 9, 2026):1
L117:Cg0;setdate(6, 9, 2026):1
L118:Cj0;remove_event(TcaOMjt):1
L119:Cg0;remove_event(TcaOMjt):1
L120:Cj0;setdate(7, 1, 2015):1
L121:Cg0;setdate(7, 1, 2015):1
L122:Cg0;remove_event(MehKmfv):1
L123:Cj0;remove_event(MehKmfv):1
L124:Cj0;setdate(7, 2, 2000):1
L125:Cg0;setdate(7, 2, 2000):1
L126:Cj0;remove_event(VCyZUao, 29):1
L127:Cg0;remove_event(VCyZUao, 29):1
L128:Cj0;setdate(24, 6, 1900):1
L129:Cg0;setdate(24, 6, 1900):1
L130:Cj0;remove_event(xRvlzsM, 29, 2):1
L131:Cg0;remove_event(xRvlzsM, 29, 2):0
L132:Cg0;setdate(14, 5, 1994):1
L133:Cj0;setdate(14, 5, 1994):1
L134:Cg0;remove_event(uPTlnpL, 29, 2, 2000):1
L135:Cj0;remove_event(uPTlnpL, 29, 2, 2000):1
L136:Cg0;setdate(5, 8, 1901):1
L137:Cj0;setdate(5, 8, 1901):1
L138:Cj0;remove_event(rtnTMlx, 29, 2):0
L139:Cg0;remove_event(rtnTMlx, 29, 2):0
L140:Cg0;setdate(3, 10, 2000):1
L141:Cj0;setdate(3, 10, 2000):1
L142:Cj0;remove_event(mfWkgot, 29, 2):1
L143:Cg0;remove_event(mfWkgot, 29, 2):1
L144:Cj0;setdate(1, 1, 1900):1
L145:Cg0;setdate(1, 1, 1900):1
L146:Cj0;setdate(29, 2, 1900):1
L147:Cg0;setdate(29, 2, 1900):0
L148:Cg2 created
L149:Cj2 created
L150:Cg2=Cx0
L151:Cj2=Cx0
L152: Cj0;print
1997-12-11 : BInpsKa
1997-12-11 : nYshKFj
2000-02-29 : vtirQJo
2007-11-20 : HgGARlK
2012-11-05 : RrWfown
2014-11-15 : NcaoCxi
2015-08-15 : LSwvKOy
2035-09-03 : vQAGfCg
2036-12-27 : PTEYubq
L153: Cg0;print
1997-12-11 : BInpsKa
1997-12-11 : nYshKFj
2000-02-29 : LNhUiET
2000-02-29 : vtirQJo
2007-11-20 : HgGARlK
2012-11-05 : RrWfown
2014-11-15 : NcaoCxi
2015-08-15 : LSwvKOy
2035-09-03 : vQAGfCg
2036-12-27 : PTEYubq
L154: Cg2;print
1997-12-24 : BInpsKa
1997-12-24 : nYshKFj
2000-03-13 : vtirQJo
2007-12-03 : HgGARlK
2012-11-18 : RrWfown
2014-11-28 : NcaoCxi
2015-08-28 : LSwvKOy
2035-09-16 : vQAGfCg
2037-01-09 : PTEYubq
L155: Cj2;print
1997-11-28 : BInpsKa
1997-11-28 : nYshKFj
2000-02-16 : LNhUiET
2000-02-16 : vtirQJo
2007-11-07 : HgGARlK
2012-10-23 : RrWfown
2014-11-02 : NcaoCxi
2015-08-02 : LSwvKOy
2035-08-21 : vQAGfCg
2036-12-14 : PTEYubq
L156:Cg0;setdate(1, 1, 1900):1
L157:Cj0;setdate(1, 1, 1900):1
L158: Cg0;print
1997-12-11 : BInpsKa
1997-12-11 : nYshKFj
2000-02-29 : LNhUiET
2000-02-29 : vtirQJo
2007-11-20 : HgGARlK
2012-11-05 : RrWfown
2014-11-15 : NcaoCxi
2015-08-15 : LSwvKOy
2035-09-03 : vQAGfCg
2036-12-27 : PTEYubq
L159: Cj0;print
1900-02-29 : gKRaNUL
1900-02-29 : LNhUiET
1900-02-29 : QKlTcsV
1997-12-11 : BInpsKa
1997-12-11 : nYshKFj
2000-02-29 : vtirQJo
2007-11-20 : HgGARlK
2012-11-05 : RrWfown
2014-11-15 : NcaoCxi
2015-08-15 : LSwvKOy
2035-09-03 : vQAGfCg
2036-12-27 : PTEYubq
L160: Cj2;print
1997-11-28 : BInpsKa
1997-11-28 : nYshKFj
2000-02-16 : LNhUiET
2000-02-16 : vtirQJo
2007-11-07 : HgGARlK
2012-10-23 : RrWfown
2014-11-02 : NcaoCxi
2015-08-02 : LSwvKOy
2035-08-21 : vQAGfCg
2036-12-14 : PTEYubq
L161: Cg2;print
1997-12-24 : BInpsKa
1997-12-24 : nYshKFj
2000-03-13 : vtirQJo
2007-12-03 : HgGARlK
2012-11-18 : RrWfown
2014-11-28 : NcaoCxi
2015-08-28 : LSwvKOy
2035-09-16 : vQAGfCg
2037-01-09 : PTEYubq
L162:Cj0 deleted
L163:Cg0 deleted
L164:Cj2 deleted
L165:Cg2 deleted
L166:Cg3 created
L167:Cj3 created
L168:Cj3;setdate(11, 7, 1978):1
L169:Cg3;setdate(11, 7, 1978):1
L170:Cg3;add_event(ApmHMvu, 25, 10, 2016):1
L171:Cj3;add_event(ApmHMvu, 25, 10, 2016):1
L172:Cg3;setdate(12, 1, 1971):1
L173:Cj3;setdate(12, 1, 1971):1
L174:Cg3;add_event(duYzSLi, 25):1
L175:Cj3;add_event(duYzSLi, 25):1
L176:Cj3;setdate(22, 7, 2010):1
L177:Cg3;setdate(22, 7, 2010):1
L178:Cj3;add_event(SsNzfTA, 9):1
L179:Cg3;add_event(SsNzfTA, 9):1
L180:Cj3;setdate(9, 4, 2028):1
L181:Cg3;setdate(9, 4, 2028):1
L182:Cj3;add_event(OvFRYGt, 7):1
L183:Cg3;add_event(OvFRYGt, 7):1
L184:Cg3;setdate(11, 4, 2024):1
L185:Cj3;setdate(11, 4, 2024):1
L186:Cg3;add_event(kvKhazF):1
L187:Cj3;add_event(kvKhazF):1
L188:Cg3;setdate(27, 4, 1979):1
L189:Cj3;setdate(27, 4, 1979):1
L190:Cj3;add_event(mJrLAhV, 2, 2):1
L191:Cg3;add_event(mJrLAhV, 2, 2):1
L192:Cj3;setdate(23, 3, 2034):1
L193:Cg3;setdate(23, 3, 2034):1
L194:Cj3;add_event(BxWawce, 14):1
L195:Cg3;add_event(BxWawce, 14):1
L196:Cg3;setdate(24, 10, 2012):1
L197:Cj3;setdate(24, 10, 2012):1
L198:Cg3;add_event(zGQXylS):1
L199:Cj3;add_event(zGQXylS):1
L200:Cj3;setdate(21, 7, 1976):1
L201:Cg3;setdate(21, 7, 1976):1
L202:Cj3;add_event(FnTAyOV, 18, 9, 2025):1
L203:Cg3;add_event(FnTAyOV, 18, 9, 2025):1
L204:Cg3;setdate(25, 5, 2004):1
L205:Cj3;setdate(25, 5, 2004):1
L206:Cj3;add_event(rHOsDYk):1
L207:Cg3;add_event(rHOsDYk):1
L208:Cg3;setdate(29, 2, 1900):0
L209:Cj3;setdate(29, 2, 1900):1
L210:Cj3;add_event(pFzTyDm):1
L211:Cg3;add_event(pFzTyDm):1
L212:Cj3;setdate(15, 2, 1901):1
L213:Cg3;setdate(15, 2, 1901):1
L214:Cj3;add_event(ySBrAng, 29):0
L215:Cg3;add_event(ySBrAng, 29):0
L216:Cg3;setdate(26, 9, 1999):1
L217:Cj3;setdate(26, 9, 1999):1
L218:Cg3;add_event(NpZVjgC, 29, 2, 2000):1
L219:Cj3;add_event(NpZVjgC, 29, 2, 2000):1
L220:Cj3;setdate(29, 2, 1900):1
L221:Cg3;setdate(29, 2, 1900):0
L222:Cj3;add_event(HVQncXe):1
L223:Cg3;add_event(HVQncXe):1
L224:Cg3;setdate(29, 2, 1901):0
L225:Cj3;setdate(29, 2, 1901):0
L226:Cj3;add_event(AzJLDTl):1
L227:Cg3;add_event(AzJLDTl):1
L228:Cj3;setdate(10, 2, 2000):1
L229:Cg3;setdate(10, 2, 2000):1
L230:Cj3;add_event(JVbAeXr, 29):1
L231:Cg3;add_event(JVbAeXr, 29):1
L232:Cg3;setdate(29, 2, 1900):0
L233:Cj3;setdate(29, 2, 1900):1
L234:Cj3;add_event(hnedOpS):1
L235:Cg3;add_event(hnedOpS):1
L236:Cg3;setdate(20, 2, 1901):1
L237:Cj3;setdate(20, 2, 1901):1
L238:Cj3;add_event(wxHekfz, 29):0
L239:Cg3;add_event(wxHekfz, 29):0
L240:Cg3;setdate(29, 2, 2000):1
L241:Cj3;setdate(29, 2, 2000):1
L242:Cj3;add_event(OAltbWj):1
L243:Cg3;add_event(OAltbWj):1
L244:Cj3;setdate(8, 11, 1900):1
L245:Cg3;setdate(8, 11, 1900):1
L246:Cg3;add_event(RpcvNXD, 29, 2):0
L247:Cj3;add_event(RpcvNXD, 29, 2):1
L248:Cg3;setdate(2, 6, 1901):1
L249:Cj3;setdate(2, 6, 1901):1
L250:Cg3;add_event(rqIMSYc, 29, 2):0
L251:Cj3;add_event(rqIMSYc, 29, 2):0
L252:Cj3;setdate(16, 7, 2000):1
L253:Cg3;setdate(16, 7, 2000):1
L254:Cj3;add_event(GiVXzqw, 29, 2):1
L255:Cg3;add_event(GiVXzqw, 29, 2):1
L256:Cj3;setdate(1, 1, 1900):1
L257:Cg3;setdate(1, 1, 1900):1
L258:Cj3;setdate(29, 2, 1900):1
L259:Cg3;setdate(29, 2, 1900):0
L260:Cg4 created
L261:Cj4 created
L262:Cj4=Cx3
L263:Cg4=Cx3
L264: Cj3;print
1971-01-25 : duYzSLi
1979-02-02 : mJrLAhV
2000-02-29 : NpZVjgC
2000-02-29 : JVbAeXr
2000-02-29 : OAltbWj
2000-02-29 : GiVXzqw
2004-05-25 : rHOsDYk
2010-07-09 : SsNzfTA
2012-10-24 : zGQXylS
2016-10-25 : ApmHMvu
2024-04-11 : kvKhazF
2025-09-18 : FnTAyOV
2028-04-07 : OvFRYGt
2034-03-14 : BxWawce
L265: Cg3;print
1971-01-25 : duYzSLi
1979-02-02 : mJrLAhV
1999-09-26 : HVQncXe
1999-09-26 : AzJLDTl
2000-02-10 : hnedOpS
2000-02-29 : NpZVjgC
2000-02-29 : JVbAeXr
2000-02-29 : OAltbWj
2000-02-29 : GiVXzqw
2004-05-25 : rHOsDYk
2004-05-25 : pFzTyDm
2010-07-09 : SsNzfTA
2012-10-24 : zGQXylS
2016-10-25 : ApmHMvu
2024-04-11 : kvKhazF
2025-09-18 : FnTAyOV
2028-04-07 : OvFRYGt
2034-03-14 : BxWawce
L266: Cg4;print
1971-02-07 : duYzSLi
1979-02-15 : mJrLAhV
2000-03-13 : NpZVjgC
2000-03-13 : JVbAeXr
2000-03-13 : OAltbWj
2000-03-13 : GiVXzqw
2004-06-07 : rHOsDYk
2010-07-22 : SsNzfTA
2012-11-06 : zGQXylS
2016-11-07 : ApmHMvu
2024-04-24 : kvKhazF
2025-10-01 : FnTAyOV
2028-04-20 : OvFRYGt
2034-03-27 : BxWawce
L267: Cj4;print
1971-01-12 : duYzSLi
1979-01-20 : mJrLAhV
1999-09-13 : HVQncXe
1999-09-13 : AzJLDTl
2000-01-28 : hnedOpS
2000-02-16 : NpZVjgC
2000-02-16 : JVbAeXr
2000-02-16 : OAltbWj
2000-02-16 : GiVXzqw
2004-05-12 : rHOsDYk
2004-05-12 : pFzTyDm
2010-06-26 : SsNzfTA
2012-10-11 : zGQXylS
2016-10-12 : ApmHMvu
2024-03-29 : kvKhazF
2025-09-05 : FnTAyOV
2028-03-25 : OvFRYGt
2034-03-01 : BxWawce
L268:Cg3;setdate(1, 1, 1900):1
L269:Cj3;setdate(1, 1, 1900):1
L270: Cg3;print
1971-01-25 : duYzSLi
1979-02-02 : mJrLAhV
1999-09-26 : HVQncXe
1999-09-26 : AzJLDTl
2000-02-10 : hnedOpS
2000-02-29 : NpZVjgC
2000-02-29 : JVbAeXr
2000-02-29 : OAltbWj
2000-02-29 : GiVXzqw
2004-05-25 : rHOsDYk
2004-05-25 : pFzTyDm
2010-07-09 : SsNzfTA
2012-10-24 : zGQXylS
2016-10-25 : ApmHMvu
2024-04-11 : kvKhazF
2025-09-18 : FnTAyOV
2028-04-07 : OvFRYGt
2034-03-14 : BxWawce
L271: Cj3;print
1900-02-29 : pFzTyDm
1900-02-29 : HVQncXe
1900-02-29 : AzJLDTl
1900-02-29 : hnedOpS
1900-02-29 : RpcvNXD
1971-01-25 : duYzSLi
1979-02-02 : mJrLAhV
2000-02-29 : NpZVjgC
2000-02-29 : JVbAeXr
2000-02-29 : OAltbWj
2000-02-29 : GiVXzqw
2004-05-25 : rHOsDYk
2010-07-09 : SsNzfTA
2012-10-24 : zGQXylS
2016-10-25 : ApmHMvu
2024-04-11 : kvKhazF
2025-09-18 : FnTAyOV
2028-04-07 : OvFRYGt
2034-03-14 : BxWawce
L272: Cj4;print
1971-01-12 : duYzSLi
1979-01-20 : mJrLAhV
1999-09-13 : HVQncXe
1999-09-13 : AzJLDTl
2000-01-28 : hnedOpS
2000-02-16 : NpZVjgC
2000-02-16 : JVbAeXr
2000-02-16 : OAltbWj
2000-02-16 : GiVXzqw
2004-05-12 : rHOsDYk
2004-05-12 : pFzTyDm
2010-06-26 : SsNzfTA
2012-10-11 : zGQXylS
2016-10-12 : ApmHMvu
2024-03-29 : kvKhazF
2025-09-05 : FnTAyOV
2028-03-25 : OvFRYGt
2034-03-01 : BxWawce
L273: Cg4;print
1971-02-07 : duYzSLi
1979-02-15 : mJrLAhV
2000-03-13 : NpZVjgC
2000-03-13 : JVbAeXr
2000-03-13 : OAltbWj
2000-03-13 : GiVXzqw
2004-06-07 : rHOsDYk
2010-07-22 : SsNzfTA
2012-11-06 : zGQXylS
2016-11-07 : ApmHMvu
2024-04-24 : kvKhazF
2025-10-01 : FnTAyOV
2028-04-20 : OvFRYGt
2034-03-27 : BxWawce
L274:Cj4 deleted
L275:Cg4 deleted
L276:Cj3;setdate(13, 7, 2017):1
L277:Cg3;setdate(13, 7, 2017):1
L278:Cj3;remove_event(bIirNoL, 12, 6, 2033):0
L279:Cg3;remove_event(bIirNoL, 12, 6, 2033):0
L280:Cg3;setdate(6, 9, 2026):1
L281:Cj3;setdate(6, 9, 2026):1
L282:Cj3;remove_event(TcaOMjt):0
L283:Cg3;remove_event(TcaOMjt):0
L284:Cg3;setdate(25, 4, 2015):1
L285:Cj3;setdate(25, 4, 2015):1
L286:Cj3;remove_event(MehKmfv, 7, 1):0
L287:Cg3;remove_event(MehKmfv, 7, 1):0
L288:Cg3;setdate(29, 2, 2000):1
L289:Cj3;setdate(29, 2, 2000):1
L290:Cg3;remove_event(VCyZUao):0
L291:Cj3;remove_event(VCyZUao):0
L292:Cg3;setdate(18, 11, 1900):1
L293:Cj3;setdate(18, 11, 1900):1
L294:Cj3;remove_event(xRvlzsM, 29, 2):0
L295:Cg3;remove_event(xRvlzsM, 29, 2):0
L296:Cj3;setdate(27, 1, 2025):1
L297:Cg3;setdate(27, 1, 2025):1
L298:Cg3;remove_event(uPTlnpL, 29, 2, 2000):0
L299:Cj3;remove_event(uPTlnpL, 29, 2, 2000):0
L300:Cg3;setdate(4, 4, 2032):1
L301:Cj3;setdate(4, 4, 2032):1
L302:Cj3;remove_event(rtnTMlx, 29, 2, 1901):0
L303:Cg3;remove_event(rtnTMlx, 29, 2, 1901):0
L304:Cj3;setdate(26, 2, 2000):1
L305:Cg3;setdate(26, 2, 2000):1
L306:Cj3;remove_event(mfWkgot, 29):0
L307:Cg3;remove_event(mfWkgot, 29):0
L308:Cj3;setdate(25, 1, 1971):1
L309:Cg3;setdate(25, 1, 1971):1
L310:Cg3;remove_event(duYzSLi):1
L311:Cj3;remove_event(duYzSLi):1
L312:Cg3;setdate(4, 12, 1984):1
L313:Cj3;setdate(4, 12, 1984):1
L314:Cg3;remove_event(zGQXylS, 24, 10, 2012):1
L315:Cj3;remove_event(zGQXylS, 24, 10, 2012):1
L316:Cj3;setdate(19, 8, 2010):1
L317:Cg3;setdate(19, 8, 2010):1
L318:Cg3;remove_event(rHOsDYk, 25, 5, 2004):1
L319:Cj3;remove_event(rHOsDYk, 25, 5, 2004):1
L320:Cg3;setdate(15, 7, 1901):1
L321:Cj3;setdate(15, 7, 1901):1
L322:Cj3;remove_event(ySBrAng, 29, 2):0
L323:Cg3;remove_event(ySBrAng, 29, 2):0
L324:Cg3;setdate(21, 1, 2000):1
L325:Cj3;setdate(21, 1, 2000):1
L326:Cg3;remove_event(NpZVjgC, 29, 2):1
L327:Cj3;remove_event(NpZVjgC, 29, 2):1
L328:Cj3;setdate(15, 2, 1900):1
L329:Cg3;setdate(15, 2, 1900):1
L330:Cg3;remove_event(HVQncXe, 29):0
L331:Cj3;remove_event(HVQncXe, 29):1
L332:Cj3;setdate(13, 2, 1901):1
L333:Cg3;setdate(13, 2, 1901):1
L334:Cg3;remove_event(AzJLDTl, 29):0
L335:Cj3;remove_event(AzJLDTl, 29):0
L336:Cj3;setdate(29, 2, 1901):0
L337:Cg3;setdate(29, 2, 1901):0
L338:Cj3;remove_event(wxHekfz):0
L339:Cg3;remove_event(wxHekfz):0
L340:Cg3;setdate(1, 6, 2000):1
L341:Cj3;setdate(1, 6, 2000):1
L342:Cj3;remove_event(OAltbWj, 29, 2):1
L343:Cg3;remove_event(OAltbWj, 29, 2):1
L344:Cj3;setdate(10, 11, 1901):1
L345:Cg3;setdate(10, 11, 1901):1
L346:Cj3;remove_event(rqIMSYc, 29, 2):0
L347:Cg3;remove_event(rqIMSYc, 29, 2):0
L348:Cj3;setdate(26, 2, 2000):1
L349:Cg3;setdate(26, 2, 2000):1
L350:Cg3;remove_event(GiVXzqw, 29):1
L351:Cj3;remove_event(GiVXzqw, 29):1
L352:Cg3;setdate(1, 1, 1900):1
L353:Cj3;setdate(1, 1, 1900):1
L354:Cj3;setdate(29, 2, 1900):1
L355:Cg3;setdate(29, 2, 1900):0
L356:Cj5 created
L357:Cg5 created
L358:Cj5=Cx3
L359:Cg5=Cx3
L360: Cg3;print
1979-02-02 : mJrLAhV
1999-09-26 : HVQncXe
1999-09-26 : AzJLDTl
2000-02-10 : hnedOpS
2000-02-29 : JVbAeXr
2004-05-25 : pFzTyDm
2010-07-09 : SsNzfTA
2016-10-25 : ApmHMvu
2024-04-11 : kvKhazF
2025-09-18 : FnTAyOV
2028-04-07 : OvFRYGt
2034-03-14 : BxWawce
L361: Cj3;print
1979-02-02 : mJrLAhV
2000-02-29 : JVbAeXr
2010-07-09 : SsNzfTA
2016-10-25 : ApmHMvu
2024-04-11 : kvKhazF
2025-09-18 : FnTAyOV
2028-04-07 : OvFRYGt
2034-03-14 : BxWawce
L362: Cg5;print
1979-02-15 : mJrLAhV
2000-03-13 : JVbAeXr
2010-07-22 : SsNzfTA
2016-11-07 : ApmHMvu
2024-04-24 : kvKhazF
2025-10-01 : FnTAyOV
2028-04-20 : OvFRYGt
2034-03-27 : BxWawce
L363: Cj5;print
1979-01-20 : mJrLAhV
1999-09-13 : HVQncXe
1999-09-13 : AzJLDTl
2000-01-28 : hnedOpS
2000-02-16 : JVbAeXr
2004-05-12 : pFzTyDm
2010-06-26 : SsNzfTA
2016-10-12 : ApmHMvu
2024-03-29 : kvKhazF
2025-09-05 : FnTAyOV
2028-03-25 : OvFRYGt
2034-03-01 : BxWawce
L364:Cg3;setdate(1, 1, 1900):1
L365:Cj3;setdate(1, 1, 1900):1
L366: Cg3;print
1979-02-02 : mJrLAhV
1999-09-26 : HVQncXe
1999-09-26 : AzJLDTl
2000-02-10 : hnedOpS
2000-02-29 : JVbAeXr
2004-05-25 : pFzTyDm
2010-07-09 : SsNzfTA
2016-10-25 : ApmHMvu
2024-04-11 : kvKhazF
2025-09-18 : FnTAyOV
2028-04-07 : OvFRYGt
2034-03-14 : BxWawce
L367: Cj3;print
1900-02-29 : pFzTyDm
1900-02-29 : AzJLDTl
1900-02-29 : hnedOpS
1900-02-29 : RpcvNXD
1979-02-02 : mJrLAhV
2000-02-29 : JVbAeXr
2010-07-09 : SsNzfTA
2016-10-25 : ApmHMvu
2024-04-11 : kvKhazF
2025-09-18 : FnTAyOV
2028-04-07 : OvFRYGt
2034-03-14 : BxWawce
L368: Cj5;print
1979-01-20 : mJrLAhV
1999-09-13 : HVQncXe
1999-09-13 : AzJLDTl
2000-01-28 : hnedOpS
2000-02-16 : JVbAeXr
2004-05-12 : pFzTyDm
2010-06-26 : SsNzfTA
2016-10-12 : ApmHMvu
2024-03-29 : kvKhazF
2025-09-05 : FnTAyOV
2028-03-25 : OvFRYGt
2034-03-01 : BxWawce
L369: Cg5;print
1979-02-15 : mJrLAhV
2000-03-13 : JVbAeXr
2010-07-22 : SsNzfTA
2016-11-07 : ApmHMvu
2024-04-24 : kvKhazF
2025-10-01 : FnTAyOV
2028-04-20 : OvFRYGt
2034-03-27 : BxWawce
L370:Cg3 deleted
L371:Cj3 deleted
L372:Cj5 deleted
L373:Cg5 deleted
L374:Cj6 created
L375:Cg6 created
L376:Cg6;setdate(23, 8, 2013):1
L377:Cj6;setdate(23, 8, 2013):1
L378:Cg6;add_event(CoyrTEm, 2, 2, 2028):1
L379:Cj6;add_event(CoyrTEm, 2, 2, 2028):1
L380:Cj6;setdate(21, 12, 2009):1
L381:Cg6;setdate(21, 12, 2009):1
L382:Cg6;add_event(YgJVZed, 8, 8):1
L383:Cj6;add_event(YgJVZed, 8, 8):1
L384:Cg6;setdate(16, 3, 2002):1
L385:Cj6;setdate(16, 3, 2002):1
L386:Cj6;add_event(yqcSrga, 5):1
L387:Cg6;add_event(yqcSrga, 5):1
L388:Cj6;setdate(9, 1, 1988):1
L389:Cg6;setdate(9, 1, 1988):1
L390:Cg6;add_event(yLlIJRC, 15, 12, 2037):1
L391:Cj6;add_event(yLlIJRC, 15, 12, 2037):1
L392:Cg6;setdate(28, 5, 2010):1
L393:Cj6;setdate(28, 5, 2010):1
L394:Cj6;add_event(nZBskmQ, 27, 4, 2014):1
L395:Cg6;add_event(nZBskmQ, 27, 4, 2014):1
L396:Cg6;setdate(8, 11, 1975):1
L397:Cj6;setdate(8, 11, 1975):1
L398:Cj6;add_event(ojzuMhn, 26, 9):1
L399:Cg6;add_event(ojzuMhn, 26, 9):1
L400:Cg6;setdate(24, 5, 2012):1
L401:Cj6;setdate(24, 5, 2012):1
L402:Cj6;add_event(fTbeRJi, 22, 3):1
L403:Cg6;add_event(fTbeRJi, 22, 3):1
L404:Cg6;setdate(13, 3, 1990):1
L405:Cj6;setdate(13, 3, 1990):1
L406:Cg6;add_event(rYDPsNE, 3, 6, 1993):1
L407:Cj6;add_event(rYDPsNE, 3, 6, 1993):1
L408:Cg6;setdate(17, 4, 2038):1
L409:Cj6;setdate(17, 4, 2038):1
L410:Cg6;add_event(iCLuszF, 18, 2):1
L411:Cj6;add_event(iCLuszF, 18, 2):1
L412:Cj6;setdate(1, 6, 1986):1
L413:Cg6;setdate(1, 6, 1986):1
L414:Cg6;add_event(ElDsAyf, 25):1
L415:Cj6;add_event(ElDsAyf, 25):1
L416:Cg6;setdate(21, 2, 1900):1
L417:Cj6;setdate(21, 2, 1900):1
L418:Cg6;add_event(yNkRpod, 29):0
L419:Cj6;add_event(yNkRpod, 29):1
L420:Cg6;setdate(29, 2, 1901):0
L421:Cj6;setdate(29, 2, 1901):0
L422:Cg6;add_event(jxyBeow):1
L423:Cj6;add_event(jxyBeow):1
L424:Cj6;setdate(17, 6, 2000):1
L425:Cg6;setdate(17, 6, 2000):1
L426:Cg6;add_event(IaNhonv, 29, 2):1
L427:Cj6;add_event(IaNhonv, 29, 2):1
L428:Cg6;setdate(29, 2, 1900):0
L429:Cj6;setdate(29, 2, 1900):1
L430:Cg6;add_event(spcxLNX):1
L431:Cj6;add_event(spcxLNX):1
L432:Cj6;setdate(16, 2, 1901):1
L433:Cg6;setdate(16, 2, 1901):1
L434:Cj6;add_event(DqWKbCu, 29):0
L435:Cg6;add_event(DqWKbCu, 29):0
L436:Cg6;setdate(6, 2, 2000):1
L437:Cj6;setdate(6, 2, 2000):1
L438:Cj6;add_event(rakizeb, 29):1
L439:Cg6;add_event(rakizeb, 29):1
L440:Cj6;setdate(29, 2, 1900):1
L441:Cg6;setdate(29, 2, 1900):0
L442:Cj6;add_event(CoUlTOb):1
L443:Cg6;add_event(CoUlTOb):1
L444:Cg6;setdate(18, 2, 1901):1
L445:Cj6;setdate(18, 2, 1901):1
L446:Cj6;add_event(usXcHoa, 29):0
L447:Cg6;add_event(usXcHoa, 29):0
L448:Cg6;setdate(29, 2, 2000):1
L449:Cj6;setdate(29, 2, 2000):1
L450:Cg6;add_event(pXBKUAC):1
L451:Cj6;add_event(pXBKUAC):1
L452:Cj6;setdate(28, 2, 2020):1
L453:Cg6;setdate(28, 2, 2020):1
L454:Cj6;add_event(bQxeFhS, 29, 2, 1900):1
L455:Cg6;add_event(bQxeFhS, 29, 2, 1900):0
L456:Cg6;setdate(16, 3, 1901):1
L457:Cj6;setdate(16, 3, 1901):1
L458:Cg6;add_event(gicldqH, 29, 2):0
L459:Cj6;add_event(gicldqH, 29, 2):0
L460:Cj6;setdate(2, 2, 2009):1
L461:Cg6;setdate(2, 2, 2009):1
L462:Cg6;add_event(KvIbegB, 29, 2, 2000):1
L463:Cj6;add_event(KvIbegB, 29, 2, 2000):1
L464:Cg6;setdate(1, 1, 1900):1
L465:Cj6;setdate(1, 1, 1900):1
L466:Cj6;setdate(29, 2, 1900):1
L467:Cg6;setdate(29, 2, 1900):0
L468:Cg7 created
L469:Cj7 created
L470:Cj7=Cx6
L471:Cg7=Cx6
L472: Cj6;print
1975-09-26 : ojzuMhn
1986-06-25 : ElDsAyf
1993-06-03 : rYDPsNE
2000-02-29 : IaNhonv
2000-02-29 : rakizeb
2000-02-29 : pXBKUAC
2000-02-29 : KvIbegB
2002-03-05 : yqcSrga
2009-08-08 : YgJVZed
2012-03-22 : fTbeRJi
2014-04-27 : nZBskmQ
2028-02-02 : CoyrTEm
2037-12-15 : yLlIJRC
2038-02-18 : iCLuszF
L473: Cg6;print
1900-02-21 : jxyBeow
1975-09-26 : ojzuMhn
1986-06-25 : ElDsAyf
1993-06-03 : rYDPsNE
2000-02-06 : CoUlTOb
2000-02-29 : IaNhonv
2000-02-29 : rakizeb
2000-02-29 : pXBKUAC
2000-02-29 : KvIbegB
2000-06-17 : spcxLNX
2002-03-05 : yqcSrga
2009-08-08 : YgJVZed
2012-03-22 : fTbeRJi
2014-04-27 : nZBskmQ
2028-02-02 : CoyrTEm
2037-12-15 : yLlIJRC
2038-02-18 : iCLuszF
L474: Cj7;print
1900-02-09 : jxyBeow
1975-09-13 : ojzuMhn
1986-06-12 : ElDsAyf
1993-05-21 : rYDPsNE
2000-01-24 : CoUlTOb
2000-02-16 : IaNhonv
2000-02-16 : rakizeb
2000-02-16 : pXBKUAC
2000-02-16 : KvIbegB
2000-06-04 : spcxLNX
2002-02-20 : yqcSrga
2009-07-26 : YgJVZed
2012-03-09 : fTbeRJi
2014-04-14 : nZBskmQ
2028-01-20 : CoyrTEm
2037-12-02 : yLlIJRC
2038-02-05 : iCLuszF
L475: Cg7;print
1975-10-09 : ojzuMhn
1986-07-08 : ElDsAyf
1993-06-16 : rYDPsNE
2000-03-13 : IaNhonv
2000-03-13 : rakizeb
2000-03-13 : pXBKUAC
2000-03-13 : KvIbegB
2002-03-18 : yqcSrga
2009-08-21 : YgJVZed
2012-04-04 : fTbeRJi
2014-05-10 : nZBskmQ
2028-02-15 : CoyrTEm
2037-12-28 : yLlIJRC
2038-03-03 : iCLuszF
L476:Cj6;setdate(1, 1, 1900):1
L477:Cg6;setdate(1, 1, 1900):1
L478: Cj6;print
1900-02-21 : jxyBeow
1900-02-29 : yNkRpod
1900-02-29 : spcxLNX
1900-02-29 : CoUlTOb
1900-02-29 : bQxeFhS
1975-09-26 : ojzuMhn
1986-06-25 : ElDsAyf
1993-06-03 : rYDPsNE
2000-02-29 : IaNhonv
2000-02-29 : rakizeb
2000-02-29 : pXBKUAC
2000-02-29 : KvIbegB
2002-03-05 : yqcSrga
2009-08-08 : YgJVZed
2012-03-22 : fTbeRJi
2014-04-27 : nZBskmQ
2028-02-02 : CoyrTEm
2037-12-15 : yLlIJRC
2038-02-18 : iCLuszF
L479: Cg6;print
1900-02-21 : jxyBeow
1975-09-26 : ojzuMhn
1986-06-25 : ElDsAyf
1993-06-03 : rYDPsNE
2000-02-06 : CoUlTOb
2000-02-29 : IaNhonv
2000-02-29 : rakizeb
2000-02-29 : pXBKUAC
2000-02-29 : KvIbegB
2000-06-17 : spcxLNX
2002-03-05 : yqcSrga
2009-08-08 : YgJVZed
2012-03-22 : fTbeRJi
2014-04-27 : nZBskmQ
2028-02-02 : CoyrTEm
2037-12-15 : yLlIJRC
2038-02-18 : iCLuszF
L480: Cj7;print
1900-02-09 : jxyBeow
1975-09-13 : ojzuMhn
1986-06-12 : ElDsAyf
1993-05-21 : rYDPsNE
2000-01-24 : CoUlTOb
2000-02-16 : IaNhonv
2000-02-16 : rakizeb
2000-02-16 : pXBKUAC
2000-02-16 : KvIbegB
2000-06-04 : spcxLNX
2002-02-20 : yqcSrga
2009-07-26 : YgJVZed
2012-03-09 : fTbeRJi
2014-04-14 : nZBskmQ
2028-01-20 : CoyrTEm
2037-12-02 : yLlIJRC
2038-02-05 : iCLuszF
L481: Cg7;print
1975-10-09 : ojzuMhn
1986-07-08 : ElDsAyf
1993-06-16 : rYDPsNE
2000-03-13 : IaNhonv
2000-03-13 : rakizeb
2000-03-13 : pXBKUAC
2000-03-13 : KvIbegB
2002-03-18 : yqcSrga
2009-08-21 : YgJVZed
2012-04-04 : fTbeRJi
2014-05-10 : nZBskmQ
2028-02-15 : CoyrTEm
2037-12-28 : yLlIJRC
2038-03-03 : iCLuszF
L482:Cg7 deleted
L483:Cj7 deleted
L484:Cg6;setdate(15, 6, 2033):1
L485:Cj6;setdate(15, 6, 2033):1
L486:Cj6;remove_event(bIirNoL, 12):0
L487:Cg6;remove_event(bIirNoL, 12):0
L488:Cg6;setdate(5, 9, 2026):1
L489:Cj6;setdate(5, 9, 2026):1
L490:Cj6;remove_event(TcaOMjt, 6):0
L491:Cg6;remove_event(TcaOMjt, 6):0
L492:Cg6;setdate(5, 5, 2005):1
L493:Cj6;setdate(5, 5, 2005):1
L494:Cj6;remove_event(MehKmfv, 7, 1, 2015):0
L495:Cg6;remove_event(MehKmfv, 7, 1, 2015):0
L496:Cj6;setdate(17, 12, 1989):1
L497:Cg6;setdate(17, 12, 1989):1
L498:Cg6;remove_event(VCyZUao, 29, 2, 2000):0
L499:Cj6;remove_event(VCyZUao, 29, 2, 2000):0
L500:Cg6;setdate(24, 11, 1900):1
L501:Cj6;setdate(24, 11, 1900):1
L502:Cg6;remove_event(xRvlzsM, 29, 2):0
L503:Cj6;remove_event(xRvlzsM, 29, 2):0
L504:Cj6;setdate(11, 2, 1993):1
L505:Cg6;setdate(11, 2, 1993):1
L506:Cg6;remove_event(uPTlnpL, 29, 2, 2000):0
L507:Cj6;remove_event(uPTlnpL, 29, 2, 2000):0
L508:Cj6;setdate(14, 2, 1901):1
L509:Cg6;setdate(14, 2, 1901):1
L510:Cj6;remove_event(rtnTMlx, 29):0
L511:Cg6;remove_event(rtnTMlx, 29):0
L512:Cj6;setdate(5, 9, 2009):1
L513:Cg6;setdate(5, 9, 2009):1
L514:Cj6;remove_event(mfWkgot, 29, 2, 2000):0
L515:Cg6;remove_event(mfWkgot, 29, 2, 2000):0
L516:Cj6;setdate(2, 7, 1978):1
L517:Cg6;setdate(2, 7, 1978):1
L518:Cg6;remove_event(duYzSLi, 25, 1, 1971):0
L519:Cj6;remove_event(duYzSLi, 25, 1, 1971):0
L520:Cj6;setdate(26, 9, 2012):1
L521:Cg6;setdate(26, 9, 2012):1
L522:Cj6;remove_event(zGQXylS, 24, 10):0
L523:Cg6;remove_event(zGQXylS, 24, 10):0
L524:Cg6;setdate(22, 5, 2004):1
L525:Cj6;setdate(22, 5, 2004):1
L526:Cj6;remove_event(rHOsDYk, 25):0
L527:Cg6;remove_event(rHOsDYk, 25):0
L528:Cg6;setdate(12, 2, 1901):1
L529:Cj6;setdate(12, 2, 1901):1
L530:Cg6;remove_event(ySBrAng, 29):0
L531:Cj6;remove_event(ySBrAng, 29):0
L532:Cg6;setdate(5, 1, 2000):1
L533:Cj6;setdate(5, 1, 2000):1
L534:Cg6;remove_event(NpZVjgC, 29, 2):0
L535:Cj6;remove_event(NpZVjgC, 29, 2):0
L536:Cg6;setdate(12, 9, 1993):1
L537:Cj6;setdate(12, 9, 1993):1
L538:Cg6;remove_event(HVQncXe, 29, 2, 1900):0
L539:Cj6;remove_event(HVQncXe, 29, 2, 1900):0
L540:Cj6;setdate(24, 11, 1901):1
L541:Cg6;setdate(24, 11, 1901):1
L542:Cg6;remove_event(AzJLDTl, 29, 2):0
L543:Cj6;remove_event(AzJLDTl, 29, 2):0
L544:Cg6;setdate(6, 4, 1990):1
L545:Cj6;setdate(6, 4, 1990):1
L546:Cj6;remove_event(wxHekfz, 29, 2, 1901):0
L547:Cg6;remove_event(wxHekfz, 29, 2, 1901):0
L548:Cg6;setdate(17, 2, 2000):1
L549:Cj6;setdate(17, 2, 2000):1
L550:Cg6;remove_event(OAltbWj, 29):0
L551:Cj6;remove_event(OAltbWj, 29):0
L552:Cg6;setdate(19, 2, 1901):1
L553:Cj6;setdate(19, 2, 1901):1
L554:Cj6;remove_event(rqIMSYc, 29, 2):0
L555:Cg6;remove_event(rqIMSYc, 29, 2):0
L556:Cg6;setdate(29, 2, 2000):1
L557:Cj6;setdate(29, 2, 2000):1
L558:Cg6;remove_event(GiVXzqw):0
L559:Cj6;remove_event(GiVXzqw):0
L560:Cg6;setdate(2, 2, 2028):1
L561:Cj6;setdate(2, 2, 2028):1
L562:Cg6;remove_event(CoyrTEm):1
L563:Cj6;remove_event(CoyrTEm):1
L564:Cj6;setdate(10, 12, 2037):1
L565:Cg6;setdate(10, 12, 2037):1
L566:Cg6;remove_event(yLlIJRC, 15):1
L567:Cj6;remove_event(yLlIJRC, 15):1
L568:Cg6;setdate(26, 9, 1975):1
L569:Cj6;setdate(26, 9, 1975):1
L570:Cj6;remove_event(ojzuMhn):1
L571:Cg6;remove_event(ojzuMhn):1
L572:Cg6;setdate(26, 7, 2007):1
L573:Cj6;setdate(26, 7, 2007):1
L574:Cj6;remove_event(fTbeRJi, 22, 3, 2012):1
L575:Cg6;remove_event(fTbeRJi, 22, 3, 2012):1
L576:Cg6;setdate(15, 6, 1993):1
L577:Cj6;setdate(15, 6, 1993):1
L578:Cg6;remove_event(rYDPsNE, 3):1
L579:Cj6;remove_event(rYDPsNE, 3):1
L580:Cj6;setdate(11, 7, 2038):1
L581:Cg6;setdate(11, 7, 2038):1
L582:Cg6;remove_event(iCLuszF, 18, 2):1
L583:Cj6;remove_event(iCLuszF, 18, 2):1
L584:Cg6;setdate(29, 2, 1901):0
L585:Cj6;setdate(29, 2, 1901):0
L586:Cg6;remove_event(jxyBeow):0
L587:Cj6;remove_event(jxyBeow):0
L588:Cg6;setdate(29, 2, 2000):1
L589:Cj6;setdate(29, 2, 2000):1
L590:Cg6;remove_event(IaNhonv):1
L591:Cj6;remove_event(IaNhonv):1
L592:Cj6;setdate(20, 4, 1901):1
L593:Cg6;setdate(20, 4, 1901):1
L594:Cg6;remove_event(DqWKbCu, 29, 2):0
L595:Cj6;remove_event(DqWKbCu, 29, 2):0
L596:Cj6;setdate(19, 2, 2000):1
L597:Cg6;setdate(19, 2, 2000):1
L598:Cj6;remove_event(rakizeb, 29):1
L599:Cg6;remove_event(rakizeb, 29):1
L600:Cj6;setdate(23, 2, 2024):1
L601:Cg6;setdate(23, 2, 2024):1
L602:Cj6;remove_event(pXBKUAC, 29, 2, 2000):1
L603:Cg6;remove_event(pXBKUAC, 29, 2, 2000):1
L604:Cj6;setdate(27, 3, 1901):1
L605:Cg6;setdate(27, 3, 1901):1
L606:Cj6;remove_event(gicldqH, 29, 2):0
L607:Cg6;remove_event(gicldqH, 29, 2):0
L608:Cg6;setdate(26, 8, 2035):1
L609:Cj6;setdate(26, 8, 2035):1
L610:Cj6;remove_event(KvIbegB, 29, 2, 2000):1
L611:Cg6;remove_event(KvIbegB, 29, 2, 2000):1
L612:Cj6;setdate(1, 1, 1900):1
L613:Cg6;setdate(1, 1, 1900):1
L614:Cg6;setdate(29, 2, 1900):0
L615:Cj6;setdate(29, 2, 1900):1
L616:Cg8 created
L617:Cj8 created
L618:Cg8=Cx6
L619:Cj8=Cx6
L620: Cg6;print
1900-02-21 : jxyBeow
1986-06-25 : ElDsAyf
2000-02-06 : CoUlTOb
2000-06-17 : spcxLNX
2002-03-05 : yqcSrga
2009-08-08 : YgJVZed
2014-04-27 : nZBskmQ
L621: Cj6;print
1986-06-25 : ElDsAyf
2002-03-05 : yqcSrga
2009-08-08 : YgJVZed
2014-04-27 : nZBskmQ
L622: Cj8;print
1900-02-09 : jxyBeow
1986-06-12 : ElDsAyf
2000-01-24 : CoUlTOb
2000-06-04 : spcxLNX
2002-02-20 : yqcSrga
2009-07-26 : YgJVZed
2014-04-14 : nZBskmQ
L623: Cg8;print
1986-07-08 : ElDsAyf
2002-03-18 : yqcSrga
2009-08-21 : YgJVZed
2014-05-10 : nZBskmQ
L624:Cj6;setdate(1, 1, 1900):1
L625:Cg6;setdate(1, 1, 1900):1
L626: Cj6;print
1900-02-21 : jxyBeow
1900-02-29 : yNkRpod
1900-02-29 : spcxLNX
1900-02-29 : CoUlTOb
1900-02-29 : bQxeFhS
1986-06-25 : ElDsAyf
2002-03-05 : yqcSrga
2009-08-08 : YgJVZed
2014-04-27 : nZBskmQ
L627: Cg6;print
1900-02-21 : jxyBeow
1986-06-25 : ElDsAyf
2000-02-06 : CoUlTOb
2000-06-17 : spcxLNX
2002-03-05 : yqcSrga
2009-08-08 : YgJVZed
2014-04-27 : nZBskmQ
L628: Cg8;print
1986-07-08 : ElDsAyf
2002-03-18 : yqcSrga
2009-08-21 : YgJVZed
2014-05-10 : nZBskmQ
L629: Cj8;print
1900-02-09 : jxyBeow
1986-06-12 : ElDsAyf
2000-01-24 : CoUlTOb
2000-06-04 : spcxLNX
2002-02-20 : yqcSrga
2009-07-26 : YgJVZed
2014-04-14 : nZBskmQ
L630:Cg6 deleted
L631:Cj6 deleted
L632:Cj8 deleted
L633:Cg8 deleted
L634:Cg9 created
L635:Cj9 created
L636:Cg9;setdate(15, 10, 2036):1
L637:Cj9;setdate(15, 10, 2036):1
L638:Cj9;add_event(qcsvuCm, 26, 5, 2020):1
L639:Cg9;add_event(qcsvuCm, 26, 5, 2020):1
L640:Cg9;setdate(13, 10, 1999):1
L641:Cj9;setdate(13, 10, 1999):1
L642:Cj9;add_event(wovLGcb, 4, 6, 1994):1
L643:Cg9;add_event(wovLGcb, 4, 6, 1994):1
L644:Cj9;setdate(11, 3, 1979):1
L645:Cg9;setdate(11, 3, 1979):1
L646:Cg9;add_event(wDQcOTy, 23, 11, 2017):1
L647:Cj9;add_event(wDQcOTy, 23, 11, 2017):1
L648:Cj9;setdate(1, 12, 2007):1
L649:Cg9;setdate(1, 12, 2007):1
L650:Cg9;add_event(pWfyhau, 16, 11):1
L651:Cj9;add_event(pWfyhau, 16, 11):1
L652:Cj9;setdate(9, 3, 2009):1
L653:Cg9;setdate(9, 3, 2009):1
L654:Cj9;add_event(XMIsKEW):1
L655:Cg9;add_event(XMIsKEW):1
L656:Cj9;setdate(20, 2, 1994):1
L657:Cg9;setdate(20, 2, 1994):1
L658:Cj9;add_event(CQimTjd, 18):1
L659:Cg9;add_event(CQimTjd, 18):1
L660:Cj9;setdate(18, 6, 2030):1
L661:Cg9;setdate(18, 6, 2030):1
L662:Cg9;add_event(sAbjdpr, 1, 11, 2004):1
L663:Cj9;add_event(sAbjdpr, 1, 11, 2004):1
L664:Cj9;setdate(7, 2, 2032):1
L665:Cg9;setdate(7, 2, 2032):1
L666:Cj9;add_event(ESDqGxv, 25):1
L667:Cg9;add_event(ESDqGxv, 25):1
L668:Cg9;setdate(24, 10, 1981):1
L669:Cj9;setdate(24, 10, 1981):1
L670:Cj9;add_event(XAydzDs, 3):1
L671:Cg9;add_event(XAydzDs, 3):1
L672:Cg9;setdate(12, 3, 2014):1
L673:Cj9;setdate(12, 3, 2014):1
L674:Cg9;add_event(vqnOdlg, 24, 12, 1975):1
L675:Cj9;add_event(vqnOdlg, 24, 12, 1975):1
L676:Cg9;setdate(9, 6, 1900):1
L677:Cj9;setdate(9, 6, 1900):1
L678:Cj9;add_event(wlrAcVI, 29, 2):1
L679:Cg9;add_event(wlrAcVI, 29, 2):0
L680:Cj9;setdate(4, 11, 1901):1
L681:Cg9;setdate(4, 11, 1901):1
L682:Cg9;add_event(fixDZaI, 29, 2):0
L683:Cj9;add_event(fixDZaI, 29, 2):0
L684:Cj9;setdate(29, 2, 2000):1
L685:Cg9;setdate(29, 2, 2000):1
L686:Cj9;add_event(WdfiCNQ):1
L687:Cg9;add_event(WdfiCNQ):1
L688:Cg9;setdate(25, 8, 1900):1
L689:Cj9;setdate(25, 8, 1900):1
L690:Cj9;add_event(JihoEMz, 29, 2):1
L691:Cg9;add_event(JihoEMz, 29, 2):0
L692:Cj9;setdate(29, 2, 1901):0
L693:Cg9;setdate(29, 2, 1901):0
L694:Cj9;add_event(JQFqLgb):1
L695:Cg9;add_event(JQFqLgb):1
L696:Cj9;setdate(9, 2, 2000):1
L697:Cg9;setdate(9, 2, 2000):1
L698:Cg9;add_event(aSOQtuJ, 29):1
L699:Cj9;add_event(aSOQtuJ, 29):1
L700:Cg9;setdate(26, 2, 1900):1
L701:Cj9;setdate(26, 2, 1900):1
L702:Cg9;add_event(fdLMhZE, 29):0
L703:Cj9;add_event(fdLMhZE, 29):1
L704:Cj9;setdate(29, 2, 1901):0
L705:Cg9;setdate(29, 2, 1901):0
L706:Cj9;add_event(NBAUOax):1
L707:Cg9;add_event(NBAUOax):1
L708:Cg9;setdate(4, 7, 2000):1
L709:Cj9;setdate(4, 7, 2000):1
L710:Cg9;add_event(DPCOmnk, 29, 2):1
L711:Cj9;add_event(DPCOmnk, 29, 2):1
L712:Cg9;setdate(21, 2, 1900):1
L713:Cj9;setdate(21, 2, 1900):1
L714:Cg9;add_event(RGIOwvJ, 29):0
L715:Cj9;add_event(RGIOwvJ, 29):1
L716:Cg9;setdate(6, 3, 1901):1
L717:Cj9;setdate(6, 3, 1901):1
L718:Cg9;add_event(yjWiLZc, 29, 2):0
L719:Cj9;add_event(yjWiLZc, 29, 2):0
L720:Cg9;setdate(23, 2, 2000):1
L721:Cj9;setdate(23, 2, 2000):1
L722:Cg9;add_event(XWfcUzJ, 29):1
L723:Cj9;add_event(XWfcUzJ, 29):1
L724:Cg9;setdate(1, 1, 1900):1
L725:Cj9;setdate(1, 1, 1900):1
L726:Cg9;setdate(29, 2, 1900):0
L727:Cj9;setdate(29, 2, 1900):1
L728:Cg10 created
L729:Cj10 created
L730:Cg10=Cx9
L731:Cj10=Cx9
L732: Cj9;print
1900-08-25 : JQFqLgb
1975-12-24 : vqnOdlg
1981-10-03 : XAydzDs
1994-02-18 : CQimTjd
1994-06-04 : wovLGcb
2000-02-29 : WdfiCNQ
2000-02-29 : aSOQtuJ
2000-02-29 : DPCOmnk
2000-02-29 : XWfcUzJ
2004-11-01 : sAbjdpr
2007-11-16 : pWfyhau
2009-03-09 : XMIsKEW
2017-11-23 : wDQcOTy
2020-05-26 : qcsvuCm
2032-02-25 : ESDqGxv
L733: Cg9;print
1900-02-26 : NBAUOax
1900-08-25 : JQFqLgb
1975-12-24 : vqnOdlg
1981-10-03 : XAydzDs
1994-02-18 : CQimTjd
1994-06-04 : wovLGcb
2000-02-29 : WdfiCNQ
2000-02-29 : aSOQtuJ
2000-02-29 : DPCOmnk
2000-02-29 : XWfcUzJ
2004-11-01 : sAbjdpr
2007-11-16 : pWfyhau
2009-03-09 : XMIsKEW
2017-11-23 : wDQcOTy
2020-05-26 : qcsvuCm
2032-02-25 : ESDqGxv
L734: Cj10;print
1900-02-14 : NBAUOax
1900-08-12 : JQFqLgb
1975-12-11 : vqnOdlg
1981-09-20 : XAydzDs
1994-02-05 : CQimTjd
1994-05-22 : wovLGcb
2000-02-16 : WdfiCNQ
2000-02-16 : aSOQtuJ
2000-02-16 : DPCOmnk
2000-02-16 : XWfcUzJ
2004-10-19 : sAbjdpr
2007-11-03 : pWfyhau
2009-02-24 : XMIsKEW
2017-11-10 : wDQcOTy
2020-05-13 : qcsvuCm
2032-02-12 : ESDqGxv
L735: Cg10;print
1900-09-07 : JQFqLgb
1976-01-06 : vqnOdlg
1981-10-16 : XAydzDs
1994-03-03 : CQimTjd
1994-06-17 : wovLGcb
2000-03-13 : WdfiCNQ
2000-03-13 : aSOQtuJ
2000-03-13 : DPCOmnk
2000-03-13 : XWfcUzJ
2004-11-14 : sAbjdpr
2007-11-29 : pWfyhau
2009-03-22 : XMIsKEW
2017-12-06 : wDQcOTy
2020-06-08 : qcsvuCm
2032-03-09 : ESDqGxv
L736:Cg9;setdate(1, 1, 1900):1
L737:Cj9;setdate(1, 1, 1900):1
L738: Cj9;print
1900-02-26 : NBAUOax
1900-02-29 : wlrAcVI
1900-02-29 : JihoEMz
1900-02-29 : fdLMhZE
1900-02-29 : RGIOwvJ
1900-08-25 : JQFqLgb
1975-12-24 : vqnOdlg
1981-10-03 : XAydzDs
1994-02-18 : CQimTjd
1994-06-04 : wovLGcb
2000-02-29 : WdfiCNQ
2000-02-29 : aSOQtuJ
2000-02-29 : DPCOmnk
2000-02-29 : XWfcUzJ
2004-11-01 : sAbjdpr
2007-11-16 : pWfyhau
2009-03-09 : XMIsKEW
2017-11-23 : wDQcOTy
2020-05-26 : qcsvuCm
2032-02-25 : ESDqGxv
L739: Cg9;print
1900-02-26 : NBAUOax
1900-08-25 : JQFqLgb
1975-12-24 : vqnOdlg
1981-10-03 : XAydzDs
1994-02-18 : CQimTjd
1994-06-04 : wovLGcb
2000-02-29 : WdfiCNQ
2000-02-29 : aSOQtuJ
2000-02-29 : DPCOmnk
2000-02-29 : XWfcUzJ
2004-11-01 : sAbjdpr
2007-11-16 : pWfyhau
2009-03-09 : XMIsKEW
2017-11-23 : wDQcOTy
2020-05-26 : qcsvuCm
2032-02-25 : ESDqGxv
L740: Cj10;print
1900-02-14 : NBAUOax
1900-08-12 : JQFqLgb
1975-12-11 : vqnOdlg
1981-09-20 : XAydzDs
1994-02-05 : CQimTjd
1994-05-22 : wovLGcb
2000-02-16 : WdfiCNQ
2000-02-16 : aSOQtuJ
2000-02-16 : DPCOmnk
2000-02-16 : XWfcUzJ
2004-10-19 : sAbjdpr
2007-11-03 : pWfyhau
2009-02-24 : XMIsKEW
2017-11-10 : wDQcOTy
2020-05-13 : qcsvuCm
2032-02-12 : ESDqGxv
L741: Cg10;print
1900-09-07 : JQFqLgb
1976-01-06 : vqnOdlg
1981-10-16 : XAydzDs
1994-03-03 : CQimTjd
1994-06-17 : wovLGcb
2000-03-13 : WdfiCNQ
2000-03-13 : aSOQtuJ
2000-03-13 : DPCOmnk
2000-03-13 : XWfcUzJ
2004-11-14 : sAbjdpr
2007-11-29 : pWfyhau
2009-03-22 : XMIsKEW
2017-12-06 : wDQcOTy
2020-06-08 : qcsvuCm
2032-03-09 : ESDqGxv
L742:Cj10 deleted
L743:Cg10 deleted
L744:Cg9;setdate(2, 2, 2033):1
L745:Cj9;setdate(2, 2, 2033):1
L746:Cg9;remove_event(bIirNoL, 12, 6):0
L747:Cj9;remove_event(bIirNoL, 12, 6):0
L748:Cg9;setdate(6, 12, 2026):1
L749:Cj9;setdate(6, 12, 2026):1
L750:Cg9;remove_event(TcaOMjt, 6, 9):0
L751:Cj9;remove_event(TcaOMjt, 6, 9):0
L752:Cg9;setdate(11, 9, 2015):1
L753:Cj9;setdate(11, 9, 2015):1
L754:Cg9;remove_event(MehKmfv, 7, 1):0
L755:Cj9;remove_event(MehKmfv, 7, 1):0
L756:Cg9;setdate(13, 6, 2000):1
L757:Cj9;setdate(13, 6, 2000):1
L758:Cg9;remove_event(VCyZUao, 29, 2):0
L759:Cj9;remove_event(VCyZUao, 29, 2):0
L760:Cg9;setdate(25, 5, 2037):1
L761:Cj9;setdate(25, 5, 2037):1
L762:Cg9;remove_event(xRvlzsM, 29, 2, 1900):0
L763:Cj9;remove_event(xRvlzsM, 29, 2, 1900):0
L764:Cj9;setdate(27, 2, 2000):1
L765:Cg9;setdate(27, 2, 2000):1
L766:Cg9;remove_event(uPTlnpL, 29):0
L767:Cj9;remove_event(uPTlnpL, 29):0
L768:Cj9;setdate(7, 2, 1901):1
L769:Cg9;setdate(7, 2, 1901):1
L770:Cj9;remove_event(rtnTMlx, 29):0
L771:Cg9;remove_event(rtnTMlx, 29):0
L772:Cg9;setdate(26, 2, 2000):1
L773:Cj9;setdate(26, 2, 2000):1
L774:Cj9;remove_event(mfWkgot, 29):0
L775:Cg9;remove_event(mfWkgot, 29):0
L776:Cg9;setdate(25, 6, 1971):1
L777:Cj9;setdate(25, 6, 1971):1
L778:Cj9;remove_event(duYzSLi, 25, 1):0
L779:Cg9;remove_event(duYzSLi, 25, 1):0
L780:Cg9;setdate(27, 10, 2012):1
L781:Cj9;setdate(27, 10, 2012):1
L782:Cj9;remove_event(zGQXylS, 24):0
L783:Cg9;remove_event(zGQXylS, 24):0
L784:Cj9;setdate(6, 6, 2038):1
L785:Cg9;setdate(6, 6, 2038):1
L786:Cj9;remove_event(rHOsDYk, 25, 5, 2004):0
L787:Cg9;remove_event(rHOsDYk, 25, 5, 2004):0
L788:Cj9;setdate(29, 2, 1901):0
L789:Cg9;setdate(29, 2, 1901):0
L790:Cj9;remove_event(ySBrAng):0
L791:Cg9;remove_event(ySBrAng):0
L792:Cg9;setdate(24, 7, 1988):1
L793:Cj9;setdate(24, 7, 1988):1
L794:Cg9;remove_event(NpZVjgC, 29, 2, 2000):0
L795:Cj9;remove_event(NpZVjgC, 29, 2, 2000):0
L796:Cg9;setdate(28, 11, 2031):1
L797:Cj9;setdate(28, 11, 2031):1
L798:Cj9;remove_event(HVQncXe, 29, 2, 1900):0
L799:Cg9;remove_event(HVQncXe, 29, 2, 1900):0
L800:Cj9;setdate(23, 6, 2010):1
L801:Cg9;setdate(23, 6, 2010):1
L802:Cg9;remove_event(AzJLDTl, 29, 2, 1901):0
L803:Cj9;remove_event(AzJLDTl, 29, 2, 1901):0
L804:Cj9;setdate(29, 2, 1901):0
L805:Cg9;setdate(29, 2, 1901):0
L806:Cj9;remove_event(wxHekfz):0
L807:Cg9;remove_event(wxHekfz):0
L808:Cj9;setdate(12, 2, 2000):1
L809:Cg9;setdate(12, 2, 2000):1
L810:Cg9;remove_event(OAltbWj, 29):0
L811:Cj9;remove_event(OAltbWj, 29):0
L812:Cg9;setdate(4, 11, 1901):1
L813:Cj9;setdate(4, 11, 1901):1
L814:Cj9;remove_event(rqIMSYc, 29, 2):0
L815:Cg9;remove_event(rqIMSYc, 29, 2):0
L816:Cg9;setdate(12, 2, 2000):1
L817:Cj9;setdate(12, 2, 2000):1
L818:Cg9;remove_event(GiVXzqw, 29):0
L819:Cj9;remove_event(GiVXzqw, 29):0
L820:Cg9;setdate(4, 2, 2019):1
L821:Cj9;setdate(4, 2, 2019):1
L822:Cg9;remove_event(CoyrTEm, 2, 2, 2028):0
L823:Cj9;remove_event(CoyrTEm, 2, 2, 2028):0
L824:Cj9;setdate(12, 12, 2037):1
L825:Cg9;setdate(12, 12, 2037):1
L826:Cg9;remove_event(yLlIJRC, 15):0
L827:Cj9;remove_event(yLlIJRC, 15):0
L828:Cg9;setdate(15, 1, 2017):1
L829:Cj9;setdate(15, 1, 2017):1
L830:Cj9;remove_event(ojzuMhn, 26, 9, 1975):0
L831:Cg9;remove_event(ojzuMhn, 26, 9, 1975):0
L832:Cg9;setdate(13, 4, 2007):1
L833:Cj9;setdate(13, 4, 2007):1
L834:Cj9;remove_event(fTbeRJi, 22, 3, 2012):0
L835:Cg9;remove_event(fTbeRJi, 22, 3, 2012):0
L836:Cj9;setdate(19, 6, 1993):1
L837:Cg9;setdate(19, 6, 1993):1
L838:Cj9;remove_event(rYDPsNE, 3):0
L839:Cg9;remove_event(rYDPsNE, 3):0
L840:Cg9;setdate(4, 2, 2038):1
L841:Cj9;setdate(4, 2, 2038):1
L842:Cg9;remove_event(iCLuszF, 18):0
L843:Cj9;remove_event(iCLuszF, 18):0
L844:Cg9;setdate(4, 8, 1901):1
L845:Cj9;setdate(4, 8, 1901):1
L846:Cj9;remove_event(jxyBeow, 29, 2):0
L847:Cg9;remove_event(jxyBeow, 29, 2):0
L848:Cj9;setdate(13, 8, 2000):1
L849:Cg9;setdate(13, 8, 2000):1
L850:Cj9;remove_event(IaNhonv, 29, 2):0
L851:Cg9;remove_event(IaNhonv, 29, 2):0
L852:Cj9;setdate(14, 9, 2025):1
L853:Cg9;setdate(14, 9, 2025):1
L854:Cj9;remove_event(DqWKbCu, 29, 2, 1901):0
L855:Cg9;remove_event(DqWKbCu, 29, 2, 1901):0
L856:Cj9;setdate(15, 5, 2000):1
L857:Cg9;setdate(15, 5, 2000):1
L858:Cg9;remove_event(rakizeb, 29, 2):0
L859:Cj9;remove_event(rakizeb, 29, 2):0
L860:Cj9;setdate(29, 2, 2000):1
L861:Cg9;setdate(29, 2, 2000):1
L862:Cg9;remove_event(pXBKUAC):0
L863:Cj9;remove_event(pXBKUAC):0
L864:Cj9;setdate(13, 4, 1990):1
L865:Cg9;setdate(13, 4, 1990):1
L866:Cj9;remove_event(gicldqH, 29, 2, 1901):0
L867:Cg9;remove_event(gicldqH, 29, 2, 1901):0
L868:Cj9;setdate(29, 2, 2000):1
L869:Cg9;setdate(29, 2, 2000):1
L870:Cg9;remove_event(KvIbegB):0
L871:Cj9;remove_event(KvIbegB):0
L872:Cj9;setdate(19, 11, 2017):1
L873:Cg9;setdate(19, 11, 2017):1
L874:Cj9;remove_event(wDQcOTy, 23):1
L875:Cg9;remove_event(wDQcOTy, 23):1
L876:Cg9;setdate(16, 11, 2007):1
L877:Cj9;setdate(16, 11, 2007):1
L878:Cg9;remove_event(pWfyhau):1
L879:Cj9;remove_event(pWfyhau):1
L880:Cg9;setdate(24, 3, 1973):1
L881:Cj9;setdate(24, 3, 1973):1
L882:Cj9;remove_event(XMIsKEW, 9, 3, 2009):1
L883:Cg9;remove_event(XMIsKEW, 9, 3, 2009):1
L884:Cg9;setdate(25, 2, 2032):1
L885:Cj9;setdate(25, 2, 2032):1
L886:Cj9;remove_event(ESDqGxv):1
L887:Cg9;remove_event(ESDqGxv):1
L888:Cg9;setdate(3, 10, 1981):1
L889:Cj9;setdate(3, 10, 1981):1
L890:Cg9;remove_event(XAydzDs):1
L891:Cj9;remove_event(XAydzDs):1
L892:Cj9;setdate(2, 5, 2012):1
L893:Cg9;setdate(2, 5, 2012):1
L894:Cj9;remove_event(vqnOdlg, 24, 12, 1975):1
L895:Cg9;remove_event(vqnOdlg, 24, 12, 1975):1
L896:Cg9;setdate(11, 2, 2000):1
L897:Cj9;setdate(11, 2, 2000):1
L898:Cj9;remove_event(aSOQtuJ, 29):1
L899:Cg9;remove_event(aSOQtuJ, 29):1
L900:Cg9;setdate(1, 2, 1901):1
L901:Cj9;setdate(1, 2, 1901):1
L902:Cj9;remove_event(NBAUOax, 29):0
L903:Cg9;remove_event(NBAUOax, 29):0
L904:Cg9;setdate(15, 8, 1901):1
L905:Cj9;setdate(15, 8, 1901):1
L906:Cj9;remove_event(yjWiLZc, 29, 2):0
L907:Cg9;remove_event(yjWiLZc, 29, 2):0
L908:Cg9;setdate(1, 1, 1900):1
L909:Cj9;setdate(1, 1, 1900):1
L910:Cg9;setdate(29, 2, 1900):0
L911:Cj9;setdate(29, 2, 1900):1
L912:Cj11 created
L913:Cg11 created
L914:Cg11=Cx9
L915:Cj11=Cx9
L916: Cj9;print
1900-08-25 : JQFqLgb
1994-02-18 : CQimTjd
1994-06-04 : wovLGcb
2000-02-29 : WdfiCNQ
2000-02-29 : DPCOmnk
2000-02-29 : XWfcUzJ
2004-11-01 : sAbjdpr
2020-05-26 : qcsvuCm
L917: Cg9;print
1900-02-26 : NBAUOax
1900-08-25 : JQFqLgb
1994-02-18 : CQimTjd
1994-06-04 : wovLGcb
2000-02-29 : WdfiCNQ
2000-02-29 : DPCOmnk
2000-02-29 : XWfcUzJ
2004-11-01 : sAbjdpr
2020-05-26 : qcsvuCm
L918: Cj11;print
1900-02-14 : NBAUOax
1900-08-12 : JQFqLgb
1994-02-05 : CQimTjd
1994-05-22 : wovLGcb
2000-02-16 : WdfiCNQ
2000-02-16 : DPCOmnk
2000-02-16 : XWfcUzJ
2004-10-19 : sAbjdpr
2020-05-13 : qcsvuCm
L919: Cg11;print
1900-09-07 : JQFqLgb
1994-03-03 : CQimTjd
1994-06-17 : wovLGcb
2000-03-13 : WdfiCNQ
2000-03-13 : DPCOmnk
2000-03-13 : XWfcUzJ
2004-11-14 : sAbjdpr
2020-06-08 : qcsvuCm
L920:Cj9;setdate(1, 1, 1900):1
L921:Cg9;setdate(1, 1, 1900):1
L922: Cj9;print
1900-02-26 : NBAUOax
1900-02-29 : wlrAcVI
1900-02-29 : JihoEMz
1900-02-29 : fdLMhZE
1900-02-29 : RGIOwvJ
1900-08-25 : JQFqLgb
1994-02-18 : CQimTjd
1994-06-04 : wovLGcb
2000-02-29 : WdfiCNQ
2000-02-29 : DPCOmnk
2000-02-29 : XWfcUzJ
2004-11-01 : sAbjdpr
2020-05-26 : qcsvuCm
L923: Cg9;print
1900-02-26 : NBAUOax
1900-08-25 : JQFqLgb
1994-02-18 : CQimTjd
1994-06-04 : wovLGcb
2000-02-29 : WdfiCNQ
2000-02-29 : DPCOmnk
2000-02-29 : XWfcUzJ
2004-11-01 : sAbjdpr
2020-05-26 : qcsvuCm
L924: Cg11;print
1900-09-07 : JQFqLgb
1994-03-03 : CQimTjd
1994-06-17 : wovLGcb
2000-03-13 : WdfiCNQ
2000-03-13 : DPCOmnk
2000-03-13 : XWfcUzJ
2004-11-14 : sAbjdpr
2020-06-08 : qcsvuCm
L925: Cj11;print
1900-02-14 : NBAUOax
1900-08-12 : JQFqLgb
1994-02-05 : CQimTjd
1994-05-22 : wovLGcb
2000-02-16 : WdfiCNQ
2000-02-16 : DPCOmnk
2000-02-16 : XWfcUzJ
2004-10-19 : sAbjdpr
2020-05-13 : qcsvuCm
L926:Cg9 deleted
L927:Cj9 deleted
L928:Cj11 deleted
L929:Cg11 deleted
L930:Cj12 created
L931:Cg12 created
L932:Cg12;setdate(3, 6, 1977):1
L933:Cj12;setdate(3, 6, 1977):1
L934:Cg12;add_event(AfTJxBX, 6, 8):1
L935:Cj12;add_event(AfTJxBX, 6, 8):1
L936:Cj12;setdate(11, 2, 2032):1
L937:Cg12;setdate(11, 2, 2032):1
L938:Cj12;add_event(tDGqRZJ, 16, 7):1
L939:Cg12;add_event(tDGqRZJ, 16, 7):1
L940:Cg12;setdate(28, 7, 1988):1
L941:Cj12;setdate(28, 7, 1988):1
L942:Cg12;add_event(KAnUxbw, 9, 1):1
L943:Cj12;add_event(KAnUxbw, 9, 1):1
L944:Cg12;setdate(26, 7, 2002):1
L945:Cj12;setdate(26, 7, 2002):1
L946:Cj12;add_event(fcXqHDU, 25, 3):1
L947:Cg12;add_event(fcXqHDU, 25, 3):1
L948:Cj12;setdate(13, 1, 1976):1
L949:Cg12;setdate(13, 1, 1976):1
L950:Cj12;add_event(BLaMPyt, 15, 10, 2011):1
L951:Cg12;add_event(BLaMPyt, 15, 10, 2011):1
L952:Cg12;setdate(20, 2, 1977):1
L953:Cj12;setdate(20, 2, 1977):1
L954:Cg12;add_event(YFClBZX):1
L955:Cj12;add_event(YFClBZX):1
L956:Cj12;setdate(15, 12, 2023):1
L957:Cg12;setdate(15, 12, 2023):1
L958:Cj12;add_event(AwHXkFL):1
L959:Cg12;add_event(AwHXkFL):1
L960:Cj12;setdate(20, 11, 2015):1
L961:Cg12;setdate(20, 11, 2015):1
L962:Cj12;add_event(LBNEzCI, 20, 5, 2025):1
L963:Cg12;add_event(LBNEzCI, 20, 5, 2025):1
L964:Cg12;setdate(23, 8, 2036):1
L965:Cj12;setdate(23, 8, 2036):1
L966:Cj12;add_event(LhZtTUG):1
L967:Cg12;add_event(LhZtTUG):1
L968:Cj12;setdate(13, 1, 1989):1
L969:Cg12;setdate(13, 1, 1989):1
L970:Cj12;add_event(oqDkmaj, 6):1
L971:Cg12;add_event(oqDkmaj, 6):1
L972:Cj12;setdate(17, 2, 1900):1
L973:Cg12;setdate(17, 2, 1900):1
L974:Cj12;add_event(NlEwJhz, 29):1
L975:Cg12;add_event(NlEwJhz, 29):0
L976:Cj12;setdate(13, 2, 1901):1
L977:Cg12;setdate(13, 2, 1901):1
L978:Cg12;add_event(BVXOJHP, 29):0
L979:Cj12;add_event(BVXOJHP, 29):0
L980:Cg12;setdate(4, 2, 2000):1
L981:Cj12;setdate(4, 2, 2000):1
L982:Cg12;add_event(CqexBDZ, 29):1
L983:Cj12;add_event(CqexBDZ, 29):1
L984:Cj12;setdate(25, 2, 1977):1
L985:Cg12;setdate(25, 2, 1977):1
L986:Cg12;add_event(NruWBqc, 29, 2, 1900):0
L987:Cj12;add_event(NruWBqc, 29, 2, 1900):1
L988:Cg12;setdate(19, 2, 1901):1
L989:Cj12;setdate(19, 2, 1901):1
L990:Cg12;add_event(sAIaPRV, 29):0
L991:Cj12;add_event(sAIaPRV, 29):0
L992:Cj12;setdate(23, 2, 2000):1
L993:Cg12;setdate(23, 2, 2000):1
L994:Cj12;add_event(Orkucls, 29):1
L995:Cg12;add_event(Orkucls, 29):1
L996:Cg12;setdate(5, 2, 1900):1
L997:Cj12;setdate(5, 2, 1900):1
L998:Cj12;add_event(ArSNqpI, 29):1
L999:Cg12;add_event(ArSNqpI, 29):0
L1000:Cg12;setdate(29, 2, 1901):0
L1001:Cj12;setdate(29, 2, 1901):0
L1002:Cj12;add_event(hyMoUNL):1
L1003:Cg12;add_event(hyMoUNL):1
L1004:Cg12;setdate(29, 2, 2000):1
L1005:Cj12;setdate(29, 2, 2000):1
L1006:Cg12;add_event(vMrXncC):1
L1007:Cj12;add_event(vMrXncC):1
L1008:Cj12;setdate(11, 7, 2024):1
L1009:Cg12;setdate(11, 7, 2024):1
L1010:Cj12;add_event(tGvTghq, 29, 2, 1900):1
L1011:Cg12;add_event(tGvTghq, 29, 2, 1900):0
L1012:Cg12;setdate(11, 1, 1901):1
L1013:Cj12;setdate(11, 1, 1901):1
L1014:Cj12;add_event(KHpngeM, 29, 2):0
L1015:Cg12;add_event(KHpngeM, 29, 2):0
L1016:Cg12;setdate(25, 7, 2000):1
L1017:Cj12;setdate(25, 7, 2000):1
L1018:Cg12;add_event(fLYdOwl, 29, 2):1
L1019:Cj12;add_event(fLYdOwl, 29, 2):1
L1020:Cj12;setdate(1, 1, 1900):1
L1021:Cg12;setdate(1, 1, 1900):1
L1022:Cj12;setdate(29, 2, 1900):1
L1023:Cg12;setdate(29, 2, 1900):0
L1024:Cg13 created
L1025:Cj13 created
L1026:Cj13=Cx12
L1027:Cg13=Cx12
L1028: Cg12;print
1900-02-05 : hyMoUNL
1977-02-20 : YFClBZX
1977-08-06 : AfTJxBX
1988-01-09 : KAnUxbw
1989-01-06 : oqDkmaj
2000-02-29 : CqexBDZ
2000-02-29 : Orkucls
2000-02-29 : vMrXncC
2000-02-29 : fLYdOwl
2002-03-25 : fcXqHDU
2011-10-15 : BLaMPyt
2023-12-15 : AwHXkFL
2025-05-20 : LBNEzCI
2032-07-16 : tDGqRZJ
2036-08-23 : LhZtTUG
L1029: Cj12;print
1977-02-20 : YFClBZX
1977-08-06 : AfTJxBX
1988-01-09 : KAnUxbw
1989-01-06 : oqDkmaj
2000-02-29 : CqexBDZ
2000-02-29 : Orkucls
2000-02-29 : vMrXncC
2000-02-29 : fLYdOwl
2002-03-25 : fcXqHDU
2011-10-15 : BLaMPyt
2023-12-15 : AwHXkFL
2025-05-20 : LBNEzCI
2032-07-16 : tDGqRZJ
2036-08-23 : LhZtTUG
L1030: Cj13;print
1900-01-24 : hyMoUNL
1977-02-07 : YFClBZX
1977-07-24 : AfTJxBX
1987-12-27 : KAnUxbw
1988-12-24 : oqDkmaj
2000-02-16 : CqexBDZ
2000-02-16 : Orkucls
2000-02-16 : vMrXncC
2000-02-16 : fLYdOwl
2002-03-12 : fcXqHDU
2011-10-02 : BLaMPyt
2023-12-02 : AwHXkFL
2025-05-07 : LBNEzCI
2032-07-03 : tDGqRZJ
2036-08-10 : LhZtTUG
L1031: Cg13;print
1977-03-05 : YFClBZX
1977-08-19 : AfTJxBX
1988-01-22 : KAnUxbw
1989-01-19 : oqDkmaj
2000-03-13 : CqexBDZ
2000-03-13 : Orkucls
2000-03-13 : vMrXncC
2000-03-13 : fLYdOwl
2002-04-07 : fcXqHDU
2011-10-28 : BLaMPyt
2023-12-28 : AwHXkFL
2025-06-02 : LBNEzCI
2032-07-29 : tDGqRZJ
2036-09-05 : LhZtTUG
L1032:Cg12;setdate(1, 1, 1900):1
L1033:Cj12;setdate(1, 1, 1900):1
L1034: Cj12;print
1900-02-05 : hyMoUNL
1900-02-29 : NlEwJhz
1900-02-29 : NruWBqc
1900-02-29 : ArSNqpI
1900-02-29 : tGvTghq
1977-02-20 : YFClBZX
1977-08-06 : AfTJxBX
1988-01-09 : KAnUxbw
1989-01-06 : oqDkmaj
2000-02-29 : CqexBDZ
2000-02-29 : Orkucls
2000-02-29 : vMrXncC
2000-02-29 : fLYdOwl
2002-03-25 : fcXqHDU
2011-10-15 : BLaMPyt
2023-12-15 : AwHXkFL
2025-05-20 : LBNEzCI
2032-07-16 : tDGqRZJ
2036-08-23 : LhZtTUG
L1035: Cg12;print
1900-02-05 : hyMoUNL
1977-02-20 : YFClBZX
1977-08-06 : AfTJxBX
1988-01-09 : KAnUxbw
1989-01-06 : oqDkmaj
2000-02-29 : CqexBDZ
2000-02-29 : Orkucls
2000-02-29 : vMrXncC
2000-02-29 : fLYdOwl
2002-03-25 : fcXqHDU
2011-10-15 : BLaMPyt
2023-12-15 : AwHXkFL
2025-05-20 : LBNEzCI
2032-07-16 : tDGqRZJ
2036-08-23 : LhZtTUG
L1036: Cg13;print
1977-03-05 : YFClBZX
1977-08-19 : AfTJxBX
1988-01-22 : KAnUxbw
1989-01-19 : oqDkmaj
2000-03-13 : CqexBDZ
2000-03-13 : Orkucls
2000-03-13 : vMrXncC
2000-03-13 : fLYdOwl
2002-04-07 : fcXqHDU
2011-10-28 : BLaMPyt
2023-12-28 : AwHXkFL
2025-06-02 : LBNEzCI
2032-07-29 : tDGqRZJ
2036-09-05 : LhZtTUG
L1037: Cj13;print
1900-01-24 : hyMoUNL
1977-02-07 : YFClBZX
1977-07-24 : AfTJxBX
1987-12-27 : KAnUxbw
1988-12-24 : oqDkmaj
2000-02-16 : CqexBDZ
2000-02-16 : Orkucls
2000-02-16 : vMrXncC
2000-02-16 : fLYdOwl
2002-03-12 : fcXqHDU
2011-10-02 : BLaMPyt
2023-12-02 : AwHXkFL
2025-05-07 : LBNEzCI
2032-07-03 : tDGqRZJ
2036-08-10 : LhZtTUG
L1038:Cj13 deleted
L1039:Cg13 deleted
L1040:Cj12;setdate(1, 6, 2033):1
L1041:Cg12;setdate(1, 6, 2033):1
L1042:Cg12;remove_event(bIirNoL, 12):0
L1043:Cj12;remove_event(bIirNoL, 12):0
L1044:Cj12;setdate(19, 3, 2026):1
L1045:Cg12;setdate(19, 3, 2026):1
L1046:Cj12;remove_event(TcaOMjt, 6, 9):0
L1047:Cg12;remove_event(TcaOMjt, 6, 9):0
L1048:Cg12;setdate(26, 7, 2019):1
L1049:Cj12;setdate(26, 7, 2019):1
L1050:Cj12;remove_event(MehKmfv, 7, 1, 2015):0
L1051:Cg12;remove_event(MehKmfv, 7, 1, 2015):0
L1052:Cg12;setdate(13, 12, 2000):1
L1053:Cj12;setdate(13, 12, 2000):1
L1054:Cg12;remove_event(VCyZUao, 29, 2):0
L1055:Cj12;remove_event(VCyZUao, 29, 2):0
L1056:Cg12;setdate(26, 4, 1900):1
L1057:Cj12;setdate(26, 4, 1900):1
L1058:Cj12;remove_event(xRvlzsM, 29, 2):0
L1059:Cg12;remove_event(xRvlzsM, 29, 2):0
L1060:Cj12;setdate(19, 9, 2000):1
L1061:Cg12;setdate(19, 9, 2000):1
L1062:Cg12;remove_event(uPTlnpL, 29, 2):0
L1063:Cj12;remove_event(uPTlnpL, 29, 2):0
L1064:Cg12;setdate(29, 2, 1901):0
L1065:Cj12;setdate(29, 2, 1901):0
L1066:Cg12;remove_event(rtnTMlx):0
L1067:Cj12;remove_event(rtnTMlx):0
L1068:Cg12;setdate(25, 2, 2000):1
L1069:Cj12;setdate(25, 2, 2000):1
L1070:Cj12;remove_event(mfWkgot, 29, 2):0
L1071:Cg12;remove_event(mfWkgot, 29, 2):0
L1072:Cj12;setdate(25, 1, 1971):1
L1073:Cg12;setdate(25, 1, 1971):1
L1074:Cj12;remove_event(duYzSLi):0
L1075:Cg12;remove_event(duYzSLi):0
L1076:Cg12;setdate(3, 10, 2012):1
L1077:Cj12;setdate(3, 10, 2012):1
L1078:Cg12;remove_event(zGQXylS, 24):0
L1079:Cj12;remove_event(zGQXylS, 24):0
L1080:Cj12;setdate(15, 2, 2015):1
L1081:Cg12;setdate(15, 2, 2015):1
L1082:Cg12;remove_event(rHOsDYk, 25, 5, 2004):0
L1083:Cj12;remove_event(rHOsDYk, 25, 5, 2004):0
L1084:Cj12;setdate(29, 2, 1901):0
L1085:Cg12;setdate(29, 2, 1901):0
L1086:Cg12;remove_event(ySBrAng):0
L1087:Cj12;remove_event(ySBrAng):0
L1088:Cg12;setdate(20, 6, 2000):1
L1089:Cj12;setdate(20, 6, 2000):1
L1090:Cg12;remove_event(NpZVjgC, 29, 2):0
L1091:Cj12;remove_event(NpZVjgC, 29, 2):0
L1092:Cj12;setdate(19, 3, 1900):1
L1093:Cg12;setdate(19, 3, 1900):1
L1094:Cg12;remove_event(HVQncXe, 29, 2):0
L1095:Cj12;remove_event(HVQncXe, 29, 2):0
L1096:Cj12;setdate(5, 2, 1901):1
L1097:Cg12;setdate(5, 2, 1901):1
L1098:Cg12;remove_event(AzJLDTl, 29):0
L1099:Cj12;remove_event(AzJLDTl, 29):0
L1100:Cj12;setdate(29, 2, 1901):0
L1101:Cg12;setdate(29, 2, 1901):0
L1102:Cj12;remove_event(wxHekfz):0
L1103:Cg12;remove_event(wxHekfz):0
L1104:Cg12;setdate(29, 2, 2000):1
L1105:Cj12;setdate(29, 2, 2000):1
L1106:Cg12;remove_event(OAltbWj):0
L1107:Cj12;remove_event(OAltbWj):0
L1108:Cg12;setdate(1, 2, 1901):1
L1109:Cj12;setdate(1, 2, 1901):1
L1110:Cj12;remove_event(rqIMSYc, 29):0
L1111:Cg12;remove_event(rqIMSYc, 29):0
L1112:Cg12;setdate(15, 2, 2000):1
L1113:Cj12;setdate(15, 2, 2000):1
L1114:Cj12;remove_event(GiVXzqw, 29):0
L1115:Cg12;remove_event(GiVXzqw, 29):0
L1116:Cg12;setdate(2, 2, 2028):1
L1117:Cj12;setdate(2, 2, 2028):1
L1118:Cj12;remove_event(CoyrTEm):0
L1119:Cg12;remove_event(CoyrTEm):0
L1120:Cj12;setdate(19, 2, 1975):1
L1121:Cg12;setdate(19, 2, 1975):1
L1122:Cg12;remove_event(yLlIJRC, 15, 12, 2037):0
L1123:Cj12;remove_event(yLlIJRC, 15, 12, 2037):0
L1124:Cg12;setdate(26, 9, 1975):1
L1125:Cj12;setdate(26, 9, 1975):1
L1126:Cj12;remove_event(ojzuMhn):0
L1127:Cg12;remove_event(ojzuMhn):0
L1128:Cg12;setdate(22, 3, 2012):1
L1129:Cj12;setdate(22, 3, 2012):1
L1130:Cj12;remove_event(fTbeRJi):0
L1131:Cg12;remove_event(fTbeRJi):0
L1132:Cg12;setdate(23, 5, 1996):1
L1133:Cj12;setdate(23, 5, 1996):1
L1134:Cg12;remove_event(rYDPsNE, 3, 6, 1993):0
L1135:Cj12;remove_event(rYDPsNE, 3, 6, 1993):0
L1136:Cg12;setdate(18, 2, 2038):1
L1137:Cj12;setdate(18, 2, 2038):1
L1138:Cj12;remove_event(iCLuszF):0
L1139:Cg12;remove_event(iCLuszF):0
L1140:Cj12;setdate(16, 3, 2023):1
L1141:Cg12;setdate(16, 3, 2023):1
L1142:Cj12;remove_event(jxyBeow, 29, 2, 1901):0
L1143:Cg12;remove_event(jxyBeow, 29, 2, 1901):0
L1144:Cj12;setdate(16, 3, 1971):1
L1145:Cg12;setdate(16, 3, 1971):1
L1146:Cg12;remove_event(IaNhonv, 29, 2, 2000):0
L1147:Cj12;remove_event(IaNhonv, 29, 2, 2000):0
L1148:Cg12;setdate(29, 2, 1901):0
L1149:Cj12;setdate(29, 2, 1901):0
L1150:Cj12;remove_event(DqWKbCu):0
L1151:Cg12;remove_event(DqWKbCu):0
L1152:Cg12;setdate(29, 2, 2000):1
L1153:Cj12;setdate(29, 2, 2000):1
L1154:Cj12;remove_event(rakizeb):0
L1155:Cg12;remove_event(rakizeb):0
L1156:Cj12;setdate(14, 6, 1984):1
L1157:Cg12;setdate(14, 6, 1984):1
L1158:Cg12;remove_event(pXBKUAC, 29, 2, 2000):0
L1159:Cj12;remove_event(pXBKUAC, 29, 2, 2000):0
L1160:Cj12;setdate(28, 2, 1998):1
L1161:Cg12;setdate(28, 2, 1998):1
L1162:Cj12;remove_event(gicldqH, 29, 2, 1901):0
L1163:Cg12;remove_event(gicldqH, 29, 2, 1901):0
L1164:Cg12;setdate(6, 2, 2000):1
L1165:Cj12;setdate(6, 2, 2000):1
L1166:Cj12;remove_event(KvIbegB, 29):0
L1167:Cg12;remove_event(KvIbegB, 29):0
L1168:Cg12;setdate(12, 11, 2017):1
L1169:Cj12;setdate(12, 11, 2017):1
L1170:Cg12;remove_event(wDQcOTy, 23):0
L1171:Cj12;remove_event(wDQcOTy, 23):0
L1172:Cj12;setdate(17, 11, 2007):1
L1173:Cg12;setdate(17, 11, 2007):1
L1174:Cj12;remove_event(pWfyhau, 16):0
L1175:Cg12;remove_event(pWfyhau, 16):0
L1176:Cg12;setdate(27, 1, 1971):1
L1177:Cj12;setdate(27, 1, 1971):1
L1178:Cg12;remove_event(XMIsKEW, 9, 3, 2009):0
L1179:Cj12;remove_event(XMIsKEW, 9, 3, 2009):0
L1180:Cg12;setdate(12, 11, 2010):1
L1181:Cj12;setdate(12, 11, 2010):1
L1182:Cj12;remove_event(ESDqGxv, 25, 2, 2032):0
L1183:Cg12;remove_event(ESDqGxv, 25, 2, 2032):0
L1184:Cj12;setdate(3, 12, 1985):1
L1185:Cg12;setdate(3, 12, 1985):1
L1186:Cg12;remove_event(XAydzDs, 3, 10, 1981):0
L1187:Cj12;remove_event(XAydzDs, 3, 10, 1981):0
L1188:Cg12;setdate(24, 12, 1975):1
L1189:Cj12;setdate(24, 12, 1975):1
L1190:Cj12;remove_event(vqnOdlg):0
L1191:Cg12;remove_event(vqnOdlg):0
L1192:Cj12;setdate(29, 2, 2000):1
L1193:Cg12;setdate(29, 2, 2000):1
L1194:Cg12;remove_event(aSOQtuJ):0
L1195:Cj12;remove_event(aSOQtuJ):0
L1196:Cg12;setdate(4, 2, 1901):1
L1197:Cj12;setdate(4, 2, 1901):1
L1198:Cg12;remove_event(NBAUOax, 29):0
L1199:Cj12;remove_event(NBAUOax, 29):0
L1200:Cg12;setdate(17, 9, 1901):1
L1201:Cj12;setdate(17, 9, 1901):1
L1202:Cg12;remove_event(yjWiLZc, 29, 2):0
L1203:Cj12;remove_event(yjWiLZc, 29, 2):0
L1204:Cg12;setdate(22, 8, 1977):1
L1205:Cj12;setdate(22, 8, 1977):1
L1206:Cj12;remove_event(AfTJxBX, 6):1
L1207:Cg12;remove_event(AfTJxBX, 6):1
L1208:Cj12;setdate(25, 3, 2002):1
L1209:Cg12;setdate(25, 3, 2002):1
L1210:Cj12;remove_event(fcXqHDU):1
L1211:Cg12;remove_event(fcXqHDU):1
L1212:Cj12;setdate(15, 10, 2011):1
L1213:Cg12;setdate(15, 10, 2011):1
L1214:Cg12;remove_event(BLaMPyt):1
L1215:Cj12;remove_event(BLaMPyt):1
L1216:Cg12;setdate(10, 4, 1982):1
L1217:Cj12;setdate(10, 4, 1982):1
L1218:Cg12;remove_event(YFClBZX, 20, 2, 1977):1
L1219:Cj12;remove_event(YFClBZX, 20, 2, 1977):1
L1220:Cg12;setdate(3, 3, 1976):1
L1221:Cj12;setdate(3, 3, 1976):1
L1222:Cg12;remove_event(LhZtTUG, 23, 8, 2036):1
L1223:Cj12;remove_event(LhZtTUG, 23, 8, 2036):1
L1224:Cj12;setdate(23, 1, 1900):1
L1225:Cg12;setdate(23, 1, 1900):1
L1226:Cj12;remove_event(NlEwJhz, 29, 2):1
L1227:Cg12;remove_event(NlEwJhz, 29, 2):0
L1228:Cj12;setdate(16, 2, 1901):1
L1229:Cg12;setdate(16, 2, 1901):1
L1230:Cj12;remove_event(sAIaPRV, 29):0
L1231:Cg12;remove_event(sAIaPRV, 29):0
L1232:Cj12;setdate(29, 2, 2000):1
L1233:Cg12;setdate(29, 2, 2000):1
L1234:Cg12;remove_event(Orkucls):1
L1235:Cj12;remove_event(Orkucls):1
L1236:Cg12;setdate(19, 3, 1900):1
L1237:Cj12;setdate(19, 3, 1900):1
L1238:Cj12;remove_event(ArSNqpI, 29, 2):1
L1239:Cg12;remove_event(ArSNqpI, 29, 2):0
L1240:Cj12;setdate(25, 2, 2000):1
L1241:Cg12;setdate(25, 2, 2000):1
L1242:Cj12;remove_event(vMrXncC, 29):1
L1243:Cg12;remove_event(vMrXncC, 29):1
L1244:Cg12;setdate(29, 2, 2000):1
L1245:Cj12;setdate(29, 2, 2000):1
L1246:Cg12;remove_event(fLYdOwl):1
L1247:Cj12;remove_event(fLYdOwl):1
L1248:Cj12;setdate(1, 1, 1900):1
L1249:Cg12;setdate(1, 1, 1900):1
L1250:Cg12;setdate(29, 2, 1900):0
L1251:Cj12;setdate(29, 2, 1900):1
L1252:Cj14 created
L1253:Cg14 created
L1254:Cg14=Cx12
L1255:Cj14=Cx12
L1256: Cj12;print
1988-01-09 : KAnUxbw
1989-01-06 : oqDkmaj
2000-02-29 : CqexBDZ
2023-12-15 : AwHXkFL
2025-05-20 : LBNEzCI
2032-07-16 : tDGqRZJ
L1257: Cg12;print
1900-02-05 : hyMoUNL
1988-01-09 : KAnUxbw
1989-01-06 : oqDkmaj
2000-02-29 : CqexBDZ
2023-12-15 : AwHXkFL
2025-05-20 : LBNEzCI
2032-07-16 : tDGqRZJ
L1258: Cg14;print
1988-01-22 : KAnUxbw
1989-01-19 : oqDkmaj
2000-03-13 : CqexBDZ
2023-12-28 : AwHXkFL
2025-06-02 : LBNEzCI
2032-07-29 : tDGqRZJ
L1259: Cj14;print
1900-01-24 : hyMoUNL
1987-12-27 : KAnUxbw
1988-12-24 : oqDkmaj
2000-02-16 : CqexBDZ
2023-12-02 : AwHXkFL
2025-05-07 : LBNEzCI
2032-07-03 : tDGqRZJ
L1260:Cj12;setdate(1, 1, 1900):1
L1261:Cg12;setdate(1, 1, 1900):1
L1262: Cj12;print
1900-02-05 : hyMoUNL
1900-02-29 : NruWBqc
1900-02-29 : tGvTghq
1988-01-09 : KAnUxbw
1989-01-06 : oqDkmaj
2000-02-29 : CqexBDZ
2023-12-15 : AwHXkFL
2025-05-20 : LBNEzCI
2032-07-16 : tDGqRZJ
L1263: Cg12;print
1900-02-05 : hyMoUNL
1988-01-09 : KAnUxbw
1989-01-06 : oqDkmaj
2000-02-29 : CqexBDZ
2023-12-15 : AwHXkFL
2025-05-20 : LBNEzCI
2032-07-16 : tDGqRZJ
L1264: Cg14;print
1988-01-22 : KAnUxbw
1989-01-19 : oqDkmaj
2000-03-13 : CqexBDZ
2023-12-28 : AwHXkFL
2025-06-02 : LBNEzCI
2032-07-29 : tDGqRZJ
L1265: Cj14;print
1900-01-24 : hyMoUNL
1987-12-27 : KAnUxbw
1988-12-24 : oqDkmaj
2000-02-16 : CqexBDZ
2023-12-02 : AwHXkFL
2025-05-07 : LBNEzCI
2032-07-03 : tDGqRZJ
L1266:Cj12 deleted
L1267:Cg12 deleted
L1268:Cg14 deleted
L1269:Cj14 deleted
