L1:C g;set_k_time 1492295323
L2:Cj0 created
L3:Cg0 created
L4:Cj0;setdate(20, 4, 1977):1
L5:Cg0;setdate(20, 4, 1977):1
L6:Cj0;add_event(MBYSNvi, 22, 8):1
L7:Cg0;add_event(MBYSNvi, 22, 8):1
L8:Cg0;setdate(21, 3, 1980):1
L9:Cj0;setdate(21, 3, 1980):1
L10:Cg0;add_event(LyBnbMl, 3, 12):1
L11:Cj0;add_event(LyBnbMl, 3, 12):1
L12:Cj0;setdate(3, 2, 2037):1
L13:Cg0;setdate(3, 2, 2037):1
L14:Cj0;add_event(rXERvIZ, 17, 5):1
L15:Cg0;add_event(rXERvIZ, 17, 5):1
L16:Cj0;setdate(26, 5, 2027):1
L17:Cg0;setdate(26, 5, 2027):1
L18:Cg0;add_event(zOhLCcD, 2):1
L19:Cj0;add_event(zOhLCcD, 2):1
L20:Cg0;setdate(13, 5, 1979):1
L21:Cj0;setdate(13, 5, 1979):1
L22:Cj0;add_event(pOohyAd, 2, 6):1
L23:Cg0;add_event(pOohyAd, 2, 6):1
L24:Cg0;setdate(6, 6, 1990):1
L25:Cj0;setdate(6, 6, 1990):1
L26:Cg0;add_event(NtbasMp, 5, 4):1
L27:Cj0;add_event(NtbasMp, 5, 4):1
L28:Cj0;setdate(5, 5, 2013):1
L29:Cg0;setdate(5, 5, 2013):1
L30:Cg0;add_event(gYoeKSF, 11, 11, 1987):1
L31:Cj0;add_event(gYoeKSF, 11, 11, 1987):1
L32:Cg0;setdate(3, 6, 2029):1
L33:Cj0;setdate(3, 6, 2029):1
L34:Cg0;add_event(XUborBz, 12, 12):1
L35:Cj0;add_event(XUborBz, 12, 12):1
L36:Cj0;setdate(11, 12, 1996):1
L37:Cg0;setdate(11, 12, 1996):1
L38:Cg0;add_event(qYjisZr):1
L39:Cj0;add_event(qYjisZr):1
L40:Cj0;setdate(25, 4, 2014):1
L41:Cg0;setdate(25, 4, 2014):1
L42:Cg0;add_event(iQcUsOE, 5, 12, 1983):1
L43:Cj0;add_event(iQcUsOE, 5, 12, 1983):1
L44:Cj0;setdate(17, 2, 1900):1
L45:Cg0;setdate(17, 2, 1900):1
L46:Cj0;add_event(GBfPVwj, 29):1
L47:Cg0;add_event(GBfPVwj, 29):0
L48:Cg0;setdate(26, 7, 1970):1
L49:Cj0;setdate(26, 7, 1970):1
L50:Cg0;add_event(sDVZYWS, 29, 2, 1901):0
L51:Cj0;add_event(sDVZYWS, 29, 2, 1901):0
L52:Cg0;setdate(23, 7, 2025):1
L53:Cj0;setdate(23, 7, 2025):1
L54:Cj0;add_event(NDVFWxt, 29, 2, 2000):1
L55:Cg0;add_event(NDVFWxt, 29, 2, 2000):1
L56:Cg0;setdate(29, 2, 1900):0
L57:Cj0;setdate(29, 2, 1900):1
L58:Cg0;add_event(HbIfnyk):1
L59:Cj0;add_event(HbIfnyk):1
L60:Cg0;setdate(22, 7, 1989):1
L61:Cj0;setdate(22, 7, 1989):1
L62:Cj0;add_event(WIEyQdb, 29, 2, 1901):0
L63:Cg0;add_event(WIEyQdb, 29, 2, 1901):0
L64:Cj0;setdate(11, 3, 2028):1
L65:Cg0;setdate(11, 3, 2028):1
L66:Cj0;add_event(vTfAhFx, 29, 2, 2000):1
L67:Cg0;add_event(vTfAhFx, 29, 2, 2000):1
L68:Cg0;setdate(3, 2, 2024):1
L69:Cj0;setdate(3, 2, 2024):1
L70:Cg0;add_event(SIBMrQc, 29, 2, 1900):0
L71:Cj0;add_event(SIBMrQc, 29, 2, 1900):1
L72:Cg0;setdate(4, 2, 1901):1
L73:Cj0;setdate(4, 2, 1901):1
L74:Cg0;add_event(dsEkyDr, 29):0
L75:Cj0;add_event(dsEkyDr, 29):0
L76:Cj0;setdate(29, 2, 2000):1
L77:Cg0;setdate(29, 2, 2000):1
L78:Cj0;add_event(zoMBtuG):1
L79:Cg0;add_event(zoMBtuG):1
L80:Cg0;setdate(29, 2, 1900):0
L81:Cj0;setdate(29, 2, 1900):1
L82:Cg0;add_event(eWFqwrX):1
L83:Cj0;add_event(eWFqwrX):1
L84:Cj0;setdate(14, 8, 1901):1
L85:Cg0;setdate(14, 8, 1901):1
L86:Cg0;add_event(NZbIxqS, 29, 2):0
L87:Cj0;add_event(NZbIxqS, 29, 2):0
L88:Cg0;setdate(29, 2, 2000):1
L89:Cj0;setdate(29, 2, 2000):1
L90:Cj0;add_event(fItyxBD):1
L91:Cg0;add_event(fItyxBD):1
L92:Cj0;setdate(1, 1, 1900):1
L93:Cg0;setdate(1, 1, 1900):1
L94:Cg0;setdate(29, 2, 1900):0
L95:Cj0;setdate(29, 2, 1900):1
L96:Cj0(0x)
L97:Cg0(0x)
L98: Cg0;print
1977-08-22 : MBYSNvi
1979-06-02 : pOohyAd
1980-12-03 : LyBnbMl
1983-12-05 : iQcUsOE
1987-11-11 : gYoeKSF
1990-04-05 : NtbasMp
1996-12-11 : qYjisZr
2000-02-29 : NDVFWxt
2000-02-29 : vTfAhFx
2000-02-29 : zoMBtuG
2000-02-29 : eWFqwrX
2000-02-29 : fItyxBD
2025-07-23 : HbIfnyk
2027-05-02 : zOhLCcD
2029-12-12 : XUborBz
2037-05-17 : rXERvIZ
L99: Cj0;print
1977-08-22 : MBYSNvi
1979-06-02 : pOohyAd
1980-12-03 : LyBnbMl
1983-12-05 : iQcUsOE
1987-11-11 : gYoeKSF
1990-04-05 : NtbasMp
1996-12-11 : qYjisZr
2000-02-29 : NDVFWxt
2000-02-29 : vTfAhFx
2000-02-29 : zoMBtuG
2000-02-29 : fItyxBD
2027-05-02 : zOhLCcD
2029-12-12 : XUborBz
2037-05-17 : rXERvIZ
L100: Cj1;print
1977-08-09 : MBYSNvi
1979-05-20 : pOohyAd
1980-11-20 : LyBnbMl
1983-11-22 : iQcUsOE
1987-10-29 : gYoeKSF
1990-03-23 : NtbasMp
1996-11-28 : qYjisZr
2000-02-16 : NDVFWxt
2000-02-16 : vTfAhFx
2000-02-16 : zoMBtuG
2000-02-16 : eWFqwrX
2000-02-16 : fItyxBD
2025-07-10 : HbIfnyk
2027-04-19 : zOhLCcD
2029-11-29 : XUborBz
2037-05-04 : rXERvIZ
L101: Cg1;print
1977-09-04 : MBYSNvi
1979-06-15 : pOohyAd
1980-12-16 : LyBnbMl
1983-12-18 : iQcUsOE
1987-11-24 : gYoeKSF
1990-04-18 : NtbasMp
1996-12-24 : qYjisZr
2000-03-13 : NDVFWxt
2000-03-13 : vTfAhFx
2000-03-13 : zoMBtuG
2000-03-13 : fItyxBD
2027-05-15 : zOhLCcD
2029-12-25 : XUborBz
2037-05-30 : rXERvIZ
L102:Cg0;setdate(1, 1, 1900):1
L103:Cj0;setdate(1, 1, 1900):1
L104: Cj0;print
1900-02-29 : GBfPVwj
1900-02-29 : HbIfnyk
1900-02-29 : SIBMrQc
1900-02-29 : eWFqwrX
1977-08-22 : MBYSNvi
1979-06-02 : pOohyAd
1980-12-03 : LyBnbMl
1983-12-05 : iQcUsOE
1987-11-11 : gYoeKSF
1990-04-05 : NtbasMp
1996-12-11 : qYjisZr
2000-02-29 : NDVFWxt
2000-02-29 : vTfAhFx
2000-02-29 : zoMBtuG
2000-02-29 : fItyxBD
2027-05-02 : zOhLCcD
2029-12-12 : XUborBz
2037-05-17 : rXERvIZ
L105: Cg0;print
1977-08-22 : MBYSNvi
1979-06-02 : pOohyAd
1980-12-03 : LyBnbMl
1983-12-05 : iQcUsOE
1987-11-11 : gYoeKSF
1990-04-05 : NtbasMp
1996-12-11 : qYjisZr
2000-02-29 : NDVFWxt
2000-02-29 : vTfAhFx
2000-02-29 : zoMBtuG
2000-02-29 : eWFqwrX
2000-02-29 : fItyxBD
2025-07-23 : HbIfnyk
2027-05-02 : zOhLCcD
2029-12-12 : XUborBz
2037-05-17 : rXERvIZ
L106: Cg1;print
1977-09-04 : MBYSNvi
1979-06-15 : pOohyAd
1980-12-16 : LyBnbMl
1983-12-18 : iQcUsOE
1987-11-24 : gYoeKSF
1990-04-18 : NtbasMp
1996-12-24 : qYjisZr
2000-03-13 : NDVFWxt
2000-03-13 : vTfAhFx
2000-03-13 : zoMBtuG
2000-03-13 : fItyxBD
2027-05-15 : zOhLCcD
2029-12-25 : XUborBz
2037-05-30 : rXERvIZ
L107: Cj1;print
1977-08-09 : MBYSNvi
1979-05-20 : pOohyAd
1980-11-20 : LyBnbMl
1983-11-22 : iQcUsOE
1987-10-29 : gYoeKSF
1990-03-23 : NtbasMp
1996-11-28 : qYjisZr
2000-02-16 : NDVFWxt
2000-02-16 : vTfAhFx
2000-02-16 : zoMBtuG
2000-02-16 : eWFqwrX
2000-02-16 : fItyxBD
2025-07-10 : HbIfnyk
2027-04-19 : zOhLCcD
2029-11-29 : XUborBz
2037-05-04 : rXERvIZ
L108:Cg1 deleted
L109:Cj1 deleted
L110:Cg0;setdate(9, 8, 1977):1
L111:Cj0;setdate(9, 8, 1977):1
L112:Cg0;remove_event(MBYSNvi, 22):1
L113:Cj0;remove_event(MBYSNvi, 22):1
L114:Cj0;setdate(21, 5, 2037):1
L115:Cg0;setdate(21, 5, 2037):1
L116:Cj0;remove_event(rXERvIZ, 17):1
L117:Cg0;remove_event(rXERvIZ, 17):1
L118:Cg0;setdate(2, 5, 2027):1
L119:Cj0;setdate(2, 5, 2027):1
L120:Cj0;remove_event(zOhLCcD):1
L121:Cg0;remove_event(zOhLCcD):1
L122:Cg0;setdate(15, 1, 1990):1
L123:Cj0;setdate(15, 1, 1990):1
L124:Cg0;remove_event(NtbasMp, 5, 4):1
L125:Cj0;remove_event(NtbasMp, 5, 4):1
L126:Cj0;setdate(25, 9, 1987):1
L127:Cg0;setdate(25, 9, 1987):1
L128:Cj0;remove_event(gYoeKSF, 11, 11):1
L129:Cg0;remove_event(gYoeKSF, 11, 11):1
L130:Cg0;setdate(12, 12, 2029):1
L131:Cj0;setdate(12, 12, 2029):1
L132:Cj0;remove_event(XUborBz):1
L133:Cg0;remove_event(XUborBz):1
L134:Cg0;setdate(11, 12, 1996):1
L135:Cj0;setdate(11, 12, 1996):1
L136:Cj0;remove_event(qYjisZr):1
L137:Cg0;remove_event(qYjisZr):1
L138:Cg0;setdate(27, 12, 1983):1
L139:Cj0;setdate(27, 12, 1983):1
L140:Cj0;remove_event(iQcUsOE, 5, 12):1
L141:Cg0;remove_event(iQcUsOE, 5, 12):1
L142:Cj0;setdate(12, 10, 2000):1
L143:Cg0;setdate(12, 10, 2000):1
L144:Cg0;remove_event(NDVFWxt, 29, 2):1
L145:Cj0;remove_event(NDVFWxt, 29, 2):1
L146:Cg0;setdate(29, 2, 1900):0
L147:Cj0;setdate(29, 2, 1900):1
L148:Cg0;remove_event(HbIfnyk):0
L149:Cj0;remove_event(HbIfnyk):1
L150:Cj0;setdate(9, 3, 2000):1
L151:Cg0;setdate(9, 3, 2000):1
L152:Cg0;remove_event(vTfAhFx, 29, 2):1
L153:Cj0;remove_event(vTfAhFx, 29, 2):1
L154:Cj0;setdate(13, 11, 1900):1
L155:Cg0;setdate(13, 11, 1900):1
L156:Cj0;remove_event(SIBMrQc, 29, 2):1
L157:Cg0;remove_event(SIBMrQc, 29, 2):0
L158:Cg0;setdate(20, 11, 2010):1
L159:Cj0;setdate(20, 11, 2010):1
L160:Cj0;remove_event(eWFqwrX, 29, 2, 1900):1
L161:Cg0;remove_event(eWFqwrX, 29, 2, 1900):0
L162:Cg0;setdate(23, 9, 2018):1
L163:Cj0;setdate(23, 9, 2018):1
L164:Cg0;remove_event(NZbIxqS, 29, 2, 1901):0
L165:Cj0;remove_event(NZbIxqS, 29, 2, 1901):0
L166:Cj0;setdate(1, 1, 1900):1
L167:Cg0;setdate(1, 1, 1900):1
L168:Cj0;setdate(29, 2, 1900):1
L169:Cg0;setdate(29, 2, 1900):0
L170:Cj1(0x)
L171:Cg1(0x)
L172: Cj0;print
1979-06-02 : pOohyAd
1980-12-03 : LyBnbMl
2000-02-29 : zoMBtuG
2000-02-29 : fItyxBD
L173: Cg0;print
1979-06-02 : pOohyAd
1980-12-03 : LyBnbMl
2000-02-29 : zoMBtuG
2000-02-29 : eWFqwrX
2000-02-29 : fItyxBD
2025-07-23 : HbIfnyk
L174: Cj2;print
1979-05-20 : pOohyAd
1980-11-20 : LyBnbMl
2000-02-16 : zoMBtuG
2000-02-16 : eWFqwrX
2000-02-16 : fItyxBD
2025-07-10 : HbIfnyk
L175: Cg2;print
1979-06-15 : pOohyAd
1980-12-16 : LyBnbMl
2000-03-13 : zoMBtuG
2000-03-13 : fItyxBD
L176:Cg0;setdate(1, 1, 1900):1
L177:Cj0;setdate(1, 1, 1900):1
L178: Cj0;print
1900-02-29 : GBfPVwj
1979-06-02 : pOohyAd
1980-12-03 : LyBnbMl
2000-02-29 : zoMBtuG
2000-02-29 : fItyxBD
L179: Cg0;print
1979-06-02 : pOohyAd
1980-12-03 : LyBnbMl
2000-02-29 : zoMBtuG
2000-02-29 : eWFqwrX
2000-02-29 : fItyxBD
2025-07-23 : HbIfnyk
L180: Cg2;print
1979-06-15 : pOohyAd
1980-12-16 : LyBnbMl
2000-03-13 : zoMBtuG
2000-03-13 : fItyxBD
L181: Cj2;print
1979-05-20 : pOohyAd
1980-11-20 : LyBnbMl
2000-02-16 : zoMBtuG
2000-02-16 : eWFqwrX
2000-02-16 : fItyxBD
2025-07-10 : HbIfnyk
L182:Cj0 deleted
L183:Cg0 deleted
L184:Cj2 deleted
L185:Cg2 deleted
L186:Cg3 created
L187:Cj3 created
L188:Cj3;setdate(5, 2, 2008):1
L189:Cg3;setdate(5, 2, 2008):1
L190:Cj3;add_event(TptyqzS, 4, 4):1
L191:Cg3;add_event(TptyqzS, 4, 4):1
L192:Cj3;setdate(4, 1, 2011):1
L193:Cg3;setdate(4, 1, 2011):1
L194:Cg3;add_event(FymsfPz):1
L195:Cj3;add_event(FymsfPz):1
L196:Cj3;setdate(16, 1, 1994):1
L197:Cg3;setdate(16, 1, 1994):1
L198:Cg3;add_event(YXPThbE):1
L199:Cj3;add_event(YXPThbE):1
L200:Cj3;setdate(16, 9, 2003):1
L201:Cg3;setdate(16, 9, 2003):1
L202:Cj3;add_event(UYygkVw):1
L203:Cg3;add_event(UYygkVw):1
L204:Cg3;setdate(11, 5, 1982):1
L205:Cj3;setdate(11, 5, 1982):1
L206:Cg3;add_event(ZnmUIYi, 24, 5):1
L207:Cj3;add_event(ZnmUIYi, 24, 5):1
L208:Cj3;setdate(24, 3, 2027):1
L209:Cg3;setdate(24, 3, 2027):1
L210:Cj3;add_event(EBXeZWm, 15):1
L211:Cg3;add_event(EBXeZWm, 15):1
L212:Cj3;setdate(25, 8, 2006):1
L213:Cg3;setdate(25, 8, 2006):1
L214:Cg3;add_event(lDBWjrh, 4, 10):1
L215:Cj3;add_event(lDBWjrh, 4, 10):1
L216:Cj3;setdate(28, 9, 1976):1
L217:Cg3;setdate(28, 9, 1976):1
L218:Cj3;add_event(bJIkfDB):1
L219:Cg3;add_event(bJIkfDB):1
L220:Cj3;setdate(6, 10, 2015):1
L221:Cg3;setdate(6, 10, 2015):1
L222:Cj3;add_event(EfOvSkl, 5, 6, 1981):1
L223:Cg3;add_event(EfOvSkl, 5, 6, 1981):1
L224:Cj3;setdate(16, 10, 1983):1
L225:Cg3;setdate(16, 10, 1983):1
L226:Cg3;add_event(jpOTQkP):1
L227:Cj3;add_event(jpOTQkP):1
L228:Cg3;setdate(13, 9, 2016):1
L229:Cj3;setdate(13, 9, 2016):1
L230:Cg3;add_event(aVIkyGl, 29, 2, 1900):0
L231:Cj3;add_event(aVIkyGl, 29, 2, 1900):1
L232:Cj3;setdate(24, 4, 1974):1
L233:Cg3;setdate(24, 4, 1974):1
L234:Cg3;add_event(wLlJmaU, 29, 2, 1901):0
L235:Cj3;add_event(wLlJmaU, 29, 2, 1901):0
L236:Cg3;setdate(10, 2, 2000):1
L237:Cj3;setdate(10, 2, 2000):1
L238:Cj3;add_event(jQzfKxe, 29):1
L239:Cg3;add_event(jQzfKxe, 29):1
L240:Cj3;setdate(24, 5, 1900):1
L241:Cg3;setdate(24, 5, 1900):1
L242:Cg3;add_event(UtCSAlX, 29, 2):0
L243:Cj3;add_event(UtCSAlX, 29, 2):1
L244:Cg3;setdate(29, 2, 1901):0
L245:Cj3;setdate(29, 2, 1901):0
L246:Cj3;add_event(XKApwqO):1
L247:Cg3;add_event(XKApwqO):1
L248:Cg3;setdate(8, 2, 2000):1
L249:Cj3;setdate(8, 2, 2000):1
L250:Cg3;add_event(NbGPZrm, 29):1
L251:Cj3;add_event(NbGPZrm, 29):1
L252:Cg3;setdate(17, 5, 2032):1
L253:Cj3;setdate(17, 5, 2032):1
L254:Cg3;add_event(lzDJVZY, 29, 2, 1900):0
L255:Cj3;add_event(lzDJVZY, 29, 2, 1900):1
L256:Cj3;setdate(10, 7, 1901):1
L257:Cg3;setdate(10, 7, 1901):1
L258:Cg3;add_event(NQsKzog, 29, 2):0
L259:Cj3;add_event(NQsKzog, 29, 2):0
L260:Cj3;setdate(29, 2, 2000):1
L261:Cg3;setdate(29, 2, 2000):1
L262:Cj3;add_event(rKxXOwp):1
L263:Cg3;add_event(rKxXOwp):1
L264:Cg3;setdate(29, 2, 1900):0
L265:Cj3;setdate(29, 2, 1900):1
L266:Cj3;add_event(ZUrEudj):1
L267:Cg3;add_event(ZUrEudj):1
L268:Cg3;setdate(4, 11, 1901):1
L269:Cj3;setdate(4, 11, 1901):1
L270:Cg3;add_event(FWPTCXn, 29, 2):0
L271:Cj3;add_event(FWPTCXn, 29, 2):0
L272:Cg3;setdate(3, 7, 2035):1
L273:Cj3;setdate(3, 7, 2035):1
L274:Cj3;add_event(MiuQBxc, 29, 2, 2000):1
L275:Cg3;add_event(MiuQBxc, 29, 2, 2000):1
L276:Cj3;setdate(1, 1, 1900):1
L277:Cg3;setdate(1, 1, 1900):1
L278:Cj3;setdate(29, 2, 1900):1
L279:Cg3;setdate(29, 2, 1900):0
L280:Cg3(3x)
L281:Cj3(3x)
L282: Cj3;print
1900-05-24 : XKApwqO
1976-09-28 : bJIkfDB
1981-06-05 : EfOvSkl
1982-05-24 : ZnmUIYi
1983-10-16 : jpOTQkP
1994-01-16 : YXPThbE
2000-02-29 : jQzfKxe
2000-02-29 : NbGPZrm
2000-02-29 : rKxXOwp
2000-02-29 : MiuQBxc
2003-09-16 : UYygkVw
2006-10-04 : lDBWjrh
2008-04-04 : TptyqzS
2011-01-04 : FymsfPz
2027-03-15 : EBXeZWm
L283: Cg3;print
1900-05-24 : XKApwqO
1976-09-28 : bJIkfDB
1981-06-05 : EfOvSkl
1982-05-24 : ZnmUIYi
1983-10-16 : jpOTQkP
1994-01-16 : YXPThbE
2000-02-29 : jQzfKxe
2000-02-29 : NbGPZrm
2000-02-29 : rKxXOwp
2000-02-29 : ZUrEudj
2000-02-29 : MiuQBxc
2003-09-16 : UYygkVw
2006-10-04 : lDBWjrh
2008-04-04 : TptyqzS
2011-01-04 : FymsfPz
2027-03-15 : EBXeZWm
L284: Cj4;print
1900-05-11 : XKApwqO
1976-09-15 : bJIkfDB
1981-05-23 : EfOvSkl
1982-05-11 : ZnmUIYi
1983-10-03 : jpOTQkP
1994-01-03 : YXPThbE
2000-02-16 : jQzfKxe
2000-02-16 : NbGPZrm
2000-02-16 : rKxXOwp
2000-02-16 : ZUrEudj
2000-02-16 : MiuQBxc
2003-09-03 : UYygkVw
2006-09-21 : lDBWjrh
2008-03-22 : TptyqzS
2010-12-22 : FymsfPz
2027-03-02 : EBXeZWm
L285: Cg4;print
1900-06-06 : XKApwqO
1976-10-11 : bJIkfDB
1981-06-18 : EfOvSkl
1982-06-06 : ZnmUIYi
1983-10-29 : jpOTQkP
1994-01-29 : YXPThbE
2000-03-13 : jQzfKxe
2000-03-13 : NbGPZrm
2000-03-13 : rKxXOwp
2000-03-13 : MiuQBxc
2003-09-29 : UYygkVw
2006-10-17 : lDBWjrh
2008-04-17 : TptyqzS
2011-01-17 : FymsfPz
2027-03-28 : EBXeZWm
L286:Cg3;setdate(1, 1, 1900):1
L287:Cj3;setdate(1, 1, 1900):1
L288: Cg3;print
1900-05-24 : XKApwqO
1976-09-28 : bJIkfDB
1981-06-05 : EfOvSkl
1982-05-24 : ZnmUIYi
1983-10-16 : jpOTQkP
1994-01-16 : YXPThbE
2000-02-29 : jQzfKxe
2000-02-29 : NbGPZrm
2000-02-29 : rKxXOwp
2000-02-29 : ZUrEudj
2000-02-29 : MiuQBxc
2003-09-16 : UYygkVw
2006-10-04 : lDBWjrh
2008-04-04 : TptyqzS
2011-01-04 : FymsfPz
2027-03-15 : EBXeZWm
L289: Cj3;print
1900-02-29 : aVIkyGl
1900-02-29 : UtCSAlX
1900-02-29 : lzDJVZY
1900-02-29 : ZUrEudj
1900-05-24 : XKApwqO
1976-09-28 : bJIkfDB
1981-06-05 : EfOvSkl
1982-05-24 : ZnmUIYi
1983-10-16 : jpOTQkP
1994-01-16 : YXPThbE
2000-02-29 : jQzfKxe
2000-02-29 : NbGPZrm
2000-02-29 : rKxXOwp
2000-02-29 : MiuQBxc
2003-09-16 : UYygkVw
2006-10-04 : lDBWjrh
2008-04-04 : TptyqzS
2011-01-04 : FymsfPz
2027-03-15 : EBXeZWm
L290: Cg4;print
1900-06-06 : XKApwqO
1976-10-11 : bJIkfDB
1981-06-18 : EfOvSkl
1982-06-06 : ZnmUIYi
1983-10-29 : jpOTQkP
1994-01-29 : YXPThbE
2000-03-13 : jQzfKxe
2000-03-13 : NbGPZrm
2000-03-13 : rKxXOwp
2000-03-13 : MiuQBxc
2003-09-29 : UYygkVw
2006-10-17 : lDBWjrh
2008-04-17 : TptyqzS
2011-01-17 : FymsfPz
2027-03-28 : EBXeZWm
L291: Cj4;print
1900-05-11 : XKApwqO
1976-09-15 : bJIkfDB
1981-05-23 : EfOvSkl
1982-05-11 : ZnmUIYi
1983-10-03 : jpOTQkP
1994-01-03 : YXPThbE
2000-02-16 : jQzfKxe
2000-02-16 : NbGPZrm
2000-02-16 : rKxXOwp
2000-02-16 : ZUrEudj
2000-02-16 : MiuQBxc
2003-09-03 : UYygkVw
2006-09-21 : lDBWjrh
2008-03-22 : TptyqzS
2010-12-22 : FymsfPz
2027-03-02 : EBXeZWm
L292:Cj4 deleted
L293:Cg4 deleted
L294:Cg3;setdate(10, 12, 1989):1
L295:Cj3;setdate(10, 12, 1989):1
L296:Cg3;remove_event(MBYSNvi, 22, 8, 1977):0
L297:Cj3;remove_event(MBYSNvi, 22, 8, 1977):0
L298:Cj3;setdate(17, 5, 2037):1
L299:Cg3;setdate(17, 5, 2037):1
L300:Cg3;remove_event(rXERvIZ):0
L301:Cj3;remove_event(rXERvIZ):0
L302:Cj3;setdate(2, 5, 2027):1
L303:Cg3;setdate(2, 5, 2027):1
L304:Cg3;remove_event(zOhLCcD):0
L305:Cj3;remove_event(zOhLCcD):0
L306:Cg3;setdate(2, 2, 2002):1
L307:Cj3;setdate(2, 2, 2002):1
L308:Cg3;remove_event(NtbasMp, 5, 4, 1990):0
L309:Cj3;remove_event(NtbasMp, 5, 4, 1990):0
L310:Cj3;setdate(11, 11, 1987):1
L311:Cg3;setdate(11, 11, 1987):1
L312:Cj3;remove_event(gYoeKSF):0
L313:Cg3;remove_event(gYoeKSF):0
L314:Cg3;setdate(19, 12, 2029):1
L315:Cj3;setdate(19, 12, 2029):1
L316:Cj3;remove_event(XUborBz, 12):0
L317:Cg3;remove_event(XUborBz, 12):0
L318:Cj3;setdate(11, 12, 1996):1
L319:Cg3;setdate(11, 12, 1996):1
L320:Cj3;remove_event(qYjisZr):0
L321:Cg3;remove_event(qYjisZr):0
L322:Cg3;setdate(20, 4, 1983):1
L323:Cj3;setdate(20, 4, 1983):1
L324:Cg3;remove_event(iQcUsOE, 5, 12):0
L325:Cj3;remove_event(iQcUsOE, 5, 12):0
L326:Cj3;setdate(29, 2, 2000):1
L327:Cg3;setdate(29, 2, 2000):1
L328:Cj3;remove_event(NDVFWxt):0
L329:Cg3;remove_event(NDVFWxt):0
L330:Cg3;setdate(13, 12, 2002):1
L331:Cj3;setdate(13, 12, 2002):1
L332:Cj3;remove_event(HbIfnyk, 29, 2, 1900):0
L333:Cg3;remove_event(HbIfnyk, 29, 2, 1900):0
L334:Cg3;setdate(27, 9, 2000):1
L335:Cj3;setdate(27, 9, 2000):1
L336:Cg3;remove_event(vTfAhFx, 29, 2):0
L337:Cj3;remove_event(vTfAhFx, 29, 2):0
L338:Cg3;setdate(29, 2, 1900):0
L339:Cj3;setdate(29, 2, 1900):1
L340:Cg3;remove_event(SIBMrQc):0
L341:Cj3;remove_event(SIBMrQc):0
L342:Cj3;setdate(29, 2, 1900):1
L343:Cg3;setdate(29, 2, 1900):0
L344:Cg3;remove_event(eWFqwrX):0
L345:Cj3;remove_event(eWFqwrX):0
L346:Cg3;setdate(23, 2, 1901):1
L347:Cj3;setdate(23, 2, 1901):1
L348:Cg3;remove_event(NZbIxqS, 29):0
L349:Cj3;remove_event(NZbIxqS, 29):0
L350:Cg3;setdate(4, 1, 2011):1
L351:Cj3;setdate(4, 1, 2011):1
L352:Cg3;remove_event(FymsfPz):1
L353:Cj3;remove_event(FymsfPz):1
L354:Cj3;setdate(16, 6, 2003):1
L355:Cg3;setdate(16, 6, 2003):1
L356:Cj3;remove_event(UYygkVw, 16, 9):1
L357:Cg3;remove_event(UYygkVw, 16, 9):1
L358:Cj3;setdate(21, 9, 2027):1
L359:Cg3;setdate(21, 9, 2027):1
L360:Cj3;remove_event(EBXeZWm, 15, 3):1
L361:Cg3;remove_event(EBXeZWm, 15, 3):1
L362:Cj3;setdate(14, 10, 2006):1
L363:Cg3;setdate(14, 10, 2006):1
L364:Cj3;remove_event(lDBWjrh, 4):1
L365:Cg3;remove_event(lDBWjrh, 4):1
L366:Cg3;setdate(18, 11, 2015):1
L367:Cj3;setdate(18, 11, 2015):1
L368:Cg3;remove_event(EfOvSkl, 5, 6, 1981):1
L369:Cj3;remove_event(EfOvSkl, 5, 6, 1981):1
L370:Cj3;setdate(10, 2, 1976):1
L371:Cg3;setdate(10, 2, 1976):1
L372:Cj3;remove_event(jpOTQkP, 16, 10, 1983):1
L373:Cg3;remove_event(jpOTQkP, 16, 10, 1983):1
L374:Cg3;setdate(16, 2, 1901):1
L375:Cj3;setdate(16, 2, 1901):1
L376:Cg3;remove_event(wLlJmaU, 29):0
L377:Cj3;remove_event(wLlJmaU, 29):0
L378:Cj3;setdate(11, 11, 2000):1
L379:Cg3;setdate(11, 11, 2000):1
L380:Cj3;remove_event(jQzfKxe, 29, 2):1
L381:Cg3;remove_event(jQzfKxe, 29, 2):1
L382:Cg3;setdate(29, 2, 1900):0
L383:Cj3;setdate(29, 2, 1900):1
L384:Cj3;remove_event(UtCSAlX):1
L385:Cg3;remove_event(UtCSAlX):0
L386:Cj3;setdate(29, 2, 1901):0
L387:Cg3;setdate(29, 2, 1901):0
L388:Cg3;remove_event(XKApwqO):0
L389:Cj3;remove_event(XKApwqO):0
L390:Cj3;setdate(16, 3, 1900):1
L391:Cg3;setdate(16, 3, 1900):1
L392:Cg3;remove_event(lzDJVZY, 29, 2):0
L393:Cj3;remove_event(lzDJVZY, 29, 2):1
L394:Cg3;setdate(5, 9, 1900):1
L395:Cj3;setdate(5, 9, 1900):1
L396:Cg3;remove_event(ZUrEudj, 29, 2):0
L397:Cj3;remove_event(ZUrEudj, 29, 2):1
L398:Cg3;setdate(25, 1, 1901):1
L399:Cj3;setdate(25, 1, 1901):1
L400:Cg3;remove_event(FWPTCXn, 29, 2):0
L401:Cj3;remove_event(FWPTCXn, 29, 2):0
L402:Cj3;setdate(23, 5, 1975):1
L403:Cg3;setdate(23, 5, 1975):1
L404:Cj3;remove_event(MiuQBxc, 29, 2, 2000):1
L405:Cg3;remove_event(MiuQBxc, 29, 2, 2000):1
L406:Cj3;setdate(1, 1, 1900):1
L407:Cg3;setdate(1, 1, 1900):1
L408:Cg3;setdate(29, 2, 1900):0
L409:Cj3;setdate(29, 2, 1900):1
L410:Cg4(3x)
L411:Cj4(3x)
L412: Cj3;print
1900-05-24 : XKApwqO
1976-09-28 : bJIkfDB
1982-05-24 : ZnmUIYi
1994-01-16 : YXPThbE
2000-02-29 : NbGPZrm
2000-02-29 : rKxXOwp
2008-04-04 : TptyqzS
L413: Cg3;print
1900-05-24 : XKApwqO
1976-09-28 : bJIkfDB
1982-05-24 : ZnmUIYi
1994-01-16 : YXPThbE
2000-02-29 : NbGPZrm
2000-02-29 : rKxXOwp
2000-02-29 : ZUrEudj
2008-04-04 : TptyqzS
L414: Cg5;print
1900-06-06 : XKApwqO
1976-10-11 : bJIkfDB
1982-06-06 : ZnmUIYi
1994-01-29 : YXPThbE
2000-03-13 : NbGPZrm
2000-03-13 : rKxXOwp
2008-04-17 : TptyqzS
L415: Cj5;print
1900-05-11 : XKApwqO
1976-09-15 : bJIkfDB
1982-05-11 : ZnmUIYi
1994-01-03 : YXPThbE
2000-02-16 : NbGPZrm
2000-02-16 : rKxXOwp
2000-02-16 : ZUrEudj
2008-03-22 : TptyqzS
L416:Cg3;setdate(1, 1, 1900):1
L417:Cj3;setdate(1, 1, 1900):1
L418: Cj3;print
1900-02-29 : aVIkyGl
1900-05-24 : XKApwqO
1976-09-28 : bJIkfDB
1982-05-24 : ZnmUIYi
1994-01-16 : YXPThbE
2000-02-29 : NbGPZrm
2000-02-29 : rKxXOwp
2008-04-04 : TptyqzS
L419: Cg3;print
1900-05-24 : XKApwqO
1976-09-28 : bJIkfDB
1982-05-24 : ZnmUIYi
1994-01-16 : YXPThbE
2000-02-29 : NbGPZrm
2000-02-29 : rKxXOwp
2000-02-29 : ZUrEudj
2008-04-04 : TptyqzS
L420: Cj5;print
1900-05-11 : XKApwqO
1976-09-15 : bJIkfDB
1982-05-11 : ZnmUIYi
1994-01-03 : YXPThbE
2000-02-16 : NbGPZrm
2000-02-16 : rKxXOwp
2000-02-16 : ZUrEudj
2008-03-22 : TptyqzS
L421: Cg5;print
1900-06-06 : XKApwqO
1976-10-11 : bJIkfDB
1982-06-06 : ZnmUIYi
1994-01-29 : YXPThbE
2000-03-13 : NbGPZrm
2000-03-13 : rKxXOwp
2008-04-17 : TptyqzS
L422:Cg3 deleted
L423:Cj3 deleted
L424:Cj5 deleted
L425:Cg5 deleted
L426:Cj6 created
L427:Cg6 created
L428:Cg6;setdate(1, 10, 1985):1
L429:Cj6;setdate(1, 10, 1985):1
L430:Cg6;add_event(qFewlPo, 21):1
L431:Cj6;add_event(qFewlPo, 21):1
L432:Cg6;setdate(21, 4, 2025):1
L433:Cj6;setdate(21, 4, 2025):1
L434:Cj6;add_event(IwSjqAM, 11, 10, 2020):1
L435:Cg6;add_event(IwSjqAM, 11, 10, 2020):1
L436:Cg6;setdate(22, 6, 1992):1
L437:Cj6;setdate(22, 6, 1992):1
L438:Cg6;add_event(aLmiDVt, 8, 10, 1984):1
L439:Cj6;add_event(aLmiDVt, 8, 10, 1984):1
L440:Cj6;setdate(3, 2, 2029):1
L441:Cg6;setdate(3, 2, 2029):1
L442:Cg6;add_event(DhtVXwQ, 4):1
L443:Cj6;add_event(DhtVXwQ, 4):1
L444:Cg6;setdate(6, 6, 2001):1
L445:Cj6;setdate(6, 6, 2001):1
L446:Cj6;add_event(AmwyJOq, 16, 12):1
L447:Cg6;add_event(AmwyJOq, 16, 12):1
L448:Cg6;setdate(6, 12, 1976):1
L449:Cj6;setdate(6, 12, 1976):1
L450:Cj6;add_event(ubFPpem, 9, 12, 2029):1
L451:Cg6;add_event(ubFPpem, 9, 12, 2029):1
L452:Cj6;setdate(17, 8, 1997):1
L453:Cg6;setdate(17, 8, 1997):1
L454:Cg6;add_event(BZEJDRx, 10, 9):1
L455:Cj6;add_event(BZEJDRx, 10, 9):1
L456:Cj6;setdate(19, 6, 2006):1
L457:Cg6;setdate(19, 6, 2006):1
L458:Cg6;add_event(gkoDIwt, 15):1
L459:Cj6;add_event(gkoDIwt, 15):1
L460:Cg6;setdate(19, 9, 2030):1
L461:Cj6;setdate(19, 9, 2030):1
L462:Cj6;add_event(sQrxDaF, 9, 10):1
L463:Cg6;add_event(sQrxDaF, 9, 10):1
L464:Cj6;setdate(25, 12, 2004):1
L465:Cg6;setdate(25, 12, 2004):1
L466:Cg6;add_event(JIUHjfw):1
L467:Cj6;add_event(JIUHjfw):1
L468:Cg6;setdate(26, 7, 2035):1
L469:Cj6;setdate(26, 7, 2035):1
L470:Cg6;add_event(zhILWlx, 29, 2, 1900):0
L471:Cj6;add_event(zhILWlx, 29, 2, 1900):1
L472:Cg6;setdate(16, 2, 1901):1
L473:Cj6;setdate(16, 2, 1901):1
L474:Cg6;add_event(IGCTsgz, 29):0
L475:Cj6;add_event(IGCTsgz, 29):0
L476:Cj6;setdate(13, 2, 2000):1
L477:Cg6;setdate(13, 2, 2000):1
L478:Cg6;add_event(FuDLSKR, 29, 2):1
L479:Cj6;add_event(FuDLSKR, 29, 2):1
L480:Cj6;setdate(18, 3, 1900):1
L481:Cg6;setdate(18, 3, 1900):1
L482:Cg6;add_event(RkZUwHY, 29, 2):0
L483:Cj6;add_event(RkZUwHY, 29, 2):1
L484:Cg6;setdate(29, 2, 1901):0
L485:Cj6;setdate(29, 2, 1901):0
L486:Cg6;add_event(TfxAkXt):1
L487:Cj6;add_event(TfxAkXt):1
L488:Cj6;setdate(13, 2, 2000):1
L489:Cg6;setdate(13, 2, 2000):1
L490:Cg6;add_event(ONWwjoC, 29):1
L491:Cj6;add_event(ONWwjoC, 29):1
L492:Cj6;setdate(6, 8, 1900):1
L493:Cg6;setdate(6, 8, 1900):1
L494:Cj6;add_event(pCjmDBd, 29, 2):1
L495:Cg6;add_event(pCjmDBd, 29, 2):0
L496:Cg6;setdate(8, 10, 1977):1
L497:Cj6;setdate(8, 10, 1977):1
L498:Cj6;add_event(trIkATU, 29, 2, 1901):0
L499:Cg6;add_event(trIkATU, 29, 2, 1901):0
L500:Cj6;setdate(29, 2, 2000):1
L501:Cg6;setdate(29, 2, 2000):1
L502:Cj6;add_event(CPcuZwi):1
L503:Cg6;add_event(CPcuZwi):1
L504:Cj6;setdate(29, 2, 1900):1
L505:Cg6;setdate(29, 2, 1900):0
L506:Cg6;add_event(QIwYCnE):1
L507:Cj6;add_event(QIwYCnE):1
L508:Cg6;setdate(19, 2, 1901):1
L509:Cj6;setdate(19, 2, 1901):1
L510:Cj6;add_event(mwopvQl, 29):0
L511:Cg6;add_event(mwopvQl, 29):0
L512:Cj6;setdate(17, 10, 2000):1
L513:Cg6;setdate(17, 10, 2000):1
L514:Cg6;add_event(PZSLUdF, 29, 2):1
L515:Cj6;add_event(PZSLUdF, 29, 2):1
L516:Cg6;setdate(1, 1, 1900):1
L517:Cj6;setdate(1, 1, 1900):1
L518:Cg6;setdate(29, 2, 1900):0
L519:Cj6;setdate(29, 2, 1900):1
L520:Cj6(6x)
L521:Cg6(6x)
L522: Cg6;print
1900-03-18 : TfxAkXt
1984-10-08 : aLmiDVt
1985-10-21 : qFewlPo
1997-09-10 : BZEJDRx
2000-02-29 : FuDLSKR
2000-02-29 : ONWwjoC
2000-02-29 : CPcuZwi
2000-02-29 : QIwYCnE
2000-02-29 : PZSLUdF
2001-12-16 : AmwyJOq
2004-12-25 : JIUHjfw
2006-06-15 : gkoDIwt
2020-10-11 : IwSjqAM
2029-02-04 : DhtVXwQ
2029-12-09 : ubFPpem
2030-10-09 : sQrxDaF
L523: Cj6;print
1900-03-18 : TfxAkXt
1984-10-08 : aLmiDVt
1985-10-21 : qFewlPo
1997-09-10 : BZEJDRx
2000-02-29 : FuDLSKR
2000-02-29 : ONWwjoC
2000-02-29 : CPcuZwi
2000-02-29 : PZSLUdF
2001-12-16 : AmwyJOq
2004-12-25 : JIUHjfw
2006-06-15 : gkoDIwt
2020-10-11 : IwSjqAM
2029-02-04 : DhtVXwQ
2029-12-09 : ubFPpem
2030-10-09 : sQrxDaF
L524: Cj7;print
1900-03-05 : TfxAkXt
1984-09-25 : aLmiDVt
1985-10-08 : qFewlPo
1997-08-28 : BZEJDRx
2000-02-16 : FuDLSKR
2000-02-16 : ONWwjoC
2000-02-16 : CPcuZwi
2000-02-16 : QIwYCnE
2000-02-16 : PZSLUdF
2001-12-03 : AmwyJOq
2004-12-12 : JIUHjfw
2006-06-02 : gkoDIwt
2020-09-28 : IwSjqAM
2029-01-22 : DhtVXwQ
2029-11-26 : ubFPpem
2030-09-26 : sQrxDaF
L525: Cg7;print
1900-03-31 : TfxAkXt
1984-10-21 : aLmiDVt
1985-11-03 : qFewlPo
1997-09-23 : BZEJDRx
2000-03-13 : FuDLSKR
2000-03-13 : ONWwjoC
2000-03-13 : CPcuZwi
2000-03-13 : PZSLUdF
2001-12-29 : AmwyJOq
2005-01-07 : JIUHjfw
2006-06-28 : gkoDIwt
2020-10-24 : IwSjqAM
2029-02-17 : DhtVXwQ
2029-12-22 : ubFPpem
2030-10-22 : sQrxDaF
L526:Cg6;setdate(1, 1, 1900):1
L527:Cj6;setdate(1, 1, 1900):1
L528: Cj6;print
1900-02-29 : zhILWlx
1900-02-29 : RkZUwHY
1900-02-29 : pCjmDBd
1900-02-29 : QIwYCnE
1900-03-18 : TfxAkXt
1984-10-08 : aLmiDVt
1985-10-21 : qFewlPo
1997-09-10 : BZEJDRx
2000-02-29 : FuDLSKR
2000-02-29 : ONWwjoC
2000-02-29 : CPcuZwi
2000-02-29 : PZSLUdF
2001-12-16 : AmwyJOq
2004-12-25 : JIUHjfw
2006-06-15 : gkoDIwt
2020-10-11 : IwSjqAM
2029-02-04 : DhtVXwQ
2029-12-09 : ubFPpem
2030-10-09 : sQrxDaF
L529: Cg6;print
1900-03-18 : TfxAkXt
1984-10-08 : aLmiDVt
1985-10-21 : qFewlPo
1997-09-10 : BZEJDRx
2000-02-29 : FuDLSKR
2000-02-29 : ONWwjoC
2000-02-29 : CPcuZwi
2000-02-29 : QIwYCnE
2000-02-29 : PZSLUdF
2001-12-16 : AmwyJOq
2004-12-25 : JIUHjfw
2006-06-15 : gkoDIwt
2020-10-11 : IwSjqAM
2029-02-04 : DhtVXwQ
2029-12-09 : ubFPpem
2030-10-09 : sQrxDaF
L530: Cj7;print
1900-03-05 : TfxAkXt
1984-09-25 : aLmiDVt
1985-10-08 : qFewlPo
1997-08-28 : BZEJDRx
2000-02-16 : FuDLSKR
2000-02-16 : ONWwjoC
2000-02-16 : CPcuZwi
2000-02-16 : QIwYCnE
2000-02-16 : PZSLUdF
2001-12-03 : AmwyJOq
2004-12-12 : JIUHjfw
2006-06-02 : gkoDIwt
2020-09-28 : IwSjqAM
2029-01-22 : DhtVXwQ
2029-11-26 : ubFPpem
2030-09-26 : sQrxDaF
L531: Cg7;print
1900-03-31 : TfxAkXt
1984-10-21 : aLmiDVt
1985-11-03 : qFewlPo
1997-09-23 : BZEJDRx
2000-03-13 : FuDLSKR
2000-03-13 : ONWwjoC
2000-03-13 : CPcuZwi
2000-03-13 : PZSLUdF
2001-12-29 : AmwyJOq
2005-01-07 : JIUHjfw
2006-06-28 : gkoDIwt
2020-10-24 : IwSjqAM
2029-02-17 : DhtVXwQ
2029-12-22 : ubFPpem
2030-10-22 : sQrxDaF
L532:Cj7 deleted
L533:Cg7 deleted
L534:Cg6;setdate(22, 8, 1977):1
L535:Cj6;setdate(22, 8, 1977):1
L536:Cg6;remove_event(MBYSNvi):0
L537:Cj6;remove_event(MBYSNvi):0
L538:Cg6;setdate(17, 5, 2037):1
L539:Cj6;setdate(17, 5, 2037):1
L540:Cg6;remove_event(rXERvIZ):0
L541:Cj6;remove_event(rXERvIZ):0
L542:Cg6;setdate(23, 5, 2027):1
L543:Cj6;setdate(23, 5, 2027):1
L544:Cg6;remove_event(zOhLCcD, 2):0
L545:Cj6;remove_event(zOhLCcD, 2):0
L546:Cj6;setdate(6, 5, 2008):1
L547:Cg6;setdate(6, 5, 2008):1
L548:Cg6;remove_event(NtbasMp, 5, 4, 1990):0
L549:Cj6;remove_event(NtbasMp, 5, 4, 1990):0
L550:Cg6;setdate(14, 3, 1987):1
L551:Cj6;setdate(14, 3, 1987):1
L552:Cj6;remove_event(gYoeKSF, 11, 11):0
L553:Cg6;remove_event(gYoeKSF, 11, 11):0
L554:Cg6;setdate(12, 12, 2029):1
L555:Cj6;setdate(12, 12, 2029):1
L556:Cg6;remove_event(XUborBz):0
L557:Cj6;remove_event(XUborBz):0
L558:Cj6;setdate(9, 7, 1986):1
L559:Cg6;setdate(9, 7, 1986):1
L560:Cg6;remove_event(qYjisZr, 11, 12, 1996):0
L561:Cj6;remove_event(qYjisZr, 11, 12, 1996):0
L562:Cj6;setdate(5, 12, 1983):1
L563:Cg6;setdate(5, 12, 1983):1
L564:Cj6;remove_event(iQcUsOE):0
L565:Cg6;remove_event(iQcUsOE):0
L566:Cg6;setdate(3, 9, 1992):1
L567:Cj6;setdate(3, 9, 1992):1
L568:Cj6;remove_event(NDVFWxt, 29, 2, 2000):0
L569:Cg6;remove_event(NDVFWxt, 29, 2, 2000):0
L570:Cj6;setdate(22, 5, 1998):1
L571:Cg6;setdate(22, 5, 1998):1
L572:Cg6;remove_event(HbIfnyk, 29, 2, 1900):0
L573:Cj6;remove_event(HbIfnyk, 29, 2, 1900):0
L574:Cg6;setdate(3, 2, 2000):1
L575:Cj6;setdate(3, 2, 2000):1
L576:Cg6;remove_event(vTfAhFx, 29):0
L577:Cj6;remove_event(vTfAhFx, 29):0
L578:Cj6;setdate(17, 8, 1900):1
L579:Cg6;setdate(17, 8, 1900):1
L580:Cg6;remove_event(SIBMrQc, 29, 2):0
L581:Cj6;remove_event(SIBMrQc, 29, 2):0
L582:Cg6;setdate(7, 4, 2001):1
L583:Cj6;setdate(7, 4, 2001):1
L584:Cg6;remove_event(eWFqwrX, 29, 2, 1900):0
L585:Cj6;remove_event(eWFqwrX, 29, 2, 1900):0
L586:Cj6;setdate(8, 2, 1901):1
L587:Cg6;setdate(8, 2, 1901):1
L588:Cj6;remove_event(NZbIxqS, 29):0
L589:Cg6;remove_event(NZbIxqS, 29):0
L590:Cj6;setdate(1, 9, 2011):1
L591:Cg6;setdate(1, 9, 2011):1
L592:Cj6;remove_event(FymsfPz, 4, 1):0
L593:Cg6;remove_event(FymsfPz, 4, 1):0
L594:Cg6;setdate(23, 9, 2003):1
L595:Cj6;setdate(23, 9, 2003):1
L596:Cg6;remove_event(UYygkVw, 16):0
L597:Cj6;remove_event(UYygkVw, 16):0
L598:Cg6;setdate(15, 3, 2027):1
L599:Cj6;setdate(15, 3, 2027):1
L600:Cj6;remove_event(EBXeZWm):0
L601:Cg6;remove_event(EBXeZWm):0
L602:Cg6;setdate(26, 10, 2006):1
L603:Cj6;setdate(26, 10, 2006):1
L604:Cj6;remove_event(lDBWjrh, 4):0
L605:Cg6;remove_event(lDBWjrh, 4):0
L606:Cj6;setdate(1, 6, 1981):1
L607:Cg6;setdate(1, 6, 1981):1
L608:Cg6;remove_event(EfOvSkl, 5):0
L609:Cj6;remove_event(EfOvSkl, 5):0
L610:Cj6;setdate(16, 10, 1983):1
L611:Cg6;setdate(16, 10, 1983):1
L612:Cg6;remove_event(jpOTQkP):0
L613:Cj6;remove_event(jpOTQkP):0
L614:Cj6;setdate(7, 2, 1901):1
L615:Cg6;setdate(7, 2, 1901):1
L616:Cg6;remove_event(wLlJmaU, 29, 2):0
L617:Cj6;remove_event(wLlJmaU, 29, 2):0
L618:Cg6;setdate(17, 7, 2029):1
L619:Cj6;setdate(17, 7, 2029):1
L620:Cg6;remove_event(jQzfKxe, 29, 2, 2000):0
L621:Cj6;remove_event(jQzfKxe, 29, 2, 2000):0
L622:Cg6;setdate(6, 2, 1900):1
L623:Cj6;setdate(6, 2, 1900):1
L624:Cg6;remove_event(UtCSAlX, 29):0
L625:Cj6;remove_event(UtCSAlX, 29):0
L626:Cg6;setdate(10, 5, 2031):1
L627:Cj6;setdate(10, 5, 2031):1
L628:Cj6;remove_event(XKApwqO, 29, 2, 1901):0
L629:Cg6;remove_event(XKApwqO, 29, 2, 1901):0
L630:Cj6;setdate(29, 2, 1900):1
L631:Cg6;setdate(29, 2, 1900):0
L632:Cg6;remove_event(lzDJVZY):0
L633:Cj6;remove_event(lzDJVZY):0
L634:Cg6;setdate(29, 2, 1900):0
L635:Cj6;setdate(29, 2, 1900):1
L636:Cg6;remove_event(ZUrEudj):0
L637:Cj6;remove_event(ZUrEudj):0
L638:Cg6;setdate(29, 2, 1901):0
L639:Cj6;setdate(29, 2, 1901):0
L640:Cj6;remove_event(FWPTCXn):0
L641:Cg6;remove_event(FWPTCXn):0
L642:Cg6;setdate(21, 5, 2000):1
L643:Cj6;setdate(21, 5, 2000):1
L644:Cj6;remove_event(MiuQBxc, 29, 2):0
L645:Cg6;remove_event(MiuQBxc, 29, 2):0
L646:Cg6;setdate(8, 10, 1984):1
L647:Cj6;setdate(8, 10, 1984):1
L648:Cg6;remove_event(aLmiDVt):1
L649:Cj6;remove_event(aLmiDVt):1
L650:Cg6;setdate(5, 5, 2020):1
L651:Cj6;setdate(5, 5, 2020):1
L652:Cj6;remove_event(DhtVXwQ, 4, 2, 2029):1
L653:Cg6;remove_event(DhtVXwQ, 4, 2, 2029):1
L654:Cj6;setdate(17, 8, 2029):1
L655:Cg6;setdate(17, 8, 2029):1
L656:Cj6;remove_event(ubFPpem, 9, 12):1
L657:Cg6;remove_event(ubFPpem, 9, 12):1
L658:Cg6;setdate(9, 9, 1997):1
L659:Cj6;setdate(9, 9, 1997):1
L660:Cg6;remove_event(BZEJDRx, 10):1
L661:Cj6;remove_event(BZEJDRx, 10):1
L662:Cg6;setdate(2, 12, 2006):1
L663:Cj6;setdate(2, 12, 2006):1
L664:Cg6;remove_event(gkoDIwt, 15, 6):1
L665:Cj6;remove_event(gkoDIwt, 15, 6):1
L666:Cg6;setdate(23, 12, 2005):1
L667:Cj6;setdate(23, 12, 2005):1
L668:Cg6;remove_event(sQrxDaF, 9, 10, 2030):1
L669:Cj6;remove_event(sQrxDaF, 9, 10, 2030):1
L670:Cg6;setdate(29, 2, 1900):0
L671:Cj6;setdate(29, 2, 1900):1
L672:Cg6;remove_event(pCjmDBd):0
L673:Cj6;remove_event(pCjmDBd):1
L674:Cj6;setdate(25, 2, 1901):1
L675:Cg6;setdate(25, 2, 1901):1
L676:Cj6;remove_event(trIkATU, 29):0
L677:Cg6;remove_event(trIkATU, 29):0
L678:Cj6;setdate(28, 9, 2000):1
L679:Cg6;setdate(28, 9, 2000):1
L680:Cj6;remove_event(CPcuZwi, 29, 2):1
L681:Cg6;remove_event(CPcuZwi, 29, 2):1
L682:Cg6;setdate(11, 2, 1901):1
L683:Cj6;setdate(11, 2, 1901):1
L684:Cg6;remove_event(mwopvQl, 29):0
L685:Cj6;remove_event(mwopvQl, 29):0
L686:Cg6;setdate(13, 2, 2000):1
L687:Cj6;setdate(13, 2, 2000):1
L688:Cj6;remove_event(PZSLUdF, 29):1
L689:Cg6;remove_event(PZSLUdF, 29):1
L690:Cg6;setdate(1, 1, 1900):1
L691:Cj6;setdate(1, 1, 1900):1
L692:Cg6;setdate(29, 2, 1900):0
L693:Cj6;setdate(29, 2, 1900):1
L694:Cg7(6x)
L695:Cj7(6x)
L696: Cj6;print
1900-03-18 : TfxAkXt
1985-10-21 : qFewlPo
2000-02-29 : FuDLSKR
2000-02-29 : ONWwjoC
2001-12-16 : AmwyJOq
2004-12-25 : JIUHjfw
2020-10-11 : IwSjqAM
L697: Cg6;print
1900-03-18 : TfxAkXt
1985-10-21 : qFewlPo
2000-02-29 : FuDLSKR
2000-02-29 : ONWwjoC
2000-02-29 : QIwYCnE
2001-12-16 : AmwyJOq
2004-12-25 : JIUHjfw
2020-10-11 : IwSjqAM
L698: Cj8;print
1900-03-05 : TfxAkXt
1985-10-08 : qFewlPo
2000-02-16 : FuDLSKR
2000-02-16 : ONWwjoC
2000-02-16 : QIwYCnE
2001-12-03 : AmwyJOq
2004-12-12 : JIUHjfw
2020-09-28 : IwSjqAM
L699: Cg8;print
1900-03-31 : TfxAkXt
1985-11-03 : qFewlPo
2000-03-13 : FuDLSKR
2000-03-13 : ONWwjoC
2001-12-29 : AmwyJOq
2005-01-07 : JIUHjfw
2020-10-24 : IwSjqAM
L700:Cg6;setdate(1, 1, 1900):1
L701:Cj6;setdate(1, 1, 1900):1
L702: Cg6;print
1900-03-18 : TfxAkXt
1985-10-21 : qFewlPo
2000-02-29 : FuDLSKR
2000-02-29 : ONWwjoC
2000-02-29 : QIwYCnE
2001-12-16 : AmwyJOq
2004-12-25 : JIUHjfw
2020-10-11 : IwSjqAM
L703: Cj6;print
1900-02-29 : zhILWlx
1900-02-29 : RkZUwHY
1900-02-29 : QIwYCnE
1900-03-18 : TfxAkXt
1985-10-21 : qFewlPo
2000-02-29 : FuDLSKR
2000-02-29 : ONWwjoC
2001-12-16 : AmwyJOq
2004-12-25 : JIUHjfw
2020-10-11 : IwSjqAM
L704: Cj8;print
1900-03-05 : TfxAkXt
1985-10-08 : qFewlPo
2000-02-16 : FuDLSKR
2000-02-16 : ONWwjoC
2000-02-16 : QIwYCnE
2001-12-03 : AmwyJOq
2004-12-12 : JIUHjfw
2020-09-28 : IwSjqAM
L705: Cg8;print
1900-03-31 : TfxAkXt
1985-11-03 : qFewlPo
2000-03-13 : FuDLSKR
2000-03-13 : ONWwjoC
2001-12-29 : AmwyJOq
2005-01-07 : JIUHjfw
2020-10-24 : IwSjqAM
L706:Cg6 deleted
L707:Cj6 deleted
L708:Cj8 deleted
L709:Cg8 deleted
L710:Cj9 created
L711:Cg9 created
L712:Cj9;setdate(22, 11, 1994):1
L713:Cg9;setdate(22, 11, 1994):1
L714:Cg9;add_event(FYaqyQw, 26, 3, 1982):1
L715:Cj9;add_event(FYaqyQw, 26, 3, 1982):1
L716:Cg9;setdate(2, 10, 1987):1
L717:Cj9;setdate(2, 10, 1987):1
L718:Cj9;add_event(rfnQsuN):1
L719:Cg9;add_event(rfnQsuN):1
L720:Cj9;setdate(9, 10, 1974):1
L721:Cg9;setdate(9, 10, 1974):1
L722:Cg9;add_event(IuJZehq):1
L723:Cj9;add_event(IuJZehq):1
L724:Cg9;setdate(11, 11, 1986):1
L725:Cj9;setdate(11, 11, 1986):1
L726:Cg9;add_event(GIJrWXA):1
L727:Cj9;add_event(GIJrWXA):1
L728:Cg9;setdate(14, 10, 2031):1
L729:Cj9;setdate(14, 10, 2031):1
L730:Cj9;add_event(kELMXgA, 26):1
L731:Cg9;add_event(kELMXgA, 26):1
L732:Cg9;setdate(25, 6, 1989):1
L733:Cj9;setdate(25, 6, 1989):1
L734:Cg9;add_event(ybzlmSo, 4):1
L735:Cj9;add_event(ybzlmSo, 4):1
L736:Cj9;setdate(11, 4, 1990):1
L737:Cg9;setdate(11, 4, 1990):1
L738:Cj9;add_event(TsciMAR, 24, 5, 2014):1
L739:Cg9;add_event(TsciMAR, 24, 5, 2014):1
L740:Cj9;setdate(2, 11, 2013):1
L741:Cg9;setdate(2, 11, 2013):1
L742:Cg9;add_event(dmahxTz, 23, 9, 2006):1
L743:Cj9;add_event(dmahxTz, 23, 9, 2006):1
L744:Cg9;setdate(11, 3, 2027):1
L745:Cj9;setdate(11, 3, 2027):1
L746:Cg9;add_event(TBdPreG, 6):1
L747:Cj9;add_event(TBdPreG, 6):1
L748:Cg9;setdate(9, 3, 2010):1
L749:Cj9;setdate(9, 3, 2010):1
L750:Cg9;add_event(FSgmOpN, 3):1
L751:Cj9;add_event(FSgmOpN, 3):1
L752:Cg9;setdate(13, 2, 1900):1
L753:Cj9;setdate(13, 2, 1900):1
L754:Cj9;add_event(utbHeXG, 29):1
L755:Cg9;add_event(utbHeXG, 29):0
L756:Cg9;setdate(29, 2, 1901):0
L757:Cj9;setdate(29, 2, 1901):0
L758:Cg9;add_event(rDyXoaI):1
L759:Cj9;add_event(rDyXoaI):1
L760:Cj9;setdate(9, 10, 2000):1
L761:Cg9;setdate(9, 10, 2000):1
L762:Cj9;add_event(jWxwbJO, 29, 2):1
L763:Cg9;add_event(jWxwbJO, 29, 2):1
L764:Cj9;setdate(26, 10, 2022):1
L765:Cg9;setdate(26, 10, 2022):1
L766:Cj9;add_event(KaBcNqi, 29, 2, 1900):1
L767:Cg9;add_event(KaBcNqi, 29, 2, 1900):0
L768:Cg9;setdate(17, 6, 2014):1
L769:Cj9;setdate(17, 6, 2014):1
L770:Cg9;add_event(LdJkVgp, 29, 2, 1901):0
L771:Cj9;add_event(LdJkVgp, 29, 2, 1901):0
L772:Cj9;setdate(2, 5, 2000):1
L773:Cg9;setdate(2, 5, 2000):1
L774:Cg9;add_event(dopDCWg, 29, 2):1
L775:Cj9;add_event(dopDCWg, 29, 2):1
L776:Cg9;setdate(29, 2, 1900):0
L777:Cj9;setdate(29, 2, 1900):1
L778:Cj9;add_event(KBOkDGc):1
L779:Cg9;add_event(KBOkDGc):1
L780:Cg9;setdate(29, 2, 1901):0
L781:Cj9;setdate(29, 2, 1901):0
L782:Cg9;add_event(HQieFon):1
L783:Cj9;add_event(HQieFon):1
L784:Cj9;setdate(6, 4, 2000):1
L785:Cg9;setdate(6, 4, 2000):1
L786:Cg9;add_event(hsEuqWI, 29, 2):1
L787:Cj9;add_event(hsEuqWI, 29, 2):1
L788:Cg9;setdate(11, 2, 1900):1
L789:Cj9;setdate(11, 2, 1900):1
L790:Cj9;add_event(ZrcIFwj, 29):1
L791:Cg9;add_event(ZrcIFwj, 29):0
L792:Cg9;setdate(27, 2, 1901):1
L793:Cj9;setdate(27, 2, 1901):1
L794:Cg9;add_event(rDnbejd, 29):0
L795:Cj9;add_event(rDnbejd, 29):0
L796:Cj9;setdate(29, 2, 2000):1
L797:Cg9;setdate(29, 2, 2000):1
L798:Cj9;add_event(EpCgoZi):1
L799:Cg9;add_event(EpCgoZi):1
L800:Cj9;setdate(1, 1, 1900):1
L801:Cg9;setdate(1, 1, 1900):1
L802:Cg9;setdate(29, 2, 1900):0
L803:Cj9;setdate(29, 2, 1900):1
L804:Cj9(9x)
L805:Cg9(9x)
L806: Cg9;print
1900-02-13 : rDyXoaI
1974-10-09 : IuJZehq
1982-03-26 : FYaqyQw
1986-11-11 : GIJrWXA
1987-10-02 : rfnQsuN
1989-06-04 : ybzlmSo
2000-02-29 : jWxwbJO
2000-02-29 : dopDCWg
2000-02-29 : hsEuqWI
2000-02-29 : EpCgoZi
2000-05-02 : KBOkDGc
2000-05-02 : HQieFon
2006-09-23 : dmahxTz
2010-03-03 : FSgmOpN
2014-05-24 : TsciMAR
2027-03-06 : TBdPreG
2031-10-26 : kELMXgA
L807: Cj9;print
1974-10-09 : IuJZehq
1982-03-26 : FYaqyQw
1986-11-11 : GIJrWXA
1987-10-02 : rfnQsuN
1989-06-04 : ybzlmSo
2000-02-29 : jWxwbJO
2000-02-29 : dopDCWg
2000-02-29 : hsEuqWI
2000-02-29 : EpCgoZi
2006-09-23 : dmahxTz
2010-03-03 : FSgmOpN
2014-05-24 : TsciMAR
2027-03-06 : TBdPreG
2031-10-26 : kELMXgA
L808: Cj10;print
1900-02-01 : rDyXoaI
1974-09-26 : IuJZehq
1982-03-13 : FYaqyQw
1986-10-29 : GIJrWXA
1987-09-19 : rfnQsuN
1989-05-22 : ybzlmSo
2000-02-16 : jWxwbJO
2000-02-16 : dopDCWg
2000-02-16 : hsEuqWI
2000-02-16 : EpCgoZi
2000-04-19 : KBOkDGc
2000-04-19 : HQieFon
2006-09-10 : dmahxTz
2010-02-18 : FSgmOpN
2014-05-11 : TsciMAR
2027-02-21 : TBdPreG
2031-10-13 : kELMXgA
L809: Cg10;print
1974-10-22 : IuJZehq
1982-04-08 : FYaqyQw
1986-11-24 : GIJrWXA
1987-10-15 : rfnQsuN
1989-06-17 : ybzlmSo
2000-03-13 : jWxwbJO
2000-03-13 : dopDCWg
2000-03-13 : hsEuqWI
2000-03-13 : EpCgoZi
2006-10-06 : dmahxTz
2010-03-16 : FSgmOpN
2014-06-06 : TsciMAR
2027-03-19 : TBdPreG
2031-11-08 : kELMXgA
L810:Cj9;setdate(1, 1, 1900):1
L811:Cg9;setdate(1, 1, 1900):1
L812: Cj9;print
1900-02-13 : rDyXoaI
1900-02-29 : utbHeXG
1900-02-29 : KaBcNqi
1900-02-29 : KBOkDGc
1900-02-29 : HQieFon
1900-02-29 : ZrcIFwj
1974-10-09 : IuJZehq
1982-03-26 : FYaqyQw
1986-11-11 : GIJrWXA
1987-10-02 : rfnQsuN
1989-06-04 : ybzlmSo
2000-02-29 : jWxwbJO
2000-02-29 : dopDCWg
2000-02-29 : hsEuqWI
2000-02-29 : EpCgoZi
2006-09-23 : dmahxTz
2010-03-03 : FSgmOpN
2014-05-24 : TsciMAR
2027-03-06 : TBdPreG
2031-10-26 : kELMXgA
L813: Cg9;print
1900-02-13 : rDyXoaI
1974-10-09 : IuJZehq
1982-03-26 : FYaqyQw
1986-11-11 : GIJrWXA
1987-10-02 : rfnQsuN
1989-06-04 : ybzlmSo
2000-02-29 : jWxwbJO
2000-02-29 : dopDCWg
2000-02-29 : hsEuqWI
2000-02-29 : EpCgoZi
2000-05-02 : KBOkDGc
2000-05-02 : HQieFon
2006-09-23 : dmahxTz
2010-03-03 : FSgmOpN
2014-05-24 : TsciMAR
2027-03-06 : TBdPreG
2031-10-26 : kELMXgA
L814: Cj10;print
1900-02-01 : rDyXoaI
1974-09-26 : IuJZehq
1982-03-13 : FYaqyQw
1986-10-29 : GIJrWXA
1987-09-19 : rfnQsuN
1989-05-22 : ybzlmSo
2000-02-16 : jWxwbJO
2000-02-16 : dopDCWg
2000-02-16 : hsEuqWI
2000-02-16 : EpCgoZi
2000-04-19 : KBOkDGc
2000-04-19 : HQieFon
2006-09-10 : dmahxTz
2010-02-18 : FSgmOpN
2014-05-11 : TsciMAR
2027-02-21 : TBdPreG
2031-10-13 : kELMXgA
L815: Cg10;print
1974-10-22 : IuJZehq
1982-04-08 : FYaqyQw
1986-11-24 : GIJrWXA
1987-10-15 : rfnQsuN
1989-06-17 : ybzlmSo
2000-03-13 : jWxwbJO
2000-03-13 : dopDCWg
2000-03-13 : hsEuqWI
2000-03-13 : EpCgoZi
2006-10-06 : dmahxTz
2010-03-16 : FSgmOpN
2014-06-06 : TsciMAR
2027-03-19 : TBdPreG
2031-11-08 : kELMXgA
L816:Cj10 deleted
L817:Cg10 deleted
L818:Cg9;setdate(24, 6, 2030):1
L819:Cj9;setdate(24, 6, 2030):1
L820:Cg9;remove_event(MBYSNvi, 22, 8, 1977):0
L821:Cj9;remove_event(MBYSNvi, 22, 8, 1977):0
L822:Cj9;setdate(7, 5, 2037):1
L823:Cg9;setdate(7, 5, 2037):1
L824:Cj9;remove_event(rXERvIZ, 17):0
L825:Cg9;remove_event(rXERvIZ, 17):0
L826:Cg9;setdate(27, 11, 2034):1
L827:Cj9;setdate(27, 11, 2034):1
L828:Cg9;remove_event(zOhLCcD, 2, 5, 2027):0
L829:Cj9;remove_event(zOhLCcD, 2, 5, 2027):0
L830:Cg9;setdate(9, 10, 1992):1
L831:Cj9;setdate(9, 10, 1992):1
L832:Cj9;remove_event(NtbasMp, 5, 4, 1990):0
L833:Cg9;remove_event(NtbasMp, 5, 4, 1990):0
L834:Cj9;setdate(11, 11, 1987):1
L835:Cg9;setdate(11, 11, 1987):1
L836:Cj9;remove_event(gYoeKSF):0
L837:Cg9;remove_event(gYoeKSF):0
L838:Cg9;setdate(17, 12, 2029):1
L839:Cj9;setdate(17, 12, 2029):1
L840:Cg9;remove_event(XUborBz, 12):0
L841:Cj9;remove_event(XUborBz, 12):0
L842:Cg9;setdate(2, 12, 1996):1
L843:Cj9;setdate(2, 12, 1996):1
L844:Cg9;remove_event(qYjisZr, 11):0
L845:Cj9;remove_event(qYjisZr, 11):0
L846:Cj9;setdate(7, 8, 2034):1
L847:Cg9;setdate(7, 8, 2034):1
L848:Cj9;remove_event(iQcUsOE, 5, 12, 1983):0
L849:Cg9;remove_event(iQcUsOE, 5, 12, 1983):0
L850:Cj9;setdate(12, 2, 2000):1
L851:Cg9;setdate(12, 2, 2000):1
L852:Cj9;remove_event(NDVFWxt, 29):0
L853:Cg9;remove_event(NDVFWxt, 29):0
L854:Cg9;setdate(3, 7, 1900):1
L855:Cj9;setdate(3, 7, 1900):1
L856:Cj9;remove_event(HbIfnyk, 29, 2):0
L857:Cg9;remove_event(HbIfnyk, 29, 2):0
L858:Cg9;setdate(29, 2, 2000):1
L859:Cj9;setdate(29, 2, 2000):1
L860:Cj9;remove_event(vTfAhFx):0
L861:Cg9;remove_event(vTfAhFx):0
L862:Cg9;setdate(13, 10, 1970):1
L863:Cj9;setdate(13, 10, 1970):1
L864:Cj9;remove_event(SIBMrQc, 29, 2, 1900):0
L865:Cg9;remove_event(SIBMrQc, 29, 2, 1900):0
L866:Cg9;setdate(2, 2, 1900):1
L867:Cj9;setdate(2, 2, 1900):1
L868:Cg9;remove_event(eWFqwrX, 29):0
L869:Cj9;remove_event(eWFqwrX, 29):0
L870:Cj9;setdate(27, 10, 2025):1
L871:Cg9;setdate(27, 10, 2025):1
L872:Cj9;remove_event(NZbIxqS, 29, 2, 1901):0
L873:Cg9;remove_event(NZbIxqS, 29, 2, 1901):0
L874:Cj9;setdate(8, 9, 1997):1
L875:Cg9;setdate(8, 9, 1997):1
L876:Cg9;remove_event(FymsfPz, 4, 1, 2011):0
L877:Cj9;remove_event(FymsfPz, 4, 1, 2011):0
L878:Cj9;setdate(28, 10, 2003):1
L879:Cg9;setdate(28, 10, 2003):1
L880:Cg9;remove_event(UYygkVw, 16, 9):0
L881:Cj9;remove_event(UYygkVw, 16, 9):0
L882:Cj9;setdate(26, 3, 2027):1
L883:Cg9;setdate(26, 3, 2027):1
L884:Cj9;remove_event(EBXeZWm, 15):0
L885:Cg9;remove_event(EBXeZWm, 15):0
L886:Cg9;setdate(9, 10, 2006):1
L887:Cj9;setdate(9, 10, 2006):1
L888:Cg9;remove_event(lDBWjrh, 4):0
L889:Cj9;remove_event(lDBWjrh, 4):0
L890:Cj9;setdate(8, 2, 2019):1
L891:Cg9;setdate(8, 2, 2019):1
L892:Cj9;remove_event(EfOvSkl, 5, 6, 1981):0
L893:Cg9;remove_event(EfOvSkl, 5, 6, 1981):0
L894:Cg9;setdate(4, 1, 2004):1
L895:Cj9;setdate(4, 1, 2004):1
L896:Cj9;remove_event(jpOTQkP, 16, 10, 1983):0
L897:Cg9;remove_event(jpOTQkP, 16, 10, 1983):0
L898:Cg9;setdate(25, 12, 2011):1
L899:Cj9;setdate(25, 12, 2011):1
L900:Cj9;remove_event(wLlJmaU, 29, 2, 1901):0
L901:Cg9;remove_event(wLlJmaU, 29, 2, 1901):0
L902:Cg9;setdate(29, 2, 2000):1
L903:Cj9;setdate(29, 2, 2000):1
L904:Cj9;remove_event(jQzfKxe):0
L905:Cg9;remove_event(jQzfKxe):0
L906:Cj9;setdate(18, 11, 1900):1
L907:Cg9;setdate(18, 11, 1900):1
L908:Cg9;remove_event(UtCSAlX, 29, 2):0
L909:Cj9;remove_event(UtCSAlX, 29, 2):0
L910:Cg9;setdate(1, 12, 1978):1
L911:Cj9;setdate(1, 12, 1978):1
L912:Cg9;remove_event(XKApwqO, 29, 2, 1901):0
L913:Cj9;remove_event(XKApwqO, 29, 2, 1901):0
L914:Cj9;setdate(23, 6, 1900):1
L915:Cg9;setdate(23, 6, 1900):1
L916:Cj9;remove_event(lzDJVZY, 29, 2):0
L917:Cg9;remove_event(lzDJVZY, 29, 2):0
L918:Cg9;setdate(16, 11, 1900):1
L919:Cj9;setdate(16, 11, 1900):1
L920:Cg9;remove_event(ZUrEudj, 29, 2):0
L921:Cj9;remove_event(ZUrEudj, 29, 2):0
L922:Cj9;setdate(5, 10, 1901):1
L923:Cg9;setdate(5, 10, 1901):1
L924:Cj9;remove_event(FWPTCXn, 29, 2):0
L925:Cg9;remove_event(FWPTCXn, 29, 2):0
L926:Cg9;setdate(2, 4, 2000):1
L927:Cj9;setdate(2, 4, 2000):1
L928:Cg9;remove_event(MiuQBxc, 29, 2):0
L929:Cj9;remove_event(MiuQBxc, 29, 2):0
L930:Cj9;setdate(8, 10, 1984):1
L931:Cg9;setdate(8, 10, 1984):1
L932:Cg9;remove_event(aLmiDVt):0
L933:Cj9;remove_event(aLmiDVt):0
L934:Cg9;setdate(17, 6, 2031):1
L935:Cj9;setdate(17, 6, 2031):1
L936:Cg9;remove_event(DhtVXwQ, 4, 2, 2029):0
L937:Cj9;remove_event(DhtVXwQ, 4, 2, 2029):0
L938:Cg9;setdate(27, 1, 1980):1
L939:Cj9;setdate(27, 1, 1980):1
L940:Cg9;remove_event(ubFPpem, 9, 12, 2029):0
L941:Cj9;remove_event(ubFPpem, 9, 12, 2029):0
L942:Cj9;setdate(19, 3, 1977):1
L943:Cg9;setdate(19, 3, 1977):1
L944:Cg9;remove_event(BZEJDRx, 10, 9, 1997):0
L945:Cj9;remove_event(BZEJDRx, 10, 9, 1997):0
L946:Cj9;setdate(15, 11, 1985):1
L947:Cg9;setdate(15, 11, 1985):1
L948:Cj9;remove_event(gkoDIwt, 15, 6, 2006):0
L949:Cg9;remove_event(gkoDIwt, 15, 6, 2006):0
L950:Cg9;setdate(16, 10, 2030):1
L951:Cj9;setdate(16, 10, 2030):1
L952:Cg9;remove_event(sQrxDaF, 9):0
L953:Cj9;remove_event(sQrxDaF, 9):0
L954:Cj9;setdate(12, 4, 1900):1
L955:Cg9;setdate(12, 4, 1900):1
L956:Cg9;remove_event(pCjmDBd, 29, 2):0
L957:Cj9;remove_event(pCjmDBd, 29, 2):0
L958:Cj9;setdate(8, 2, 1901):1
L959:Cg9;setdate(8, 2, 1901):1
L960:Cg9;remove_event(trIkATU, 29):0
L961:Cj9;remove_event(trIkATU, 29):0
L962:Cj9;setdate(22, 11, 2000):1
L963:Cg9;setdate(22, 11, 2000):1
L964:Cj9;remove_event(CPcuZwi, 29, 2):0
L965:Cg9;remove_event(CPcuZwi, 29, 2):0
L966:Cj9;setdate(4, 10, 1989):1
L967:Cg9;setdate(4, 10, 1989):1
L968:Cg9;remove_event(mwopvQl, 29, 2, 1901):0
L969:Cj9;remove_event(mwopvQl, 29, 2, 1901):0
L970:Cj9;setdate(6, 10, 2023):1
L971:Cg9;setdate(6, 10, 2023):1
L972:Cg9;remove_event(PZSLUdF, 29, 2, 2000):0
L973:Cj9;remove_event(PZSLUdF, 29, 2, 2000):0
L974:Cg9;setdate(20, 3, 1982):1
L975:Cj9;setdate(20, 3, 1982):1
L976:Cj9;remove_event(FYaqyQw, 26):1
L977:Cg9;remove_event(FYaqyQw, 26):1
L978:Cg9;setdate(26, 12, 2006):1
L979:Cj9;setdate(26, 12, 2006):1
L980:Cg9;remove_event(IuJZehq, 9, 10, 1974):1
L981:Cj9;remove_event(IuJZehq, 9, 10, 1974):1
L982:Cj9;setdate(18, 1, 1989):1
L983:Cg9;setdate(18, 1, 1989):1
L984:Cg9;remove_event(ybzlmSo, 4, 6):1
L985:Cj9;remove_event(ybzlmSo, 4, 6):1
L986:Cg9;setdate(17, 5, 2014):1
L987:Cj9;setdate(17, 5, 2014):1
L988:Cg9;remove_event(TsciMAR, 24):1
L989:Cj9;remove_event(TsciMAR, 24):1
L990:Cj9;setdate(10, 2, 2006):1
L991:Cg9;setdate(10, 2, 2006):1
L992:Cj9;remove_event(dmahxTz, 23, 9):1
L993:Cg9;remove_event(dmahxTz, 23, 9):1
L994:Cj9;setdate(27, 3, 2027):1
L995:Cg9;setdate(27, 3, 2027):1
L996:Cj9;remove_event(TBdPreG, 6):1
L997:Cg9;remove_event(TBdPreG, 6):1
L998:Cj9;setdate(10, 2, 1900):1
L999:Cg9;setdate(10, 2, 1900):1
L1000:Cg9;remove_event(utbHeXG, 29):0
L1001:Cj9;remove_event(utbHeXG, 29):1
L1002:Cg9;setdate(28, 1, 2023):1
L1003:Cj9;setdate(28, 1, 2023):1
L1004:Cg9;remove_event(rDyXoaI, 29, 2, 1901):0
L1005:Cj9;remove_event(rDyXoaI, 29, 2, 1901):0
L1006:Cj9;setdate(24, 2, 1901):1
L1007:Cg9;setdate(24, 2, 1901):1
L1008:Cj9;remove_event(LdJkVgp, 29):0
L1009:Cg9;remove_event(LdJkVgp, 29):0
L1010:Cj9;setdate(29, 2, 2000):1
L1011:Cg9;setdate(29, 2, 2000):1
L1012:Cj9;remove_event(dopDCWg):1
L1013:Cg9;remove_event(dopDCWg):1
L1014:Cj9;setdate(19, 3, 1900):1
L1015:Cg9;setdate(19, 3, 1900):1
L1016:Cg9;remove_event(KBOkDGc, 29, 2):0
L1017:Cj9;remove_event(KBOkDGc, 29, 2):1
L1018:Cj9;setdate(29, 2, 1900):1
L1019:Cg9;setdate(29, 2, 1900):0
L1020:Cg9;remove_event(ZrcIFwj):0
L1021:Cj9;remove_event(ZrcIFwj):1
L1022:Cg9;setdate(29, 2, 1901):0
L1023:Cj9;setdate(29, 2, 1901):0
L1024:Cj9;remove_event(rDnbejd):0
L1025:Cg9;remove_event(rDnbejd):0
L1026:Cj9;setdate(1, 1, 1900):1
L1027:Cg9;setdate(1, 1, 1900):1
L1028:Cj9;setdate(29, 2, 1900):1
L1029:Cg9;setdate(29, 2, 1900):0
L1030:Cg10(9x)
L1031:Cj10(9x)
L1032: Cj9;print
1986-11-11 : GIJrWXA
1987-10-02 : rfnQsuN
2000-02-29 : jWxwbJO
2000-02-29 : hsEuqWI
2000-02-29 : EpCgoZi
2010-03-03 : FSgmOpN
2031-10-26 : kELMXgA
L1033: Cg9;print
1900-02-13 : rDyXoaI
1986-11-11 : GIJrWXA
1987-10-02 : rfnQsuN
2000-02-29 : jWxwbJO
2000-02-29 : hsEuqWI
2000-02-29 : EpCgoZi
2000-05-02 : KBOkDGc
2000-05-02 : HQieFon
2010-03-03 : FSgmOpN
2031-10-26 : kELMXgA
L1034: Cg11;print
1986-11-24 : GIJrWXA
1987-10-15 : rfnQsuN
2000-03-13 : jWxwbJO
2000-03-13 : hsEuqWI
2000-03-13 : EpCgoZi
2010-03-16 : FSgmOpN
2031-11-08 : kELMXgA
L1035: Cj11;print
1900-02-01 : rDyXoaI
1986-10-29 : GIJrWXA
1987-09-19 : rfnQsuN
2000-02-16 : jWxwbJO
2000-02-16 : hsEuqWI
2000-02-16 : EpCgoZi
2000-04-19 : KBOkDGc
2000-04-19 : HQieFon
2010-02-18 : FSgmOpN
2031-10-13 : kELMXgA
L1036:Cg9;setdate(1, 1, 1900):1
L1037:Cj9;setdate(1, 1, 1900):1
L1038: Cg9;print
1900-02-13 : rDyXoaI
1986-11-11 : GIJrWXA
1987-10-02 : rfnQsuN
2000-02-29 : jWxwbJO
2000-02-29 : hsEuqWI
2000-02-29 : EpCgoZi
2000-05-02 : KBOkDGc
2000-05-02 : HQieFon
2010-03-03 : FSgmOpN
2031-10-26 : kELMXgA
L1039: Cj9;print
1900-02-13 : rDyXoaI
1900-02-29 : KaBcNqi
1900-02-29 : HQieFon
1986-11-11 : GIJrWXA
1987-10-02 : rfnQsuN
2000-02-29 : jWxwbJO
2000-02-29 : hsEuqWI
2000-02-29 : EpCgoZi
2010-03-03 : FSgmOpN
2031-10-26 : kELMXgA
L1040: Cg11;print
1986-11-24 : GIJrWXA
1987-10-15 : rfnQsuN
2000-03-13 : jWxwbJO
2000-03-13 : hsEuqWI
2000-03-13 : EpCgoZi
2010-03-16 : FSgmOpN
2031-11-08 : kELMXgA
L1041: Cj11;print
1900-02-01 : rDyXoaI
1986-10-29 : GIJrWXA
1987-09-19 : rfnQsuN
2000-02-16 : jWxwbJO
2000-02-16 : hsEuqWI
2000-02-16 : EpCgoZi
2000-04-19 : KBOkDGc
2000-04-19 : HQieFon
2010-02-18 : FSgmOpN
2031-10-13 : kELMXgA
L1042:Cg9 deleted
L1043:Cj9 deleted
L1044:Cj11 deleted
L1045:Cg11 deleted
L1046:Cj12 created
L1047:Cg12 created
L1048:Cj12;setdate(15, 1, 2025):1
L1049:Cg12;setdate(15, 1, 2025):1
L1050:Cj12;add_event(rUOsycX):1
L1051:Cg12;add_event(rUOsycX):1
L1052:Cj12;setdate(19, 12, 2006):1
L1053:Cg12;setdate(19, 12, 2006):1
L1054:Cj12;add_event(EbVuYho, 21, 7):1
L1055:Cg12;add_event(EbVuYho, 21, 7):1
L1056:Cj12;setdate(16, 8, 2037):1
L1057:Cg12;setdate(16, 8, 2037):1
L1058:Cg12;add_event(xXiPfud, 1, 7, 2009):1
L1059:Cj12;add_event(xXiPfud, 1, 7, 2009):1
L1060:Cj12;setdate(8, 11, 2005):1
L1061:Cg12;setdate(8, 11, 2005):1
L1062:Cj12;add_event(YAZbKLB):1
L1063:Cg12;add_event(YAZbKLB):1
L1064:Cg12;setdate(13, 10, 2001):1
L1065:Cj12;setdate(13, 10, 2001):1
L1066:Cg12;add_event(ThURwso, 28):1
L1067:Cj12;add_event(ThURwso, 28):1
L1068:Cj12;setdate(28, 9, 2037):1
L1069:Cg12;setdate(28, 9, 2037):1
L1070:Cg12;add_event(PkrFpQN, 18):1
L1071:Cj12;add_event(PkrFpQN, 18):1
L1072:Cj12;setdate(22, 12, 2003):1
L1073:Cg12;setdate(22, 12, 2003):1
L1074:Cg12;add_event(YKqDfCt):1
L1075:Cj12;add_event(YKqDfCt):1
L1076:Cg12;setdate(23, 10, 2034):1
L1077:Cj12;setdate(23, 10, 2034):1
L1078:Cj12;add_event(bwNyvte, 9):1
L1079:Cg12;add_event(bwNyvte, 9):1
L1080:Cg12;setdate(8, 5, 1972):1
L1081:Cj12;setdate(8, 5, 1972):1
L1082:Cg12;add_event(hkYJGlN, 6, 9, 1982):1
L1083:Cj12;add_event(hkYJGlN, 6, 9, 1982):1
L1084:Cj12;setdate(4, 3, 2027):1
L1085:Cg12;setdate(4, 3, 2027):1
L1086:Cj12;add_event(zqWftOv, 15, 8, 2000):1
L1087:Cg12;add_event(zqWftOv, 15, 8, 2000):1
L1088:Cg12;setdate(25, 10, 1900):1
L1089:Cj12;setdate(25, 10, 1900):1
L1090:Cj12;add_event(HydrwJK, 29, 2):1
L1091:Cg12;add_event(HydrwJK, 29, 2):0
L1092:Cj12;setdate(29, 2, 1901):0
L1093:Cg12;setdate(29, 2, 1901):0
L1094:Cg12;add_event(CarZBPj):1
L1095:Cj12;add_event(CarZBPj):1
L1096:Cj12;setdate(24, 9, 2000):1
L1097:Cg12;setdate(24, 9, 2000):1
L1098:Cg12;add_event(BvmUfPn, 29, 2):1
L1099:Cj12;add_event(BvmUfPn, 29, 2):1
L1100:Cj12;setdate(5, 6, 2017):1
L1101:Cg12;setdate(5, 6, 2017):1
L1102:Cg12;add_event(KbcVQMG, 29, 2, 1900):0
L1103:Cj12;add_event(KbcVQMG, 29, 2, 1900):1
L1104:Cg12;setdate(9, 2, 1901):1
L1105:Cj12;setdate(9, 2, 1901):1
L1106:Cg12;add_event(aFesHCM, 29):0
L1107:Cj12;add_event(aFesHCM, 29):0
L1108:Cj12;setdate(10, 2, 2000):1
L1109:Cg12;setdate(10, 2, 2000):1
L1110:Cg12;add_event(BhSLbeU, 29):1
L1111:Cj12;add_event(BhSLbeU, 29):1
L1112:Cj12;setdate(22, 9, 2028):1
L1113:Cg12;setdate(22, 9, 2028):1
L1114:Cg12;add_event(dDnoCrU, 29, 2, 1900):0
L1115:Cj12;add_event(dDnoCrU, 29, 2, 1900):1
L1116:Cg12;setdate(19, 3, 1974):1
L1117:Cj12;setdate(19, 3, 1974):1
L1118:Cg12;add_event(iExgWIV, 29, 2, 1901):0
L1119:Cj12;add_event(iExgWIV, 29, 2, 1901):0
L1120:Cj12;setdate(12, 2, 2000):1
L1121:Cg12;setdate(12, 2, 2000):1
L1122:Cj12;add_event(REOviZH, 29):1
L1123:Cg12;add_event(REOviZH, 29):1
L1124:Cg12;setdate(17, 4, 1984):1
L1125:Cj12;setdate(17, 4, 1984):1
L1126:Cg12;add_event(yZOqJwE, 29, 2, 1900):0
L1127:Cj12;add_event(yZOqJwE, 29, 2, 1900):1
L1128:Cg12;setdate(13, 7, 1901):1
L1129:Cj12;setdate(13, 7, 1901):1
L1130:Cj12;add_event(oTMzAHC, 29, 2):0
L1131:Cg12;add_event(oTMzAHC, 29, 2):0
L1132:Cj12;setdate(18, 9, 1992):1
L1133:Cg12;setdate(18, 9, 1992):1
L1134:Cg12;add_event(OCBpmib, 29, 2, 2000):1
L1135:Cj12;add_event(OCBpmib, 29, 2, 2000):1
L1136:Cg12;setdate(1, 1, 1900):1
L1137:Cj12;setdate(1, 1, 1900):1
L1138:Cg12;setdate(29, 2, 1900):0
L1139:Cj12;setdate(29, 2, 1900):1
L1140:Cj12(12x)
L1141:Cg12(12x)
L1142: Cg12;print
1900-10-25 : CarZBPj
1982-09-06 : hkYJGlN
2000-02-29 : BvmUfPn
2000-02-29 : BhSLbeU
2000-02-29 : REOviZH
2000-02-29 : OCBpmib
2000-08-15 : zqWftOv
2001-10-28 : ThURwso
2003-12-22 : YKqDfCt
2005-11-08 : YAZbKLB
2006-07-21 : EbVuYho
2009-07-01 : xXiPfud
2025-01-15 : rUOsycX
2034-10-09 : bwNyvte
2037-09-18 : PkrFpQN
L1143: Cj12;print
1900-10-25 : CarZBPj
1982-09-06 : hkYJGlN
2000-02-29 : BvmUfPn
2000-02-29 : BhSLbeU
2000-02-29 : REOviZH
2000-02-29 : OCBpmib
2000-08-15 : zqWftOv
2001-10-28 : ThURwso
2003-12-22 : YKqDfCt
2005-11-08 : YAZbKLB
2006-07-21 : EbVuYho
2009-07-01 : xXiPfud
2025-01-15 : rUOsycX
2034-10-09 : bwNyvte
2037-09-18 : PkrFpQN
L1144: Cj13;print
1900-10-12 : CarZBPj
1982-08-24 : hkYJGlN
2000-02-16 : BvmUfPn
2000-02-16 : BhSLbeU
2000-02-16 : REOviZH
2000-02-16 : OCBpmib
2000-08-02 : zqWftOv
2001-10-15 : ThURwso
2003-12-09 : YKqDfCt
2005-10-26 : YAZbKLB
2006-07-08 : EbVuYho
2009-06-18 : xXiPfud
2025-01-02 : rUOsycX
2034-09-26 : bwNyvte
2037-09-05 : PkrFpQN
L1145: Cg13;print
1900-11-07 : CarZBPj
1982-09-19 : hkYJGlN
2000-03-13 : BvmUfPn
2000-03-13 : BhSLbeU
2000-03-13 : REOviZH
2000-03-13 : OCBpmib
2000-08-28 : zqWftOv
2001-11-10 : ThURwso
2004-01-04 : YKqDfCt
2005-11-21 : YAZbKLB
2006-08-03 : EbVuYho
2009-07-14 : xXiPfud
2025-01-28 : rUOsycX
2034-10-22 : bwNyvte
2037-10-01 : PkrFpQN
L1146:Cg12;setdate(1, 1, 1900):1
L1147:Cj12;setdate(1, 1, 1900):1
L1148: Cg12;print
1900-10-25 : CarZBPj
1982-09-06 : hkYJGlN
2000-02-29 : BvmUfPn
2000-02-29 : BhSLbeU
2000-02-29 : REOviZH
2000-02-29 : OCBpmib
2000-08-15 : zqWftOv
2001-10-28 : ThURwso
2003-12-22 : YKqDfCt
2005-11-08 : YAZbKLB
2006-07-21 : EbVuYho
2009-07-01 : xXiPfud
2025-01-15 : rUOsycX
2034-10-09 : bwNyvte
2037-09-18 : PkrFpQN
L1149: Cj12;print
1900-02-29 : HydrwJK
1900-02-29 : KbcVQMG
1900-02-29 : dDnoCrU
1900-02-29 : yZOqJwE
1900-10-25 : CarZBPj
1982-09-06 : hkYJGlN
2000-02-29 : BvmUfPn
2000-02-29 : BhSLbeU
2000-02-29 : REOviZH
2000-02-29 : OCBpmib
2000-08-15 : zqWftOv
2001-10-28 : ThURwso
2003-12-22 : YKqDfCt
2005-11-08 : YAZbKLB
2006-07-21 : EbVuYho
2009-07-01 : xXiPfud
2025-01-15 : rUOsycX
2034-10-09 : bwNyvte
2037-09-18 : PkrFpQN
L1150: Cj13;print
1900-10-12 : CarZBPj
1982-08-24 : hkYJGlN
2000-02-16 : BvmUfPn
2000-02-16 : BhSLbeU
2000-02-16 : REOviZH
2000-02-16 : OCBpmib
2000-08-02 : zqWftOv
2001-10-15 : ThURwso
2003-12-09 : YKqDfCt
2005-10-26 : YAZbKLB
2006-07-08 : EbVuYho
2009-06-18 : xXiPfud
2025-01-02 : rUOsycX
2034-09-26 : bwNyvte
2037-09-05 : PkrFpQN
L1151: Cg13;print
1900-11-07 : CarZBPj
1982-09-19 : hkYJGlN
2000-03-13 : BvmUfPn
2000-03-13 : BhSLbeU
2000-03-13 : REOviZH
2000-03-13 : OCBpmib
2000-08-28 : zqWftOv
2001-11-10 : ThURwso
2004-01-04 : YKqDfCt
2005-11-21 : YAZbKLB
2006-08-03 : EbVuYho
2009-07-14 : xXiPfud
2025-01-28 : rUOsycX
2034-10-22 : bwNyvte
2037-10-01 : PkrFpQN
L1152:Cg13 deleted
L1153:Cj13 deleted
L1154:Cg12;setdate(22, 8, 1977):1
L1155:Cj12;setdate(22, 8, 1977):1
L1156:Cg12;remove_event(MBYSNvi):0
L1157:Cj12;remove_event(MBYSNvi):0
L1158:Cj12;setdate(17, 5, 2037):1
L1159:Cg12;setdate(17, 5, 2037):1
L1160:Cg12;remove_event(rXERvIZ):0
L1161:Cj12;remove_event(rXERvIZ):0
L1162:Cg12;setdate(17, 5, 2027):1
L1163:Cj12;setdate(17, 5, 2027):1
L1164:Cg12;remove_event(zOhLCcD, 2):0
L1165:Cj12;remove_event(zOhLCcD, 2):0
L1166:Cj12;setdate(5, 4, 1990):1
L1167:Cg12;setdate(5, 4, 1990):1
L1168:Cg12;remove_event(NtbasMp):0
L1169:Cj12;remove_event(NtbasMp):0
L1170:Cg12;setdate(20, 11, 1987):1
L1171:Cj12;setdate(20, 11, 1987):1
L1172:Cj12;remove_event(gYoeKSF, 11):0
L1173:Cg12;remove_event(gYoeKSF, 11):0
L1174:Cg12;setdate(5, 12, 2029):1
L1175:Cj12;setdate(5, 12, 2029):1
L1176:Cg12;remove_event(XUborBz, 12):0
L1177:Cj12;remove_event(XUborBz, 12):0
L1178:Cj12;setdate(4, 1, 2008):1
L1179:Cg12;setdate(4, 1, 2008):1
L1180:Cg12;remove_event(qYjisZr, 11, 12, 1996):0
L1181:Cj12;remove_event(qYjisZr, 11, 12, 1996):0
L1182:Cj12;setdate(4, 7, 1983):1
L1183:Cg12;setdate(4, 7, 1983):1
L1184:Cj12;remove_event(iQcUsOE, 5, 12):0
L1185:Cg12;remove_event(iQcUsOE, 5, 12):0
L1186:Cj12;setdate(10, 7, 2000):1
L1187:Cg12;setdate(10, 7, 2000):1
L1188:Cg12;remove_event(NDVFWxt, 29, 2):0
L1189:Cj12;remove_event(NDVFWxt, 29, 2):0
L1190:Cj12;setdate(11, 5, 1900):1
L1191:Cg12;setdate(11, 5, 1900):1
L1192:Cg12;remove_event(HbIfnyk, 29, 2):0
L1193:Cj12;remove_event(HbIfnyk, 29, 2):0
L1194:Cg12;setdate(17, 9, 2000):1
L1195:Cj12;setdate(17, 9, 2000):1
L1196:Cj12;remove_event(vTfAhFx, 29, 2):0
L1197:Cg12;remove_event(vTfAhFx, 29, 2):0
L1198:Cj12;setdate(27, 11, 1984):1
L1199:Cg12;setdate(27, 11, 1984):1
L1200:Cg12;remove_event(SIBMrQc, 29, 2, 1900):0
L1201:Cj12;remove_event(SIBMrQc, 29, 2, 1900):0
L1202:Cj12;setdate(21, 12, 1900):1
L1203:Cg12;setdate(21, 12, 1900):1
L1204:Cj12;remove_event(eWFqwrX, 29, 2):0
L1205:Cg12;remove_event(eWFqwrX, 29, 2):0
L1206:Cg12;setdate(22, 2, 1901):1
L1207:Cj12;setdate(22, 2, 1901):1
L1208:Cj12;remove_event(NZbIxqS, 29):0
L1209:Cg12;remove_event(NZbIxqS, 29):0
L1210:Cj12;setdate(20, 1, 2011):1
L1211:Cg12;setdate(20, 1, 2011):1
L1212:Cj12;remove_event(FymsfPz, 4):0
L1213:Cg12;remove_event(FymsfPz, 4):0
L1214:Cj12;setdate(16, 9, 2003):1
L1215:Cg12;setdate(16, 9, 2003):1
L1216:Cj12;remove_event(UYygkVw):0
L1217:Cg12;remove_event(UYygkVw):0
L1218:Cj12;setdate(15, 3, 2027):1
L1219:Cg12;setdate(15, 3, 2027):1
L1220:Cg12;remove_event(EBXeZWm):0
L1221:Cj12;remove_event(EBXeZWm):0
L1222:Cg12;setdate(25, 9, 2029):1
L1223:Cj12;setdate(25, 9, 2029):1
L1224:Cg12;remove_event(lDBWjrh, 4, 10, 2006):0
L1225:Cj12;remove_event(lDBWjrh, 4, 10, 2006):0
L1226:Cj12;setdate(15, 3, 1997):1
L1227:Cg12;setdate(15, 3, 1997):1
L1228:Cg12;remove_event(EfOvSkl, 5, 6, 1981):0
L1229:Cj12;remove_event(EfOvSkl, 5, 6, 1981):0
L1230:Cg12;setdate(16, 10, 1983):1
L1231:Cj12;setdate(16, 10, 1983):1
L1232:Cj12;remove_event(jpOTQkP):0
L1233:Cg12;remove_event(jpOTQkP):0
L1234:Cj12;setdate(7, 2, 1901):1
L1235:Cg12;setdate(7, 2, 1901):1
L1236:Cj12;remove_event(wLlJmaU, 29):0
L1237:Cg12;remove_event(wLlJmaU, 29):0
L1238:Cg12;setdate(24, 11, 1989):1
L1239:Cj12;setdate(24, 11, 1989):1
L1240:Cg12;remove_event(jQzfKxe, 29, 2, 2000):0
L1241:Cj12;remove_event(jQzfKxe, 29, 2, 2000):0
L1242:Cg12;setdate(20, 2, 1900):1
L1243:Cj12;setdate(20, 2, 1900):1
L1244:Cg12;remove_event(UtCSAlX, 29):0
L1245:Cj12;remove_event(UtCSAlX, 29):0
L1246:Cj12;setdate(8, 10, 2036):1
L1247:Cg12;setdate(8, 10, 2036):1
L1248:Cj12;remove_event(XKApwqO, 29, 2, 1901):0
L1249:Cg12;remove_event(XKApwqO, 29, 2, 1901):0
L1250:Cg12;setdate(21, 4, 1970):1
L1251:Cj12;setdate(21, 4, 1970):1
L1252:Cg12;remove_event(lzDJVZY, 29, 2, 1900):0
L1253:Cj12;remove_event(lzDJVZY, 29, 2, 1900):0
L1254:Cg12;setdate(22, 12, 1900):1
L1255:Cj12;setdate(22, 12, 1900):1
L1256:Cg12;remove_event(ZUrEudj, 29, 2):0
L1257:Cj12;remove_event(ZUrEudj, 29, 2):0
L1258:Cg12;setdate(13, 4, 1901):1
L1259:Cj12;setdate(13, 4, 1901):1
L1260:Cj12;remove_event(FWPTCXn, 29, 2):0
L1261:Cg12;remove_event(FWPTCXn, 29, 2):0
L1262:Cg12;setdate(11, 2, 2000):1
L1263:Cj12;setdate(11, 2, 2000):1
L1264:Cj12;remove_event(MiuQBxc, 29):0
L1265:Cg12;remove_event(MiuQBxc, 29):0
L1266:Cj12;setdate(17, 5, 2013):1
L1267:Cg12;setdate(17, 5, 2013):1
L1268:Cg12;remove_event(aLmiDVt, 8, 10, 1984):0
L1269:Cj12;remove_event(aLmiDVt, 8, 10, 1984):0
L1270:Cg12;setdate(3, 2, 2029):1
L1271:Cj12;setdate(3, 2, 2029):1
L1272:Cj12;remove_event(DhtVXwQ, 4):0
L1273:Cg12;remove_event(DhtVXwQ, 4):0
L1274:Cj12;setdate(6, 8, 1977):1
L1275:Cg12;setdate(6, 8, 1977):1
L1276:Cg12;remove_event(ubFPpem, 9, 12, 2029):0
L1277:Cj12;remove_event(ubFPpem, 9, 12, 2029):0
L1278:Cg12;setdate(10, 9, 1997):1
L1279:Cj12;setdate(10, 9, 1997):1
L1280:Cj12;remove_event(BZEJDRx):0
L1281:Cg12;remove_event(BZEJDRx):0
L1282:Cg12;setdate(15, 6, 2006):1
L1283:Cj12;setdate(15, 6, 2006):1
L1284:Cj12;remove_event(gkoDIwt):0
L1285:Cg12;remove_event(gkoDIwt):0
L1286:Cg12;setdate(27, 7, 2030):1
L1287:Cj12;setdate(27, 7, 2030):1
L1288:Cg12;remove_event(sQrxDaF, 9, 10):0
L1289:Cj12;remove_event(sQrxDaF, 9, 10):0
L1290:Cg12;setdate(15, 2, 1900):1
L1291:Cj12;setdate(15, 2, 1900):1
L1292:Cj12;remove_event(pCjmDBd, 29):0
L1293:Cg12;remove_event(pCjmDBd, 29):0
L1294:Cj12;setdate(29, 2, 1901):0
L1295:Cg12;setdate(29, 2, 1901):0
L1296:Cj12;remove_event(trIkATU):0
L1297:Cg12;remove_event(trIkATU):0
L1298:Cg12;setdate(21, 2, 2000):1
L1299:Cj12;setdate(21, 2, 2000):1
L1300:Cg12;remove_event(CPcuZwi, 29):0
L1301:Cj12;remove_event(CPcuZwi, 29):0
L1302:Cg12;setdate(23, 6, 1901):1
L1303:Cj12;setdate(23, 6, 1901):1
L1304:Cg12;remove_event(mwopvQl, 29, 2):0
L1305:Cj12;remove_event(mwopvQl, 29, 2):0
L1306:Cj12;setdate(21, 1, 1990):1
L1307:Cg12;setdate(21, 1, 1990):1
L1308:Cg12;remove_event(PZSLUdF, 29, 2, 2000):0
L1309:Cj12;remove_event(PZSLUdF, 29, 2, 2000):0
L1310:Cg12;setdate(14, 6, 2025):1
L1311:Cj12;setdate(14, 6, 2025):1
L1312:Cg12;remove_event(FYaqyQw, 26, 3, 1982):0
L1313:Cj12;remove_event(FYaqyQw, 26, 3, 1982):0
L1314:Cg12;setdate(22, 5, 1974):1
L1315:Cj12;setdate(22, 5, 1974):1
L1316:Cj12;remove_event(IuJZehq, 9, 10):0
L1317:Cg12;remove_event(IuJZehq, 9, 10):0
L1318:Cj12;setdate(15, 6, 1989):1
L1319:Cg12;setdate(15, 6, 1989):1
L1320:Cg12;remove_event(ybzlmSo, 4):0
L1321:Cj12;remove_event(ybzlmSo, 4):0
L1322:Cg12;setdate(11, 5, 2014):1
L1323:Cj12;setdate(11, 5, 2014):1
L1324:Cj12;remove_event(TsciMAR, 24):0
L1325:Cg12;remove_event(TsciMAR, 24):0
L1326:Cj12;setdate(15, 3, 2006):1
L1327:Cg12;setdate(15, 3, 2006):1
L1328:Cj12;remove_event(dmahxTz, 23, 9):0
L1329:Cg12;remove_event(dmahxTz, 23, 9):0
L1330:Cj12;setdate(6, 3, 2027):1
L1331:Cg12;setdate(6, 3, 2027):1
L1332:Cg12;remove_event(TBdPreG):0
L1333:Cj12;remove_event(TBdPreG):0
L1334:Cj12;setdate(8, 2, 1900):1
L1335:Cg12;setdate(8, 2, 1900):1
L1336:Cg12;remove_event(utbHeXG, 29):0
L1337:Cj12;remove_event(utbHeXG, 29):0
L1338:Cg12;setdate(21, 7, 1901):1
L1339:Cj12;setdate(21, 7, 1901):1
L1340:Cj12;remove_event(rDyXoaI, 29, 2):0
L1341:Cg12;remove_event(rDyXoaI, 29, 2):0
L1342:Cg12;setdate(15, 2, 1901):1
L1343:Cj12;setdate(15, 2, 1901):1
L1344:Cg12;remove_event(LdJkVgp, 29):0
L1345:Cj12;remove_event(LdJkVgp, 29):0
L1346:Cj12;setdate(19, 7, 2039):1
L1347:Cg12;setdate(19, 7, 2039):1
L1348:Cg12;remove_event(dopDCWg, 29, 2, 2000):0
L1349:Cj12;remove_event(dopDCWg, 29, 2, 2000):0
L1350:Cg12;setdate(29, 2, 1900):0
L1351:Cj12;setdate(29, 2, 1900):1
L1352:Cg12;remove_event(KBOkDGc):0
L1353:Cj12;remove_event(KBOkDGc):0
L1354:Cj12;setdate(24, 10, 1900):1
L1355:Cg12;setdate(24, 10, 1900):1
L1356:Cj12;remove_event(ZrcIFwj, 29, 2):0
L1357:Cg12;remove_event(ZrcIFwj, 29, 2):0
L1358:Cg12;setdate(10, 2, 1901):1
L1359:Cj12;setdate(10, 2, 1901):1
L1360:Cg12;remove_event(rDnbejd, 29):0
L1361:Cj12;remove_event(rDnbejd, 29):0
L1362:Cj12;setdate(15, 1, 2025):1
L1363:Cg12;setdate(15, 1, 2025):1
L1364:Cg12;remove_event(rUOsycX):1
L1365:Cj12;remove_event(rUOsycX):1
L1366:Cj12;setdate(8, 11, 2005):1
L1367:Cg12;setdate(8, 11, 2005):1
L1368:Cj12;remove_event(YAZbKLB):1
L1369:Cg12;remove_event(YAZbKLB):1
L1370:Cg12;setdate(18, 9, 2037):1
L1371:Cj12;setdate(18, 9, 2037):1
L1372:Cg12;remove_event(PkrFpQN):1
L1373:Cj12;remove_event(PkrFpQN):1
L1374:Cg12;setdate(4, 12, 2003):1
L1375:Cj12;setdate(4, 12, 2003):1
L1376:Cg12;remove_event(YKqDfCt, 22):1
L1377:Cj12;remove_event(YKqDfCt, 22):1
L1378:Cj12;setdate(11, 4, 1982):1
L1379:Cg12;setdate(11, 4, 1982):1
L1380:Cj12;remove_event(hkYJGlN, 6, 9):1
L1381:Cg12;remove_event(hkYJGlN, 6, 9):1
L1382:Cg12;setdate(5, 3, 2000):1
L1383:Cj12;setdate(5, 3, 2000):1
L1384:Cj12;remove_event(BvmUfPn, 29, 2):1
L1385:Cg12;remove_event(BvmUfPn, 29, 2):1
L1386:Cg12;setdate(15, 11, 1996):1
L1387:Cj12;setdate(15, 11, 1996):1
L1388:Cj12;remove_event(KbcVQMG, 29, 2, 1900):1
L1389:Cg12;remove_event(KbcVQMG, 29, 2, 1900):0
L1390:Cj12;setdate(22, 4, 1984):1
L1391:Cg12;setdate(22, 4, 1984):1
L1392:Cj12;remove_event(aFesHCM, 29, 2, 1901):0
L1393:Cg12;remove_event(aFesHCM, 29, 2, 1901):0
L1394:Cj12;setdate(16, 2, 2000):1
L1395:Cg12;setdate(16, 2, 2000):1
L1396:Cj12;remove_event(BhSLbeU, 29):1
L1397:Cg12;remove_event(BhSLbeU, 29):1
L1398:Cg12;setdate(16, 8, 1900):1
L1399:Cj12;setdate(16, 8, 1900):1
L1400:Cg12;remove_event(dDnoCrU, 29, 2):0
L1401:Cj12;remove_event(dDnoCrU, 29, 2):1
L1402:Cg12;setdate(3, 2, 1971):1
L1403:Cj12;setdate(3, 2, 1971):1
L1404:Cg12;remove_event(iExgWIV, 29, 2, 1901):0
L1405:Cj12;remove_event(iExgWIV, 29, 2, 1901):0
L1406:Cg12;setdate(7, 12, 1979):1
L1407:Cj12;setdate(7, 12, 1979):1
L1408:Cj12;remove_event(yZOqJwE, 29, 2, 1900):1
L1409:Cg12;remove_event(yZOqJwE, 29, 2, 1900):0
L1410:Cg12;setdate(4, 4, 1901):1
L1411:Cj12;setdate(4, 4, 1901):1
L1412:Cj12;remove_event(oTMzAHC, 29, 2):0
L1413:Cg12;remove_event(oTMzAHC, 29, 2):0
L1414:Cg12;setdate(18, 3, 1996):1
L1415:Cj12;setdate(18, 3, 1996):1
L1416:Cg12;remove_event(OCBpmib, 29, 2, 2000):1
L1417:Cj12;remove_event(OCBpmib, 29, 2, 2000):1
L1418:Cg12;setdate(1, 1, 1900):1
L1419:Cj12;setdate(1, 1, 1900):1
L1420:Cg12;setdate(29, 2, 1900):0
L1421:Cj12;setdate(29, 2, 1900):1
L1422:Cg13(12x)
L1423:Cj13(12x)
L1424: Cj12;print
1900-10-25 : CarZBPj
2000-02-29 : REOviZH
2000-08-15 : zqWftOv
2001-10-28 : ThURwso
2006-07-21 : EbVuYho
2009-07-01 : xXiPfud
2034-10-09 : bwNyvte
L1425: Cg12;print
1900-10-25 : CarZBPj
2000-02-29 : REOviZH
2000-08-15 : zqWftOv
2001-10-28 : ThURwso
2006-07-21 : EbVuYho
2009-07-01 : xXiPfud
2034-10-09 : bwNyvte
L1426: Cg14;print
1900-11-07 : CarZBPj
2000-03-13 : REOviZH
2000-08-28 : zqWftOv
2001-11-10 : ThURwso
2006-08-03 : EbVuYho
2009-07-14 : xXiPfud
2034-10-22 : bwNyvte
L1427: Cj14;print
1900-10-12 : CarZBPj
2000-02-16 : REOviZH
2000-08-02 : zqWftOv
2001-10-15 : ThURwso
2006-07-08 : EbVuYho
2009-06-18 : xXiPfud
2034-09-26 : bwNyvte
L1428:Cg12;setdate(1, 1, 1900):1
L1429:Cj12;setdate(1, 1, 1900):1
L1430: Cg12;print
1900-10-25 : CarZBPj
2000-02-29 : REOviZH
2000-08-15 : zqWftOv
2001-10-28 : ThURwso
2006-07-21 : EbVuYho
2009-07-01 : xXiPfud
2034-10-09 : bwNyvte
L1431: Cj12;print
1900-02-29 : HydrwJK
1900-10-25 : CarZBPj
2000-02-29 : REOviZH
2000-08-15 : zqWftOv
2001-10-28 : ThURwso
2006-07-21 : EbVuYho
2009-07-01 : xXiPfud
2034-10-09 : bwNyvte
L1432: Cj14;print
1900-10-12 : CarZBPj
2000-02-16 : REOviZH
2000-08-02 : zqWftOv
2001-10-15 : ThURwso
2006-07-08 : EbVuYho
2009-06-18 : xXiPfud
2034-09-26 : bwNyvte
L1433: Cg14;print
1900-11-07 : CarZBPj
2000-03-13 : REOviZH
2000-08-28 : zqWftOv
2001-11-10 : ThURwso
2006-08-03 : EbVuYho
2009-07-14 : xXiPfud
2034-10-22 : bwNyvte
L1434:Cj12 deleted
L1435:Cg12 deleted
L1436:Cg14 deleted
L1437:Cj14 deleted
