L1:C g;set_k_time 1475456137
L2:Cj0 created
L3:Cg0 created
L4:Cg0;setdate(9, 4, 1994):1
L5:Cj0;setdate(9, 4, 1994):1
L6:Cg0;add_event(HzODERB, 24, 11, 1997):1
L7:Cj0;add_event(HzODERB, 24, 11, 1997):1
L8:Cj0;setdate(2, 2, 2022):1
L9:Cg0;setdate(2, 2, 2022):1
L10:Cj0;add_event(vgbWuni):1
L11:Cg0;add_event(vgbWuni):1
L12:Cj0;setdate(20, 11, 2014):1
L13:Cg0;setdate(20, 11, 2014):1
L14:Cg0;add_event(lStgWOb, 11, 4, 2010):1
L15:Cj0;add_event(lStgWOb, 11, 4, 2010):1
L16:Cj0;setdate(27, 3, 1999):1
L17:Cg0;setdate(27, 3, 1999):1
L18:Cj0;add_event(NxGPota, 14, 7, 2006):1
L19:Cg0;add_event(NxGPota, 14, 7, 2006):1
L20:Cg0;setdate(12, 11, 1987):1
L21:Cj0;setdate(12, 11, 1987):1
L22:Cg0;add_event(OwrDQVj):1
L23:Cj0;add_event(OwrDQVj):1
L24:Cj0;setdate(21, 10, 2028):1
L25:Cg0;setdate(21, 10, 2028):1
L26:Cj0;add_event(cvrGELu, 19, 4):1
L27:Cg0;add_event(cvrGELu, 19, 4):1
L28:Cg0;setdate(26, 1, 1977):1
L29:Cj0;setdate(26, 1, 1977):1
L30:Cg0;add_event(imfRKgJ, 25):1
L31:Cj0;add_event(imfRKgJ, 25):1
L32:Cg0;setdate(4, 4, 1987):1
L33:Cj0;setdate(4, 4, 1987):1
L34:Cj0;add_event(xpLSgrV):1
L35:Cg0;add_event(xpLSgrV):1
L36:Cj0;setdate(21, 3, 2031):1
L37:Cg0;setdate(21, 3, 2031):1
L38:Cj0;add_event(imFrOCu):1
L39:Cg0;add_event(imFrOCu):1
L40:Cj0;setdate(22, 12, 2021):1
L41:Cg0;setdate(22, 12, 2021):1
L42:Cj0;add_event(hgmdcGo):1
L43:Cg0;add_event(hgmdcGo):1
L44:Cj0;setdate(22, 4, 2036):1
L45:Cg0;setdate(22, 4, 2036):1
L46:Cj0;add_event(hcZHmvP, 29, 2, 1900):1
L47:Cg0;add_event(hcZHmvP, 29, 2, 1900):0
L48:Cg0;setdate(22, 2, 1901):1
L49:Cj0;setdate(22, 2, 1901):1
L50:Cg0;add_event(WGtlHIi, 28):1
L51:Cj0;add_event(WGtlHIi, 28):1
L52:Cg0;setdate(24, 9, 1901):1
L53:Cj0;setdate(24, 9, 1901):1
L54:Cj0;add_event(UOVHoMG, 29, 2):0
L55:Cg0;add_event(UOVHoMG, 29, 2):0
L56:Cj0;setdate(18, 2, 1977):1
L57:Cg0;setdate(18, 2, 1977):1
L58:Cg0;add_event(yPzkDWf, 29, 2, 2000):1
L59:Cj0;add_event(yPzkDWf, 29, 2, 2000):1
L60:Cg0;setdate(9, 6, 2007):1
L61:Cj0;setdate(9, 6, 2007):1
L62:Cg0;add_event(qmuwKEa, 29, 2, 1900):0
L63:Cj0;add_event(qmuwKEa, 29, 2, 1900):1
L64:Cj0;setdate(28, 2, 1901):1
L65:Cg0;setdate(28, 2, 1901):1
L66:Cg0;add_event(zxARchd):1
L67:Cj0;add_event(zxARchd):1
L68:Cj0;setdate(4, 4, 2039):1
L69:Cg0;setdate(4, 4, 2039):1
L70:Cg0;add_event(IAhEnWs, 29, 2, 1901):0
L71:Cj0;add_event(IAhEnWs, 29, 2, 1901):0
L72:Cj0;setdate(11, 2, 2000):1
L73:Cg0;setdate(11, 2, 2000):1
L74:Cg0;add_event(gPGahbl, 29):1
L75:Cj0;add_event(gPGahbl, 29):1
L76:Cg0;setdate(14, 2, 2009):1
L77:Cj0;setdate(14, 2, 2009):1
L78:Cj0;add_event(iBJjkAG, 29, 2, 1900):1
L79:Cg0;add_event(iBJjkAG, 29, 2, 1900):0
L80:Cg0;setdate(28, 2, 1901):1
L81:Cj0;setdate(28, 2, 1901):1
L82:Cj0;add_event(HJoZMCu):1
L83:Cg0;add_event(HJoZMCu):1
L84:Cg0;setdate(27, 8, 2029):1
L85:Cj0;setdate(27, 8, 2029):1
L86:Cj0;add_event(YxGcRVB, 29, 2, 1901):0
L87:Cg0;add_event(YxGcRVB, 29, 2, 1901):0
L88:Cj0;setdate(4, 2, 2000):1
L89:Cg0;setdate(4, 2, 2000):1
L90:Cj0;add_event(UpRlVaB, 29, 2):1
L91:Cg0;add_event(UpRlVaB, 29, 2):1
L92:Cj0;setdate(20, 12, 1900):1
L93:Cg0;setdate(20, 12, 1900):1
L94:Cj0;add_event(eNwxoLd, 29, 2):1
L95:Cg0;add_event(eNwxoLd, 29, 2):0
L96:Cj0;setdate(1, 3, 1901):1
L97:Cg0;setdate(1, 3, 1901):1
L98:Cg0;add_event(NRKLymd, 28, 2):1
L99:Cj0;add_event(NRKLymd, 28, 2):1
L100:Cg0;setdate(26, 1, 2002):1
L101:Cj0;setdate(26, 1, 2002):1
L102:Cg0;add_event(fyDHXkR, 29, 2, 1901):0
L103:Cj0;add_event(fyDHXkR, 29, 2, 1901):0
L104:Cg0;setdate(9, 9, 2011):1
L105:Cj0;setdate(9, 9, 2011):1
L106:Cg0;add_event(CGexbsI, 29, 2, 2000):1
L107:Cj0;add_event(CGexbsI, 29, 2, 2000):1
L108:Cj0;setdate(1, 1, 1900):1
L109:Cg0;setdate(1, 1, 1900):1
L110:Cg0;setdate(29, 2, 1900):0
L111:Cj0;setdate(29, 2, 1900):1
L112: Cg0;print
1901-02-28 : WGtlHIi
1901-02-28 : zxARchd
1901-02-28 : HJoZMCu
1901-02-28 : NRKLymd
1977-01-25 : imfRKgJ
1987-04-04 : xpLSgrV
1987-11-12 : OwrDQVj
1997-11-24 : HzODERB
2000-02-29 : yPzkDWf
2000-02-29 : gPGahbl
2000-02-29 : UpRlVaB
2000-02-29 : CGexbsI
2006-07-14 : NxGPota
2010-04-11 : lStgWOb
2021-12-22 : hgmdcGo
2022-02-02 : vgbWuni
2028-04-19 : cvrGELu
2031-03-21 : imFrOCu
L113: Cj0;print
1901-02-28 : WGtlHIi
1901-02-28 : zxARchd
1901-02-28 : HJoZMCu
1901-02-28 : NRKLymd
1977-01-25 : imfRKgJ
1987-04-04 : xpLSgrV
1987-11-12 : OwrDQVj
1997-11-24 : HzODERB
2000-02-29 : yPzkDWf
2000-02-29 : gPGahbl
2000-02-29 : UpRlVaB
2000-02-29 : CGexbsI
2006-07-14 : NxGPota
2010-04-11 : lStgWOb
2021-12-22 : hgmdcGo
2022-02-02 : vgbWuni
2028-04-19 : cvrGELu
2031-03-21 : imFrOCu
L114:Cj0;setdate(1, 1, 1900):1
L115:Cg0;setdate(1, 1, 1900):1
L116: Cg0;print
1901-02-28 : WGtlHIi
1901-02-28 : zxARchd
1901-02-28 : HJoZMCu
1901-02-28 : NRKLymd
1977-01-25 : imfRKgJ
1987-04-04 : xpLSgrV
1987-11-12 : OwrDQVj
1997-11-24 : HzODERB
2000-02-29 : yPzkDWf
2000-02-29 : gPGahbl
2000-02-29 : UpRlVaB
2000-02-29 : CGexbsI
2006-07-14 : NxGPota
2010-04-11 : lStgWOb
2021-12-22 : hgmdcGo
2022-02-02 : vgbWuni
2028-04-19 : cvrGELu
2031-03-21 : imFrOCu
L117: Cj0;print
1900-02-29 : hcZHmvP
1900-02-29 : qmuwKEa
1900-02-29 : iBJjkAG
1900-02-29 : eNwxoLd
1901-02-28 : WGtlHIi
1901-02-28 : zxARchd
1901-02-28 : HJoZMCu
1901-02-28 : NRKLymd
1977-01-25 : imfRKgJ
1987-04-04 : xpLSgrV
1987-11-12 : OwrDQVj
1997-11-24 : HzODERB
2000-02-29 : yPzkDWf
2000-02-29 : gPGahbl
2000-02-29 : UpRlVaB
2000-02-29 : CGexbsI
2006-07-14 : NxGPota
2010-04-11 : lStgWOb
2021-12-22 : hgmdcGo
2022-02-02 : vgbWuni
2028-04-19 : cvrGELu
2031-03-21 : imFrOCu
L118:Cg0;setdate(22, 11, 1997):1
L119:Cj0;setdate(22, 11, 1997):1
L120:Cj0;remove_event(HzODERB, 24, 11):1
L121:Cg0;remove_event(HzODERB, 24, 11):1
L122:Cj0;setdate(16, 2, 2021):1
L123:Cg0;setdate(16, 2, 2021):1
L124:Cg0;remove_event(hgmdcGo, 22, 12):1
L125:Cj0;remove_event(hgmdcGo, 22, 12):1
L126:Cj0;setdate(13, 2, 2031):1
L127:Cg0;setdate(13, 2, 2031):1
L128:Cg0;remove_event(zxARchd, 28, 2, 1901):1
L129:Cj0;remove_event(zxARchd, 28, 2, 1901):1
L130:Cj0;setdate(29, 2, 1901):0
L131:Cg0;setdate(29, 2, 1901):0
L132:Cj0;remove_event(IAhEnWs):0
L133:Cg0;remove_event(IAhEnWs):0
L134:Cj0;setdate(5, 8, 2009):1
L135:Cg0;setdate(5, 8, 2009):1
L136:Cj0;remove_event(YxGcRVB, 29, 2, 1901):0
L137:Cg0;remove_event(YxGcRVB, 29, 2, 1901):0
L138:Cj0;setdate(18, 8, 2000):1
L139:Cg0;setdate(18, 8, 2000):1
L140:Cg0;remove_event(CGexbsI, 29, 2):1
L141:Cj0;remove_event(CGexbsI, 29, 2):1
L142:Cj0;setdate(1, 1, 1900):1
L143:Cg0;setdate(1, 1, 1900):1
L144:Cg0;setdate(29, 2, 1900):0
L145:Cj0;setdate(29, 2, 1900):1
L146: Cg0;print
1901-02-28 : WGtlHIi
1901-02-28 : HJoZMCu
1901-02-28 : NRKLymd
1977-01-25 : imfRKgJ
1987-04-04 : xpLSgrV
1987-11-12 : OwrDQVj
2000-02-29 : yPzkDWf
2000-02-29 : gPGahbl
2000-02-29 : UpRlVaB
2006-07-14 : NxGPota
2010-04-11 : lStgWOb
2022-02-02 : vgbWuni
2028-04-19 : cvrGELu
2031-03-21 : imFrOCu
L147: Cj0;print
1901-02-28 : WGtlHIi
1901-02-28 : HJoZMCu
1901-02-28 : NRKLymd
1977-01-25 : imfRKgJ
1987-04-04 : xpLSgrV
1987-11-12 : OwrDQVj
2000-02-29 : yPzkDWf
2000-02-29 : gPGahbl
2000-02-29 : UpRlVaB
2006-07-14 : NxGPota
2010-04-11 : lStgWOb
2022-02-02 : vgbWuni
2028-04-19 : cvrGELu
2031-03-21 : imFrOCu
L148:Cg0;setdate(1, 1, 1900):1
L149:Cj0;setdate(1, 1, 1900):1
L150: Cj0;print
1900-02-29 : hcZHmvP
1900-02-29 : qmuwKEa
1900-02-29 : iBJjkAG
1900-02-29 : eNwxoLd
1901-02-28 : WGtlHIi
1901-02-28 : HJoZMCu
1901-02-28 : NRKLymd
1977-01-25 : imfRKgJ
1987-04-04 : xpLSgrV
1987-11-12 : OwrDQVj
2000-02-29 : yPzkDWf
2000-02-29 : gPGahbl
2000-02-29 : UpRlVaB
2006-07-14 : NxGPota
2010-04-11 : lStgWOb
2022-02-02 : vgbWuni
2028-04-19 : cvrGELu
2031-03-21 : imFrOCu
L151: Cg0;print
1901-02-28 : WGtlHIi
1901-02-28 : HJoZMCu
1901-02-28 : NRKLymd
1977-01-25 : imfRKgJ
1987-04-04 : xpLSgrV
1987-11-12 : OwrDQVj
2000-02-29 : yPzkDWf
2000-02-29 : gPGahbl
2000-02-29 : UpRlVaB
2006-07-14 : NxGPota
2010-04-11 : lStgWOb
2022-02-02 : vgbWuni
2028-04-19 : cvrGELu
2031-03-21 : imFrOCu
L152:Cj1 created
L153:Cg1 created
L154:Cg1=Cx0
L155:Cj1=Cx0
L156:Cj0 deleted
L157:Cg0 deleted
L158:Cj1;setdate(23, 7, 1970):1
L159:Cg1;setdate(23, 7, 1970):1
L160:Cj1;add_event(dwfaLQu, 1, 5, 2039):1
L161:Cg1;add_event(dwfaLQu, 1, 5, 2039):1
L162:Cg1;setdate(13, 11, 1975):1
L163:Cj1;setdate(13, 11, 1975):1
L164:Cg1;add_event(awgOdes, 28):1
L165:Cj1;add_event(awgOdes, 28):1
L166:Cg1;setdate(22, 1, 1999):1
L167:Cj1;setdate(22, 1, 1999):1
L168:Cj1;add_event(NUjEthn):1
L169:Cg1;add_event(NUjEthn):1
L170:Cj1;setdate(27, 4, 2025):1
L171:Cg1;setdate(27, 4, 2025):1
L172:Cj1;add_event(Toghevl, 13, 8, 1994):1
L173:Cg1;add_event(Toghevl, 13, 8, 1994):1
L174:Cj1;setdate(16, 1, 2023):1
L175:Cg1;setdate(16, 1, 2023):1
L176:Cj1;add_event(CkonHXg, 16, 11):1
L177:Cg1;add_event(CkonHXg, 16, 11):1
L178:Cj1;setdate(13, 12, 1989):1
L179:Cg1;setdate(13, 12, 1989):1
L180:Cj1;add_event(WPGIVOq, 25):1
L181:Cg1;add_event(WPGIVOq, 25):1
L182:Cj1;setdate(26, 3, 1995):1
L183:Cg1;setdate(26, 3, 1995):1
L184:Cg1;add_event(mkbEzRJ, 12, 4):1
L185:Cj1;add_event(mkbEzRJ, 12, 4):1
L186:Cg1;setdate(22, 6, 2026):1
L187:Cj1;setdate(22, 6, 2026):1
L188:Cj1;add_event(hXslbWM, 8, 2, 2025):1
L189:Cg1;add_event(hXslbWM, 8, 2, 2025):1
L190:Cj1;setdate(25, 9, 1997):1
L191:Cg1;setdate(25, 9, 1997):1
L192:Cj1;add_event(ibCWUsZ, 23):1
L193:Cg1;add_event(ibCWUsZ, 23):1
L194:Cg1;setdate(1, 12, 1980):1
L195:Cj1;setdate(1, 12, 1980):1
L196:Cj1;add_event(DqWxdkc, 8):1
L197:Cg1;add_event(DqWxdkc, 8):1
L198:Cg1;setdate(29, 2, 1900):0
L199:Cj1;setdate(29, 2, 1900):1
L200:Cg1;add_event(etErRaf):1
L201:Cj1;add_event(etErRaf):1
L202:Cj1;setdate(27, 2, 1901):1
L203:Cg1;setdate(27, 2, 1901):1
L204:Cj1;add_event(rMQYPuw, 28):1
L205:Cg1;add_event(rMQYPuw, 28):1
L206:Cg1;setdate(1, 2, 1901):1
L207:Cj1;setdate(1, 2, 1901):1
L208:Cj1;add_event(KFHejJw, 29, 2):0
L209:Cg1;add_event(KFHejJw, 29, 2):0
L210:Cj1;setdate(29, 2, 2000):1
L211:Cg1;setdate(29, 2, 2000):1
L212:Cj1;add_event(XYaPZnc):1
L213:Cg1;add_event(XYaPZnc):1
L214:Cj1;setdate(29, 2, 1900):1
L215:Cg1;setdate(29, 2, 1900):0
L216:Cg1;add_event(TMhImly):1
L217:Cj1;add_event(TMhImly):1
L218:Cg1;setdate(24, 1, 2010):1
L219:Cj1;setdate(24, 1, 2010):1
L220:Cg1;add_event(VBdUNbi, 28, 2, 1901):1
L221:Cj1;add_event(VBdUNbi, 28, 2, 1901):1
L222:Cj1;setdate(15, 9, 1978):1
L223:Cg1;setdate(15, 9, 1978):1
L224:Cg1;add_event(VUqliHr, 29, 2, 1901):0
L225:Cj1;add_event(VUqliHr, 29, 2, 1901):0
L226:Cj1;setdate(13, 1, 1995):1
L227:Cg1;setdate(13, 1, 1995):1
L228:Cj1;add_event(pRarmTo, 29, 2, 2000):1
L229:Cg1;add_event(pRarmTo, 29, 2, 2000):1
L230:Cj1;setdate(18, 11, 1982):1
L231:Cg1;setdate(18, 11, 1982):1
L232:Cj1;add_event(xIFjTUm, 29, 2, 1900):1
L233:Cg1;add_event(xIFjTUm, 29, 2, 1900):0
L234:Cj1;setdate(14, 7, 1901):1
L235:Cg1;setdate(14, 7, 1901):1
L236:Cg1;add_event(dVkuEqB, 28, 2):1
L237:Cj1;add_event(dVkuEqB, 28, 2):1
L238:Cj1;setdate(23, 2, 1901):1
L239:Cg1;setdate(23, 2, 1901):1
L240:Cj1;add_event(yHWNmjq, 29):0
L241:Cg1;add_event(yHWNmjq, 29):0
L242:Cg1;setdate(29, 2, 2000):1
L243:Cj1;setdate(29, 2, 2000):1
L244:Cg1;add_event(ozHDwtM):1
L245:Cj1;add_event(ozHDwtM):1
L246:Cg1;setdate(25, 8, 1970):1
L247:Cj1;setdate(25, 8, 1970):1
L248:Cg1;add_event(BtwfaIJ, 29, 2, 1900):0
L249:Cj1;add_event(BtwfaIJ, 29, 2, 1900):1
L250:Cg1;setdate(28, 2, 1901):1
L251:Cj1;setdate(28, 2, 1901):1
L252:Cg1;add_event(rnptiUz):1
L253:Cj1;add_event(rnptiUz):1
L254:Cj1;setdate(21, 11, 1988):1
L255:Cg1;setdate(21, 11, 1988):1
L256:Cg1;add_event(mtrWzuP, 29, 2, 1901):0
L257:Cj1;add_event(mtrWzuP, 29, 2, 1901):0
L258:Cj1;setdate(28, 3, 2031):1
L259:Cg1;setdate(28, 3, 2031):1
L260:Cj1;add_event(fpcyebH, 29, 2, 2000):1
L261:Cg1;add_event(fpcyebH, 29, 2, 2000):1
L262:Cg1;setdate(1, 1, 1900):1
L263:Cj1;setdate(1, 1, 1900):1
L264:Cj1;setdate(29, 2, 1900):1
L265:Cg1;setdate(29, 2, 1900):0
L266: Cj1;print
1901-02-15 : WGtlHIi
1901-02-15 : HJoZMCu
1901-02-15 : NRKLymd
1901-02-28 : rMQYPuw
1901-02-28 : VBdUNbi
1901-02-28 : dVkuEqB
1901-02-28 : rnptiUz
1975-11-28 : awgOdes
1977-01-12 : imfRKgJ
1980-12-08 : DqWxdkc
1987-03-22 : xpLSgrV
1987-10-30 : OwrDQVj
1989-12-25 : WPGIVOq
1994-08-13 : Toghevl
1995-04-12 : mkbEzRJ
1997-09-23 : ibCWUsZ
1999-01-22 : NUjEthn
2000-02-16 : yPzkDWf
2000-02-16 : gPGahbl
2000-02-16 : UpRlVaB
2000-02-29 : XYaPZnc
2000-02-29 : pRarmTo
2000-02-29 : ozHDwtM
2000-02-29 : fpcyebH
2006-07-01 : NxGPota
2010-03-29 : lStgWOb
2022-01-20 : vgbWuni
2023-11-16 : CkonHXg
2025-02-08 : hXslbWM
2028-04-06 : cvrGELu
2031-03-08 : imFrOCu
2039-05-01 : dwfaLQu
L267: Cg1;print
1900-03-13 : hcZHmvP
1900-03-13 : qmuwKEa
1900-03-13 : iBJjkAG
1900-03-13 : eNwxoLd
1901-02-28 : rMQYPuw
1901-02-28 : VBdUNbi
1901-02-28 : dVkuEqB
1901-02-28 : rnptiUz
1901-03-13 : WGtlHIi
1901-03-13 : HJoZMCu
1901-03-13 : NRKLymd
1975-11-28 : awgOdes
1977-02-07 : imfRKgJ
1980-12-01 : etErRaf
1980-12-08 : DqWxdkc
1987-04-17 : xpLSgrV
1987-11-25 : OwrDQVj
1989-12-25 : WPGIVOq
1994-08-13 : Toghevl
1995-04-12 : mkbEzRJ
1997-09-23 : ibCWUsZ
1999-01-22 : NUjEthn
2000-02-29 : XYaPZnc
2000-02-29 : TMhImly
2000-02-29 : pRarmTo
2000-02-29 : ozHDwtM
2000-02-29 : fpcyebH
2000-03-13 : yPzkDWf
2000-03-13 : gPGahbl
2000-03-13 : UpRlVaB
2006-07-27 : NxGPota
2010-04-24 : lStgWOb
2022-02-15 : vgbWuni
2023-11-16 : CkonHXg
2025-02-08 : hXslbWM
2028-05-02 : cvrGELu
2031-04-03 : imFrOCu
2039-05-01 : dwfaLQu
L268:Cg1;setdate(1, 1, 1900):1
L269:Cj1;setdate(1, 1, 1900):1
L270: Cg1;print
1900-03-13 : hcZHmvP
1900-03-13 : qmuwKEa
1900-03-13 : iBJjkAG
1900-03-13 : eNwxoLd
1901-02-28 : rMQYPuw
1901-02-28 : VBdUNbi
1901-02-28 : dVkuEqB
1901-02-28 : rnptiUz
1901-03-13 : WGtlHIi
1901-03-13 : HJoZMCu
1901-03-13 : NRKLymd
1975-11-28 : awgOdes
1977-02-07 : imfRKgJ
1980-12-01 : etErRaf
1980-12-08 : DqWxdkc
1987-04-17 : xpLSgrV
1987-11-25 : OwrDQVj
1989-12-25 : WPGIVOq
1994-08-13 : Toghevl
1995-04-12 : mkbEzRJ
1997-09-23 : ibCWUsZ
1999-01-22 : NUjEthn
2000-02-29 : XYaPZnc
2000-02-29 : TMhImly
2000-02-29 : pRarmTo
2000-02-29 : ozHDwtM
2000-02-29 : fpcyebH
2000-03-13 : yPzkDWf
2000-03-13 : gPGahbl
2000-03-13 : UpRlVaB
2006-07-27 : NxGPota
2010-04-24 : lStgWOb
2022-02-15 : vgbWuni
2023-11-16 : CkonHXg
2025-02-08 : hXslbWM
2028-05-02 : cvrGELu
2031-04-03 : imFrOCu
2039-05-01 : dwfaLQu
L271: Cj1;print
1900-02-29 : etErRaf
1900-02-29 : TMhImly
1900-02-29 : xIFjTUm
1900-02-29 : BtwfaIJ
1901-02-15 : WGtlHIi
1901-02-15 : HJoZMCu
1901-02-15 : NRKLymd
1901-02-28 : rMQYPuw
1901-02-28 : VBdUNbi
1901-02-28 : dVkuEqB
1901-02-28 : rnptiUz
1975-11-28 : awgOdes
1977-01-12 : imfRKgJ
1980-12-08 : DqWxdkc
1987-03-22 : xpLSgrV
1987-10-30 : OwrDQVj
1989-12-25 : WPGIVOq
1994-08-13 : Toghevl
1995-04-12 : mkbEzRJ
1997-09-23 : ibCWUsZ
1999-01-22 : NUjEthn
2000-02-16 : yPzkDWf
2000-02-16 : gPGahbl
2000-02-16 : UpRlVaB
2000-02-29 : XYaPZnc
2000-02-29 : pRarmTo
2000-02-29 : ozHDwtM
2000-02-29 : fpcyebH
2006-07-01 : NxGPota
2010-03-29 : lStgWOb
2022-01-20 : vgbWuni
2023-11-16 : CkonHXg
2025-02-08 : hXslbWM
2028-04-06 : cvrGELu
2031-03-08 : imFrOCu
2039-05-01 : dwfaLQu
L272:Cg1;setdate(18, 4, 1997):1
L273:Cj1;setdate(18, 4, 1997):1
L274:Cj1;remove_event(HzODERB, 24, 11):0
L275:Cg1;remove_event(HzODERB, 24, 11):0
L276:Cg1;setdate(10, 7, 2016):1
L277:Cj1;setdate(10, 7, 2016):1
L278:Cg1;remove_event(hgmdcGo, 22, 12, 2021):0
L279:Cj1;remove_event(hgmdcGo, 22, 12, 2021):0
L280:Cg1;setdate(22, 2, 1901):1
L281:Cj1;setdate(22, 2, 1901):1
L282:Cj1;remove_event(UOVHoMG, 29):0
L283:Cg1;remove_event(UOVHoMG, 29):0
L284:Cg1;setdate(29, 2, 2000):1
L285:Cj1;setdate(29, 2, 2000):1
L286:Cj1;remove_event(yPzkDWf):0
L287:Cg1;remove_event(yPzkDWf):0
L288:Cj1;setdate(25, 10, 2012):1
L289:Cg1;setdate(25, 10, 2012):1
L290:Cg1;remove_event(zxARchd, 28, 2, 1901):0
L291:Cj1;remove_event(zxARchd, 28, 2, 1901):0
L292:Cg1;setdate(29, 2, 1901):0
L293:Cj1;setdate(29, 2, 1901):0
L294:Cj1;remove_event(IAhEnWs):0
L295:Cg1;remove_event(IAhEnWs):0
L296:Cg1;setdate(29, 2, 2000):1
L297:Cj1;setdate(29, 2, 2000):1
L298:Cg1;remove_event(gPGahbl):0
L299:Cj1;remove_event(gPGahbl):0
L300:Cj1;setdate(25, 10, 1901):1
L301:Cg1;setdate(25, 10, 1901):1
L302:Cj1;remove_event(YxGcRVB, 29, 2):0
L303:Cg1;remove_event(YxGcRVB, 29, 2):0
L304:Cg1;setdate(12, 1, 2000):1
L305:Cj1;setdate(12, 1, 2000):1
L306:Cg1;remove_event(CGexbsI, 29, 2):0
L307:Cj1;remove_event(CGexbsI, 29, 2):0
L308:Cj1;setdate(15, 10, 1975):1
L309:Cg1;setdate(15, 10, 1975):1
L310:Cj1;remove_event(awgOdes, 28, 11):1
L311:Cg1;remove_event(awgOdes, 28, 11):1
L312:Cj1;setdate(1, 8, 1994):1
L313:Cg1;setdate(1, 8, 1994):1
L314:Cj1;remove_event(Toghevl, 13):1
L315:Cg1;remove_event(Toghevl, 13):1
L316:Cj1;setdate(21, 1, 1976):1
L317:Cg1;setdate(21, 1, 1976):1
L318:Cg1;remove_event(CkonHXg, 16, 11, 2023):1
L319:Cj1;remove_event(CkonHXg, 16, 11, 2023):1
L320:Cj1;setdate(20, 5, 2025):1
L321:Cg1;setdate(20, 5, 2025):1
L322:Cj1;remove_event(hXslbWM, 8, 2):1
L323:Cg1;remove_event(hXslbWM, 8, 2):1
L324:Cg1;setdate(18, 4, 2028):1
L325:Cj1;setdate(18, 4, 2028):1
L326:Cg1;remove_event(ibCWUsZ, 23, 9, 1997):1
L327:Cj1;remove_event(ibCWUsZ, 23, 9, 1997):1
L328:Cj1;setdate(28, 2, 1901):1
L329:Cg1;setdate(28, 2, 1901):1
L330:Cj1;remove_event(VBdUNbi):1
L331:Cg1;remove_event(VBdUNbi):1
L332:Cg1;setdate(29, 2, 2000):1
L333:Cj1;setdate(29, 2, 2000):1
L334:Cg1;remove_event(pRarmTo):1
L335:Cj1;remove_event(pRarmTo):1
L336:Cg1;setdate(20, 10, 1900):1
L337:Cj1;setdate(20, 10, 1900):1
L338:Cg1;remove_event(xIFjTUm, 29, 2):0
L339:Cj1;remove_event(xIFjTUm, 29, 2):1
L340:Cg1;setdate(18, 2, 1901):1
L341:Cj1;setdate(18, 2, 1901):1
L342:Cg1;remove_event(dVkuEqB, 28):1
L343:Cj1;remove_event(dVkuEqB, 28):1
L344:Cj1;setdate(24, 6, 1901):1
L345:Cg1;setdate(24, 6, 1901):1
L346:Cj1;remove_event(mtrWzuP, 29, 2):0
L347:Cg1;remove_event(mtrWzuP, 29, 2):0
L348:Cg1;setdate(29, 2, 2000):1
L349:Cj1;setdate(29, 2, 2000):1
L350:Cj1;remove_event(fpcyebH):1
L351:Cg1;remove_event(fpcyebH):1
L352:Cg1;setdate(1, 1, 1900):1
L353:Cj1;setdate(1, 1, 1900):1
L354:Cj1;setdate(29, 2, 1900):1
L355:Cg1;setdate(29, 2, 1900):0
L356: Cg1;print
1900-03-13 : hcZHmvP
1900-03-13 : qmuwKEa
1900-03-13 : iBJjkAG
1900-03-13 : eNwxoLd
1901-02-28 : rMQYPuw
1901-02-28 : rnptiUz
1901-03-13 : WGtlHIi
1901-03-13 : HJoZMCu
1901-03-13 : NRKLymd
1977-02-07 : imfRKgJ
1980-12-01 : etErRaf
1980-12-08 : DqWxdkc
1987-04-17 : xpLSgrV
1987-11-25 : OwrDQVj
1989-12-25 : WPGIVOq
1995-04-12 : mkbEzRJ
1999-01-22 : NUjEthn
2000-02-29 : XYaPZnc
2000-02-29 : TMhImly
2000-02-29 : ozHDwtM
2000-03-13 : yPzkDWf
2000-03-13 : gPGahbl
2000-03-13 : UpRlVaB
2006-07-27 : NxGPota
2010-04-24 : lStgWOb
2022-02-15 : vgbWuni
2028-05-02 : cvrGELu
2031-04-03 : imFrOCu
2039-05-01 : dwfaLQu
L357: Cj1;print
1901-02-15 : WGtlHIi
1901-02-15 : HJoZMCu
1901-02-15 : NRKLymd
1901-02-28 : rMQYPuw
1901-02-28 : rnptiUz
1977-01-12 : imfRKgJ
1980-12-08 : DqWxdkc
1987-03-22 : xpLSgrV
1987-10-30 : OwrDQVj
1989-12-25 : WPGIVOq
1995-04-12 : mkbEzRJ
1999-01-22 : NUjEthn
2000-02-16 : yPzkDWf
2000-02-16 : gPGahbl
2000-02-16 : UpRlVaB
2000-02-29 : XYaPZnc
2000-02-29 : ozHDwtM
2006-07-01 : NxGPota
2010-03-29 : lStgWOb
2022-01-20 : vgbWuni
2028-04-06 : cvrGELu
2031-03-08 : imFrOCu
2039-05-01 : dwfaLQu
L358:Cj1;setdate(1, 1, 1900):1
L359:Cg1;setdate(1, 1, 1900):1
L360: Cg1;print
1900-03-13 : hcZHmvP
1900-03-13 : qmuwKEa
1900-03-13 : iBJjkAG
1900-03-13 : eNwxoLd
1901-02-28 : rMQYPuw
1901-02-28 : rnptiUz
1901-03-13 : WGtlHIi
1901-03-13 : HJoZMCu
1901-03-13 : NRKLymd
1977-02-07 : imfRKgJ
1980-12-01 : etErRaf
1980-12-08 : DqWxdkc
1987-04-17 : xpLSgrV
1987-11-25 : OwrDQVj
1989-12-25 : WPGIVOq
1995-04-12 : mkbEzRJ
1999-01-22 : NUjEthn
2000-02-29 : XYaPZnc
2000-02-29 : TMhImly
2000-02-29 : ozHDwtM
2000-03-13 : yPzkDWf
2000-03-13 : gPGahbl
2000-03-13 : UpRlVaB
2006-07-27 : NxGPota
2010-04-24 : lStgWOb
2022-02-15 : vgbWuni
2028-05-02 : cvrGELu
2031-04-03 : imFrOCu
2039-05-01 : dwfaLQu
L361: Cj1;print
1900-02-29 : etErRaf
1900-02-29 : TMhImly
1900-02-29 : BtwfaIJ
1901-02-15 : WGtlHIi
1901-02-15 : HJoZMCu
1901-02-15 : NRKLymd
1901-02-28 : rMQYPuw
1901-02-28 : rnptiUz
1977-01-12 : imfRKgJ
1980-12-08 : DqWxdkc
1987-03-22 : xpLSgrV
1987-10-30 : OwrDQVj
1989-12-25 : WPGIVOq
1995-04-12 : mkbEzRJ
1999-01-22 : NUjEthn
2000-02-16 : yPzkDWf
2000-02-16 : gPGahbl
2000-02-16 : UpRlVaB
2000-02-29 : XYaPZnc
2000-02-29 : ozHDwtM
2006-07-01 : NxGPota
2010-03-29 : lStgWOb
2022-01-20 : vgbWuni
2028-04-06 : cvrGELu
2031-03-08 : imFrOCu
2039-05-01 : dwfaLQu
L362:Cj2 created
L363:Cg2 created
L364:Cg2=Cx1
L365:Cj2=Cx1
L366:Cg1 deleted
L367:Cj1 deleted
L368:Cj2;setdate(25, 5, 2039):1
L369:Cg2;setdate(25, 5, 2039):1
L370:Cj2;add_event(TjZGfpS, 4, 6, 2030):1
L371:Cg2;add_event(TjZGfpS, 4, 6, 2030):1
L372:Cj2;setdate(10, 12, 2028):1
L373:Cg2;setdate(10, 12, 2028):1
L374:Cj2;add_event(JQifkzU):1
L375:Cg2;add_event(JQifkzU):1
L376:Cg2;setdate(27, 2, 2023):1
L377:Cj2;setdate(27, 2, 2023):1
L378:Cg2;add_event(cyoaLld, 25, 1, 1992):1
L379:Cj2;add_event(cyoaLld, 25, 1, 1992):1
L380:Cj2;setdate(24, 2, 2017):1
L381:Cg2;setdate(24, 2, 2017):1
L382:Cg2;add_event(SlohbXM, 2, 10):1
L383:Cj2;add_event(SlohbXM, 2, 10):1
L384:Cg2;setdate(8, 11, 2001):1
L385:Cj2;setdate(8, 11, 2001):1
L386:Cg2;add_event(BtfYRCq):1
L387:Cj2;add_event(BtfYRCq):1
L388:Cj2;setdate(9, 5, 1995):1
L389:Cg2;setdate(9, 5, 1995):1
L390:Cg2;add_event(UJAQvMa):1
L391:Cj2;add_event(UJAQvMa):1
L392:Cg2;setdate(21, 1, 2010):1
L393:Cj2;setdate(21, 1, 2010):1
L394:Cj2;add_event(nEZQuqP, 8):1
L395:Cg2;add_event(nEZQuqP, 8):1
L396:Cj2;setdate(15, 3, 2016):1
L397:Cg2;setdate(15, 3, 2016):1
L398:Cg2;add_event(FvSuPXq, 6, 4, 1978):1
L399:Cj2;add_event(FvSuPXq, 6, 4, 1978):1
L400:Cg2;setdate(10, 11, 2008):1
L401:Cj2;setdate(10, 11, 2008):1
L402:Cj2;add_event(XFAVzWL):1
L403:Cg2;add_event(XFAVzWL):1
L404:Cg2;setdate(16, 8, 1978):1
L405:Cj2;setdate(16, 8, 1978):1
L406:Cg2;add_event(yNsdlWa):1
L407:Cj2;add_event(yNsdlWa):1
L408:Cj2;setdate(29, 2, 1900):1
L409:Cg2;setdate(29, 2, 1900):0
L410:Cg2;add_event(HruPpGn):1
L411:Cj2;add_event(HruPpGn):1
L412:Cj2;setdate(26, 2, 1901):1
L413:Cg2;setdate(26, 2, 1901):1
L414:Cg2;add_event(VPkLfce, 28):1
L415:Cj2;add_event(VPkLfce, 28):1
L416:Cg2;setdate(17, 2, 1901):1
L417:Cj2;setdate(17, 2, 1901):1
L418:Cg2;add_event(KhyxpDg, 29):0
L419:Cj2;add_event(KhyxpDg, 29):0
L420:Cg2;setdate(15, 2, 2000):1
L421:Cj2;setdate(15, 2, 2000):1
L422:Cj2;add_event(gZzWRob, 29):1
L423:Cg2;add_event(gZzWRob, 29):1
L424:Cg2;setdate(18, 9, 1985):1
L425:Cj2;setdate(18, 9, 1985):1
L426:Cj2;add_event(SreBXmj, 29, 2, 1900):1
L427:Cg2;add_event(SreBXmj, 29, 2, 1900):0
L428:Cg2;setdate(11, 2, 1901):1
L429:Cj2;setdate(11, 2, 1901):1
L430:Cg2;add_event(aoiGJOP, 28):1
L431:Cj2;add_event(aoiGJOP, 28):1
L432:Cj2;setdate(5, 2, 1901):1
L433:Cg2;setdate(5, 2, 1901):1
L434:Cj2;add_event(DXYZPAy, 29):0
L435:Cg2;add_event(DXYZPAy, 29):0
L436:Cg2;setdate(7, 2, 2000):1
L437:Cj2;setdate(7, 2, 2000):1
L438:Cj2;add_event(twbNdMR, 29):1
L439:Cg2;add_event(twbNdMR, 29):1
L440:Cg2;setdate(29, 2, 1900):0
L441:Cj2;setdate(29, 2, 1900):1
L442:Cj2;add_event(IDXEUOv):1
L443:Cg2;add_event(IDXEUOv):1
L444:Cg2;setdate(28, 2, 1901):1
L445:Cj2;setdate(28, 2, 1901):1
L446:Cj2;add_event(LiXHTzh, 28):1
L447:Cg2;add_event(LiXHTzh, 28):1
L448:Cj2;setdate(29, 2, 1901):0
L449:Cg2;setdate(29, 2, 1901):0
L450:Cj2;add_event(DysrQJo):1
L451:Cg2;add_event(DysrQJo):1
L452:Cj2;setdate(24, 3, 1993):1
L453:Cg2;setdate(24, 3, 1993):1
L454:Cj2;add_event(zESjRQX, 29, 2, 2000):1
L455:Cg2;add_event(zESjRQX, 29, 2, 2000):1
L456:Cg2;setdate(15, 2, 1998):1
L457:Cj2;setdate(15, 2, 1998):1
L458:Cg2;add_event(YxOFmpL, 29, 2, 1900):0
L459:Cj2;add_event(YxOFmpL, 29, 2, 1900):1
L460:Cj2;setdate(20, 3, 2033):1
L461:Cg2;setdate(20, 3, 2033):1
L462:Cj2;add_event(hovigsz, 28, 2, 1901):1
L463:Cg2;add_event(hovigsz, 28, 2, 1901):1
L464:Cg2;setdate(21, 2, 1901):1
L465:Cj2;setdate(21, 2, 1901):1
L466:Cg2;add_event(xkNteZm, 29):0
L467:Cj2;add_event(xkNteZm, 29):0
L468:Cg2;setdate(23, 2, 2000):1
L469:Cj2;setdate(23, 2, 2000):1
L470:Cj2;add_event(gEcfzvM, 29):1
L471:Cg2;add_event(gEcfzvM, 29):1
L472:Cg2;setdate(1, 1, 1900):1
L473:Cj2;setdate(1, 1, 1900):1
L474:Cg2;setdate(29, 2, 1900):0
L475:Cj2;setdate(29, 2, 1900):1
L476: Cj2;print
1901-02-15 : rMQYPuw
1901-02-15 : rnptiUz
1901-02-28 : WGtlHIi
1901-02-28 : HJoZMCu
1901-02-28 : NRKLymd
1901-02-28 : VPkLfce
1901-02-28 : aoiGJOP
1901-02-28 : LiXHTzh
1901-02-28 : DysrQJo
1901-02-28 : hovigsz
1977-01-25 : imfRKgJ
1978-04-06 : FvSuPXq
1978-08-16 : yNsdlWa
1980-11-18 : etErRaf
1980-11-25 : DqWxdkc
1987-04-04 : xpLSgrV
1987-11-12 : OwrDQVj
1989-12-12 : WPGIVOq
1992-01-25 : cyoaLld
1995-03-30 : mkbEzRJ
1995-05-09 : UJAQvMa
1999-01-09 : NUjEthn
2000-02-16 : XYaPZnc
2000-02-16 : TMhImly
2000-02-16 : ozHDwtM
2000-02-29 : yPzkDWf
2000-02-29 : gPGahbl
2000-02-29 : UpRlVaB
2000-02-29 : gZzWRob
2000-02-29 : twbNdMR
2000-02-29 : zESjRQX
2000-02-29 : gEcfzvM
2001-11-08 : BtfYRCq
2006-07-14 : NxGPota
2008-11-10 : XFAVzWL
2010-01-08 : nEZQuqP
2010-04-11 : lStgWOb
2017-10-02 : SlohbXM
2022-02-02 : vgbWuni
2028-04-19 : cvrGELu
2028-12-10 : JQifkzU
2030-06-04 : TjZGfpS
2031-03-21 : imFrOCu
2039-04-18 : dwfaLQu
L477: Cg2;print
1900-03-13 : etErRaf
1900-03-13 : TMhImly
1900-03-13 : BtwfaIJ
1901-02-28 : WGtlHIi
1901-02-28 : HJoZMCu
1901-02-28 : NRKLymd
1901-02-28 : VPkLfce
1901-02-28 : aoiGJOP
1901-02-28 : LiXHTzh
1901-02-28 : DysrQJo
1901-02-28 : hovigsz
1901-03-13 : rMQYPuw
1901-03-13 : rnptiUz
1977-01-25 : imfRKgJ
1978-04-06 : FvSuPXq
1978-08-16 : yNsdlWa
1978-08-16 : HruPpGn
1980-12-21 : DqWxdkc
1987-04-04 : xpLSgrV
1987-11-12 : OwrDQVj
1990-01-07 : WPGIVOq
1992-01-25 : cyoaLld
1995-04-25 : mkbEzRJ
1995-05-09 : UJAQvMa
1999-02-04 : NUjEthn
2000-02-07 : IDXEUOv
2000-02-29 : yPzkDWf
2000-02-29 : gPGahbl
2000-02-29 : UpRlVaB
2000-02-29 : gZzWRob
2000-02-29 : twbNdMR
2000-02-29 : zESjRQX
2000-02-29 : gEcfzvM
2000-03-13 : XYaPZnc
2000-03-13 : ozHDwtM
2001-11-08 : BtfYRCq
2006-07-14 : NxGPota
2008-11-10 : XFAVzWL
2010-01-08 : nEZQuqP
2010-04-11 : lStgWOb
2017-10-02 : SlohbXM
2022-02-02 : vgbWuni
2028-04-19 : cvrGELu
2028-12-10 : JQifkzU
2030-06-04 : TjZGfpS
2031-03-21 : imFrOCu
2039-05-14 : dwfaLQu
L478:Cj2;setdate(1, 1, 1900):1
L479:Cg2;setdate(1, 1, 1900):1
L480: Cj2;print
1900-02-29 : hcZHmvP
1900-02-29 : qmuwKEa
1900-02-29 : iBJjkAG
1900-02-29 : eNwxoLd
1900-02-29 : HruPpGn
1900-02-29 : SreBXmj
1900-02-29 : IDXEUOv
1900-02-29 : YxOFmpL
1901-02-15 : rMQYPuw
1901-02-15 : rnptiUz
1901-02-28 : WGtlHIi
1901-02-28 : HJoZMCu
1901-02-28 : NRKLymd
1901-02-28 : VPkLfce
1901-02-28 : aoiGJOP
1901-02-28 : LiXHTzh
1901-02-28 : DysrQJo
1901-02-28 : hovigsz
1977-01-25 : imfRKgJ
1978-04-06 : FvSuPXq
1978-08-16 : yNsdlWa
1980-11-18 : etErRaf
1980-11-25 : DqWxdkc
1987-04-04 : xpLSgrV
1987-11-12 : OwrDQVj
1989-12-12 : WPGIVOq
1992-01-25 : cyoaLld
1995-03-30 : mkbEzRJ
1995-05-09 : UJAQvMa
1999-01-09 : NUjEthn
2000-02-16 : XYaPZnc
2000-02-16 : TMhImly
2000-02-16 : ozHDwtM
2000-02-29 : yPzkDWf
2000-02-29 : gPGahbl
2000-02-29 : UpRlVaB
2000-02-29 : gZzWRob
2000-02-29 : twbNdMR
2000-02-29 : zESjRQX
2000-02-29 : gEcfzvM
2001-11-08 : BtfYRCq
2006-07-14 : NxGPota
2008-11-10 : XFAVzWL
2010-01-08 : nEZQuqP
2010-04-11 : lStgWOb
2017-10-02 : SlohbXM
2022-02-02 : vgbWuni
2028-04-19 : cvrGELu
2028-12-10 : JQifkzU
2030-06-04 : TjZGfpS
2031-03-21 : imFrOCu
2039-04-18 : dwfaLQu
L481: Cg2;print
1900-03-13 : etErRaf
1900-03-13 : TMhImly
1900-03-13 : BtwfaIJ
1901-02-28 : WGtlHIi
1901-02-28 : HJoZMCu
1901-02-28 : NRKLymd
1901-02-28 : VPkLfce
1901-02-28 : aoiGJOP
1901-02-28 : LiXHTzh
1901-02-28 : DysrQJo
1901-02-28 : hovigsz
1901-03-13 : rMQYPuw
1901-03-13 : rnptiUz
1977-01-25 : imfRKgJ
1978-04-06 : FvSuPXq
1978-08-16 : yNsdlWa
1978-08-16 : HruPpGn
1980-12-21 : DqWxdkc
1987-04-04 : xpLSgrV
1987-11-12 : OwrDQVj
1990-01-07 : WPGIVOq
1992-01-25 : cyoaLld
1995-04-25 : mkbEzRJ
1995-05-09 : UJAQvMa
1999-02-04 : NUjEthn
2000-02-07 : IDXEUOv
2000-02-29 : yPzkDWf
2000-02-29 : gPGahbl
2000-02-29 : UpRlVaB
2000-02-29 : gZzWRob
2000-02-29 : twbNdMR
2000-02-29 : zESjRQX
2000-02-29 : gEcfzvM
2000-03-13 : XYaPZnc
2000-03-13 : ozHDwtM
2001-11-08 : BtfYRCq
2006-07-14 : NxGPota
2008-11-10 : XFAVzWL
2010-01-08 : nEZQuqP
2010-04-11 : lStgWOb
2017-10-02 : SlohbXM
2022-02-02 : vgbWuni
2028-04-19 : cvrGELu
2028-12-10 : JQifkzU
2030-06-04 : TjZGfpS
2031-03-21 : imFrOCu
2039-05-14 : dwfaLQu
L482:Cj2;setdate(24, 11, 1997):1
L483:Cg2;setdate(24, 11, 1997):1
L484:Cj2;remove_event(HzODERB):0
L485:Cg2;remove_event(HzODERB):0
L486:Cj2;setdate(28, 3, 1975):1
L487:Cg2;setdate(28, 3, 1975):1
L488:Cj2;remove_event(hgmdcGo, 22, 12, 2021):0
L489:Cg2;remove_event(hgmdcGo, 22, 12, 2021):0
L490:Cg2;setdate(8, 1, 2016):1
L491:Cj2;setdate(8, 1, 2016):1
L492:Cg2;remove_event(WGtlHIi, 28, 2, 1901):1
L493:Cj2;remove_event(WGtlHIi, 28, 2, 1901):1
L494:Cj2;setdate(29, 2, 1901):0
L495:Cg2;setdate(29, 2, 1901):0
L496:Cj2;remove_event(UOVHoMG):0
L497:Cg2;remove_event(UOVHoMG):0
L498:Cj2;setdate(14, 2, 1901):1
L499:Cg2;setdate(14, 2, 1901):1
L500:Cg2;remove_event(IAhEnWs, 29):0
L501:Cj2;remove_event(IAhEnWs, 29):0
L502:Cg2;setdate(29, 2, 2000):1
L503:Cj2;setdate(29, 2, 2000):1
L504:Cg2;remove_event(gPGahbl):1
L505:Cj2;remove_event(gPGahbl):1
L506:Cg2;setdate(24, 2, 1901):1
L507:Cj2;setdate(24, 2, 1901):1
L508:Cg2;remove_event(fyDHXkR, 29, 2):0
L509:Cj2;remove_event(fyDHXkR, 29, 2):0
L510:Cj2;setdate(14, 11, 1975):1
L511:Cg2;setdate(14, 11, 1975):1
L512:Cg2;remove_event(awgOdes, 28):0
L513:Cj2;remove_event(awgOdes, 28):0
L514:Cg2;setdate(26, 7, 1999):1
L515:Cj2;setdate(26, 7, 1999):1
L516:Cj2;remove_event(NUjEthn, 22, 1):0
L517:Cg2;remove_event(NUjEthn, 22, 1):0
L518:Cg2;setdate(14, 8, 1994):1
L519:Cj2;setdate(14, 8, 1994):1
L520:Cg2;remove_event(Toghevl, 13):0
L521:Cj2;remove_event(Toghevl, 13):0
L522:Cj2;setdate(19, 6, 1976):1
L523:Cg2;setdate(19, 6, 1976):1
L524:Cj2;remove_event(CkonHXg, 16, 11, 2023):0
L525:Cg2;remove_event(CkonHXg, 16, 11, 2023):0
L526:Cj2;setdate(28, 2, 1901):1
L527:Cg2;setdate(28, 2, 1901):1
L528:Cg2;remove_event(VBdUNbi):0
L529:Cj2;remove_event(VBdUNbi):0
L530:Cg2;setdate(18, 10, 2024):1
L531:Cj2;setdate(18, 10, 2024):1
L532:Cg2;remove_event(VUqliHr, 29, 2, 1901):0
L533:Cj2;remove_event(VUqliHr, 29, 2, 1901):0
L534:Cj2;setdate(22, 5, 1901):1
L535:Cg2;setdate(22, 5, 1901):1
L536:Cj2;remove_event(dVkuEqB, 28, 2):0
L537:Cg2;remove_event(dVkuEqB, 28, 2):0
L538:Cg2;setdate(5, 5, 2037):1
L539:Cj2;setdate(5, 5, 2037):1
L540:Cg2;remove_event(rnptiUz, 28, 2, 1901):0
L541:Cj2;remove_event(rnptiUz, 28, 2, 1901):0
L542:Cj2;setdate(9, 10, 1901):1
L543:Cg2;setdate(9, 10, 1901):1
L544:Cg2;remove_event(mtrWzuP, 29, 2):0
L545:Cj2;remove_event(mtrWzuP, 29, 2):0
L546:Cg2;setdate(2, 7, 2000):1
L547:Cj2;setdate(2, 7, 2000):1
L548:Cg2;remove_event(fpcyebH, 29, 2):0
L549:Cj2;remove_event(fpcyebH, 29, 2):0
L550:Cj2;setdate(13, 11, 2001):1
L551:Cg2;setdate(13, 11, 2001):1
L552:Cj2;remove_event(BtfYRCq, 8):1
L553:Cg2;remove_event(BtfYRCq, 8):1
L554:Cg2;setdate(13, 6, 1986):1
L555:Cj2;setdate(13, 6, 1986):1
L556:Cg2;remove_event(FvSuPXq, 6, 4, 1978):1
L557:Cj2;remove_event(FvSuPXq, 6, 4, 1978):1
L558:Cj2;setdate(28, 2, 1901):1
L559:Cg2;setdate(28, 2, 1901):1
L560:Cg2;remove_event(aoiGJOP):1
L561:Cj2;remove_event(aoiGJOP):1
L562:Cj2;setdate(24, 9, 1994):1
L563:Cg2;setdate(24, 9, 1994):1
L564:Cj2;remove_event(twbNdMR, 29, 2, 2000):1
L565:Cg2;remove_event(twbNdMR, 29, 2, 2000):1
L566:Cj2;setdate(7, 2, 1901):1
L567:Cg2;setdate(7, 2, 1901):1
L568:Cj2;remove_event(DysrQJo, 29):0
L569:Cg2;remove_event(DysrQJo, 29):0
L570:Cg2;setdate(29, 2, 2000):1
L571:Cj2;setdate(29, 2, 2000):1
L572:Cg2;remove_event(gEcfzvM):1
L573:Cj2;remove_event(gEcfzvM):1
L574:Cj2;setdate(1, 1, 1900):1
L575:Cg2;setdate(1, 1, 1900):1
L576:Cj2;setdate(29, 2, 1900):1
L577:Cg2;setdate(29, 2, 1900):0
L578: Cj2;print
1901-02-15 : rMQYPuw
1901-02-15 : rnptiUz
1901-02-28 : HJoZMCu
1901-02-28 : NRKLymd
1901-02-28 : VPkLfce
1901-02-28 : LiXHTzh
1901-02-28 : DysrQJo
1901-02-28 : hovigsz
1977-01-25 : imfRKgJ
1978-08-16 : yNsdlWa
1980-11-18 : etErRaf
1980-11-25 : DqWxdkc
1987-04-04 : xpLSgrV
1987-11-12 : OwrDQVj
1989-12-12 : WPGIVOq
1992-01-25 : cyoaLld
1995-03-30 : mkbEzRJ
1995-05-09 : UJAQvMa
1999-01-09 : NUjEthn
2000-02-16 : XYaPZnc
2000-02-16 : TMhImly
2000-02-16 : ozHDwtM
2000-02-29 : yPzkDWf
2000-02-29 : UpRlVaB
2000-02-29 : gZzWRob
2000-02-29 : zESjRQX
2006-07-14 : NxGPota
2008-11-10 : XFAVzWL
2010-01-08 : nEZQuqP
2010-04-11 : lStgWOb
2017-10-02 : SlohbXM
2022-02-02 : vgbWuni
2028-04-19 : cvrGELu
2028-12-10 : JQifkzU
2030-06-04 : TjZGfpS
2031-03-21 : imFrOCu
2039-04-18 : dwfaLQu
L579: Cg2;print
1900-03-13 : etErRaf
1900-03-13 : TMhImly
1900-03-13 : BtwfaIJ
1901-02-28 : HJoZMCu
1901-02-28 : NRKLymd
1901-02-28 : VPkLfce
1901-02-28 : LiXHTzh
1901-02-28 : DysrQJo
1901-02-28 : hovigsz
1901-03-13 : rMQYPuw
1901-03-13 : rnptiUz
1977-01-25 : imfRKgJ
1978-08-16 : yNsdlWa
1978-08-16 : HruPpGn
1980-12-21 : DqWxdkc
1987-04-04 : xpLSgrV
1987-11-12 : OwrDQVj
1990-01-07 : WPGIVOq
1992-01-25 : cyoaLld
1995-04-25 : mkbEzRJ
1995-05-09 : UJAQvMa
1999-02-04 : NUjEthn
2000-02-07 : IDXEUOv
2000-02-29 : yPzkDWf
2000-02-29 : UpRlVaB
2000-02-29 : gZzWRob
2000-02-29 : zESjRQX
2000-03-13 : XYaPZnc
2000-03-13 : ozHDwtM
2006-07-14 : NxGPota
2008-11-10 : XFAVzWL
2010-01-08 : nEZQuqP
2010-04-11 : lStgWOb
2017-10-02 : SlohbXM
2022-02-02 : vgbWuni
2028-04-19 : cvrGELu
2028-12-10 : JQifkzU
2030-06-04 : TjZGfpS
2031-03-21 : imFrOCu
2039-05-14 : dwfaLQu
L580:Cj2;setdate(1, 1, 1900):1
L581:Cg2;setdate(1, 1, 1900):1
L582: Cg2;print
1900-03-13 : etErRaf
1900-03-13 : TMhImly
1900-03-13 : BtwfaIJ
1901-02-28 : HJoZMCu
1901-02-28 : NRKLymd
1901-02-28 : VPkLfce
1901-02-28 : LiXHTzh
1901-02-28 : DysrQJo
1901-02-28 : hovigsz
1901-03-13 : rMQYPuw
1901-03-13 : rnptiUz
1977-01-25 : imfRKgJ
1978-08-16 : yNsdlWa
1978-08-16 : HruPpGn
1980-12-21 : DqWxdkc
1987-04-04 : xpLSgrV
1987-11-12 : OwrDQVj
1990-01-07 : WPGIVOq
1992-01-25 : cyoaLld
1995-04-25 : mkbEzRJ
1995-05-09 : UJAQvMa
1999-02-04 : NUjEthn
2000-02-07 : IDXEUOv
2000-02-29 : yPzkDWf
2000-02-29 : UpRlVaB
2000-02-29 : gZzWRob
2000-02-29 : zESjRQX
2000-03-13 : XYaPZnc
2000-03-13 : ozHDwtM
2006-07-14 : NxGPota
2008-11-10 : XFAVzWL
2010-01-08 : nEZQuqP
2010-04-11 : lStgWOb
2017-10-02 : SlohbXM
2022-02-02 : vgbWuni
2028-04-19 : cvrGELu
2028-12-10 : JQifkzU
2030-06-04 : TjZGfpS
2031-03-21 : imFrOCu
2039-05-14 : dwfaLQu
L583: Cj2;print
1900-02-29 : hcZHmvP
1900-02-29 : qmuwKEa
1900-02-29 : iBJjkAG
1900-02-29 : eNwxoLd
1900-02-29 : HruPpGn
1900-02-29 : SreBXmj
1900-02-29 : IDXEUOv
1900-02-29 : YxOFmpL
1901-02-15 : rMQYPuw
1901-02-15 : rnptiUz
1901-02-28 : HJoZMCu
1901-02-28 : NRKLymd
1901-02-28 : VPkLfce
1901-02-28 : LiXHTzh
1901-02-28 : DysrQJo
1901-02-28 : hovigsz
1977-01-25 : imfRKgJ
1978-08-16 : yNsdlWa
1980-11-18 : etErRaf
1980-11-25 : DqWxdkc
1987-04-04 : xpLSgrV
1987-11-12 : OwrDQVj
1989-12-12 : WPGIVOq
1992-01-25 : cyoaLld
1995-03-30 : mkbEzRJ
1995-05-09 : UJAQvMa
1999-01-09 : NUjEthn
2000-02-16 : XYaPZnc
2000-02-16 : TMhImly
2000-02-16 : ozHDwtM
2000-02-29 : yPzkDWf
2000-02-29 : UpRlVaB
2000-02-29 : gZzWRob
2000-02-29 : zESjRQX
2006-07-14 : NxGPota
2008-11-10 : XFAVzWL
2010-01-08 : nEZQuqP
2010-04-11 : lStgWOb
2017-10-02 : SlohbXM
2022-02-02 : vgbWuni
2028-04-19 : cvrGELu
2028-12-10 : JQifkzU
2030-06-04 : TjZGfpS
2031-03-21 : imFrOCu
2039-04-18 : dwfaLQu
L584:Cj3 created
L585:Cg3 created
L586:Cj3=Cx2
L587:Cg3=Cx2
L588:Cj2 deleted
L589:Cg2 deleted
L590:Cg3;setdate(17, 3, 1986):1
L591:Cj3;setdate(17, 3, 1986):1
L592:Cg3;add_event(pNaeDfO, 11):1
L593:Cj3;add_event(pNaeDfO, 11):1
L594:Cg3;setdate(15, 10, 2012):1
L595:Cj3;setdate(15, 10, 2012):1
L596:Cg3;add_event(ZVrAYIQ):1
L597:Cj3;add_event(ZVrAYIQ):1
L598:Cj3;setdate(11, 2, 2004):1
L599:Cg3;setdate(11, 2, 2004):1
L600:Cj3;add_event(LVbhNlF):1
L601:Cg3;add_event(LVbhNlF):1
L602:Cj3;setdate(5, 9, 1972):1
L603:Cg3;setdate(5, 9, 1972):1
L604:Cg3;add_event(xsYiVQB, 6):1
L605:Cj3;add_event(xsYiVQB, 6):1
L606:Cj3;setdate(2, 4, 2036):1
L607:Cg3;setdate(2, 4, 2036):1
L608:Cg3;add_event(oXvjAHx, 26):1
L609:Cj3;add_event(oXvjAHx, 26):1
L610:Cj3;setdate(12, 2, 1978):1
L611:Cg3;setdate(12, 2, 1978):1
L612:Cj3;add_event(oIrYxhv, 26, 3):1
L613:Cg3;add_event(oIrYxhv, 26, 3):1
L614:Cj3;setdate(11, 4, 2024):1
L615:Cg3;setdate(11, 4, 2024):1
L616:Cg3;add_event(lHAtEkc):1
L617:Cj3;add_event(lHAtEkc):1
L618:Cg3;setdate(28, 9, 2028):1
L619:Cj3;setdate(28, 9, 2028):1
L620:Cg3;add_event(wTCivIO, 3):1
L621:Cj3;add_event(wTCivIO, 3):1
L622:Cg3;setdate(3, 2, 2012):1
L623:Cj3;setdate(3, 2, 2012):1
L624:Cj3;add_event(FauzmhB):1
L625:Cg3;add_event(FauzmhB):1
L626:Cj3;setdate(25, 9, 2001):1
L627:Cg3;setdate(25, 9, 2001):1
L628:Cg3;add_event(jYWEAxb, 20):1
L629:Cj3;add_event(jYWEAxb, 20):1
L630:Cg3;setdate(16, 2, 1900):1
L631:Cj3;setdate(16, 2, 1900):1
L632:Cj3;add_event(jwUnAuQ, 29):1
L633:Cg3;add_event(jwUnAuQ, 29):0
L634:Cg3;setdate(3, 11, 1901):1
L635:Cj3;setdate(3, 11, 1901):1
L636:Cj3;add_event(KFptByP, 28, 2):1
L637:Cg3;add_event(KFptByP, 28, 2):1
L638:Cg3;setdate(14, 3, 2007):1
L639:Cj3;setdate(14, 3, 2007):1
L640:Cj3;add_event(qfXtgZU, 29, 2, 1901):0
L641:Cg3;add_event(qfXtgZU, 29, 2, 1901):0
L642:Cj3;setdate(10, 3, 2000):1
L643:Cg3;setdate(10, 3, 2000):1
L644:Cg3;add_event(WgrsiVe, 29, 2):1
L645:Cj3;add_event(WgrsiVe, 29, 2):1
L646:Cg3;setdate(29, 2, 1900):0
L647:Cj3;setdate(29, 2, 1900):1
L648:Cg3;add_event(dvyqNCV):1
L649:Cj3;add_event(dvyqNCV):1
L650:Cg3;setdate(27, 2, 1901):1
L651:Cj3;setdate(27, 2, 1901):1
L652:Cg3;add_event(MdlKjBX, 28):1
L653:Cj3;add_event(MdlKjBX, 28):1
L654:Cg3;setdate(11, 2, 1901):1
L655:Cj3;setdate(11, 2, 1901):1
L656:Cg3;add_event(htNuVwa, 29):0
L657:Cj3;add_event(htNuVwa, 29):0
L658:Cg3;setdate(1, 2, 2023):1
L659:Cj3;setdate(1, 2, 2023):1
L660:Cj3;add_event(TRQSbcp, 29, 2, 2000):1
L661:Cg3;add_event(TRQSbcp, 29, 2, 2000):1
L662:Cj3;setdate(21, 7, 1978):1
L663:Cg3;setdate(21, 7, 1978):1
L664:Cj3;add_event(DcwRzLX, 29, 2, 1900):1
L665:Cg3;add_event(DcwRzLX, 29, 2, 1900):0
L666:Cg3;setdate(28, 2, 1901):1
L667:Cj3;setdate(28, 2, 1901):1
L668:Cg3;add_event(vsPJzVB):1
L669:Cj3;add_event(vsPJzVB):1
L670:Cj3;setdate(8, 1, 1988):1
L671:Cg3;setdate(8, 1, 1988):1
L672:Cg3;add_event(rWTkvxs, 29, 2, 1901):0
L673:Cj3;add_event(rWTkvxs, 29, 2, 1901):0
L674:Cg3;setdate(26, 2, 2000):1
L675:Cj3;setdate(26, 2, 2000):1
L676:Cj3;add_event(MfuasEc, 29):1
L677:Cg3;add_event(MfuasEc, 29):1
L678:Cj3;setdate(6, 2, 2028):1
L679:Cg3;setdate(6, 2, 2028):1
L680:Cg3;add_event(OiqUrga, 29, 2, 1900):0
L681:Cj3;add_event(OiqUrga, 29, 2, 1900):1
L682:Cg3;setdate(14, 9, 1901):1
L683:Cj3;setdate(14, 9, 1901):1
L684:Cj3;add_event(vlPJufB, 28, 2):1
L685:Cg3;add_event(vlPJufB, 28, 2):1
L686:Cg3;setdate(29, 2, 1901):0
L687:Cj3;setdate(29, 2, 1901):0
L688:Cj3;add_event(VyBuEch):1
L689:Cg3;add_event(VyBuEch):1
L690:Cg3;setdate(29, 2, 2000):1
L691:Cj3;setdate(29, 2, 2000):1
L692:Cg3;add_event(cXEtMwP):1
L693:Cj3;add_event(cXEtMwP):1
L694:Cj3;setdate(1, 1, 1900):1
L695:Cg3;setdate(1, 1, 1900):1
L696:Cg3;setdate(29, 2, 1900):0
L697:Cj3;setdate(29, 2, 1900):1
L698: Cg3;print
1900-03-13 : hcZHmvP
1900-03-13 : qmuwKEa
1900-03-13 : iBJjkAG
1900-03-13 : eNwxoLd
1900-03-13 : HruPpGn
1900-03-13 : SreBXmj
1900-03-13 : IDXEUOv
1900-03-13 : YxOFmpL
1901-02-28 : rMQYPuw
1901-02-28 : rnptiUz
1901-02-28 : KFptByP
1901-02-28 : MdlKjBX
1901-02-28 : vsPJzVB
1901-02-28 : vlPJufB
1901-03-13 : HJoZMCu
1901-03-13 : NRKLymd
1901-03-13 : VPkLfce
1901-03-13 : LiXHTzh
1901-03-13 : DysrQJo
1901-03-13 : hovigsz
1901-09-14 : VyBuEch
1972-09-06 : xsYiVQB
1977-02-07 : imfRKgJ
1978-03-26 : oIrYxhv
1978-08-29 : yNsdlWa
1980-12-01 : etErRaf
1980-12-08 : DqWxdkc
1986-03-11 : pNaeDfO
1987-04-17 : xpLSgrV
1987-11-25 : OwrDQVj
1989-12-25 : WPGIVOq
1992-02-07 : cyoaLld
1995-04-12 : mkbEzRJ
1995-05-22 : UJAQvMa
1999-01-22 : NUjEthn
2000-02-29 : XYaPZnc
2000-02-29 : TMhImly
2000-02-29 : ozHDwtM
2000-02-29 : WgrsiVe
2000-02-29 : TRQSbcp
2000-02-29 : MfuasEc
2000-02-29 : cXEtMwP
2000-03-10 : dvyqNCV
2000-03-13 : yPzkDWf
2000-03-13 : UpRlVaB
2000-03-13 : gZzWRob
2000-03-13 : zESjRQX
2001-09-20 : jYWEAxb
2004-02-11 : LVbhNlF
2006-07-27 : NxGPota
2008-11-23 : XFAVzWL
2010-01-21 : nEZQuqP
2010-04-24 : lStgWOb
2012-02-03 : FauzmhB
2012-10-15 : ZVrAYIQ
2017-10-15 : SlohbXM
2022-02-15 : vgbWuni
2024-04-11 : lHAtEkc
2028-05-02 : cvrGELu
2028-09-03 : wTCivIO
2028-12-23 : JQifkzU
2030-06-17 : TjZGfpS
2031-04-03 : imFrOCu
2036-04-26 : oXvjAHx
2039-05-01 : dwfaLQu
L699: Cj3;print
1901-02-15 : HJoZMCu
1901-02-15 : NRKLymd
1901-02-15 : VPkLfce
1901-02-15 : LiXHTzh
1901-02-15 : DysrQJo
1901-02-15 : hovigsz
1901-02-28 : rMQYPuw
1901-02-28 : rnptiUz
1901-02-28 : KFptByP
1901-02-28 : MdlKjBX
1901-02-28 : vsPJzVB
1901-02-28 : vlPJufB
1901-09-14 : VyBuEch
1972-09-06 : xsYiVQB
1977-01-12 : imfRKgJ
1978-03-26 : oIrYxhv
1978-08-03 : yNsdlWa
1978-08-03 : HruPpGn
1980-12-08 : DqWxdkc
1986-03-11 : pNaeDfO
1987-03-22 : xpLSgrV
1987-10-30 : OwrDQVj
1989-12-25 : WPGIVOq
1992-01-12 : cyoaLld
1995-04-12 : mkbEzRJ
1995-04-26 : UJAQvMa
1999-01-22 : NUjEthn
2000-01-25 : IDXEUOv
2000-02-16 : yPzkDWf
2000-02-16 : UpRlVaB
2000-02-16 : gZzWRob
2000-02-16 : zESjRQX
2000-02-29 : XYaPZnc
2000-02-29 : ozHDwtM
2000-02-29 : WgrsiVe
2000-02-29 : TRQSbcp
2000-02-29 : MfuasEc
2000-02-29 : cXEtMwP
2001-09-20 : jYWEAxb
2004-02-11 : LVbhNlF
2006-07-01 : NxGPota
2008-10-28 : XFAVzWL
2009-12-26 : nEZQuqP
2010-03-29 : lStgWOb
2012-02-03 : FauzmhB
2012-10-15 : ZVrAYIQ
2017-09-19 : SlohbXM
2022-01-20 : vgbWuni
2024-04-11 : lHAtEkc
2028-04-06 : cvrGELu
2028-09-03 : wTCivIO
2028-11-27 : JQifkzU
2030-05-22 : TjZGfpS
2031-03-08 : imFrOCu
2036-04-26 : oXvjAHx
2039-05-01 : dwfaLQu
L700:Cj3;setdate(1, 1, 1900):1
L701:Cg3;setdate(1, 1, 1900):1
L702: Cg3;print
1900-03-13 : hcZHmvP
1900-03-13 : qmuwKEa
1900-03-13 : iBJjkAG
1900-03-13 : eNwxoLd
1900-03-13 : HruPpGn
1900-03-13 : SreBXmj
1900-03-13 : IDXEUOv
1900-03-13 : YxOFmpL
1901-02-28 : rMQYPuw
1901-02-28 : rnptiUz
1901-02-28 : KFptByP
1901-02-28 : MdlKjBX
1901-02-28 : vsPJzVB
1901-02-28 : vlPJufB
1901-03-13 : HJoZMCu
1901-03-13 : NRKLymd
1901-03-13 : VPkLfce
1901-03-13 : LiXHTzh
1901-03-13 : DysrQJo
1901-03-13 : hovigsz
1901-09-14 : VyBuEch
1972-09-06 : xsYiVQB
1977-02-07 : imfRKgJ
1978-03-26 : oIrYxhv
1978-08-29 : yNsdlWa
1980-12-01 : etErRaf
1980-12-08 : DqWxdkc
1986-03-11 : pNaeDfO
1987-04-17 : xpLSgrV
1987-11-25 : OwrDQVj
1989-12-25 : WPGIVOq
1992-02-07 : cyoaLld
1995-04-12 : mkbEzRJ
1995-05-22 : UJAQvMa
1999-01-22 : NUjEthn
2000-02-29 : XYaPZnc
2000-02-29 : TMhImly
2000-02-29 : ozHDwtM
2000-02-29 : WgrsiVe
2000-02-29 : TRQSbcp
2000-02-29 : MfuasEc
2000-02-29 : cXEtMwP
2000-03-10 : dvyqNCV
2000-03-13 : yPzkDWf
2000-03-13 : UpRlVaB
2000-03-13 : gZzWRob
2000-03-13 : zESjRQX
2001-09-20 : jYWEAxb
2004-02-11 : LVbhNlF
2006-07-27 : NxGPota
2008-11-23 : XFAVzWL
2010-01-21 : nEZQuqP
2010-04-24 : lStgWOb
2012-02-03 : FauzmhB
2012-10-15 : ZVrAYIQ
2017-10-15 : SlohbXM
2022-02-15 : vgbWuni
2024-04-11 : lHAtEkc
2028-05-02 : cvrGELu
2028-09-03 : wTCivIO
2028-12-23 : JQifkzU
2030-06-17 : TjZGfpS
2031-04-03 : imFrOCu
2036-04-26 : oXvjAHx
2039-05-01 : dwfaLQu
L703: Cj3;print
1900-02-29 : etErRaf
1900-02-29 : TMhImly
1900-02-29 : BtwfaIJ
1900-02-29 : jwUnAuQ
1900-02-29 : dvyqNCV
1900-02-29 : DcwRzLX
1900-02-29 : OiqUrga
1901-02-15 : HJoZMCu
1901-02-15 : NRKLymd
1901-02-15 : VPkLfce
1901-02-15 : LiXHTzh
1901-02-15 : DysrQJo
1901-02-15 : hovigsz
1901-02-28 : rMQYPuw
1901-02-28 : rnptiUz
1901-02-28 : KFptByP
1901-02-28 : MdlKjBX
1901-02-28 : vsPJzVB
1901-02-28 : vlPJufB
1901-09-14 : VyBuEch
1972-09-06 : xsYiVQB
1977-01-12 : imfRKgJ
1978-03-26 : oIrYxhv
1978-08-03 : yNsdlWa
1978-08-03 : HruPpGn
1980-12-08 : DqWxdkc
1986-03-11 : pNaeDfO
1987-03-22 : xpLSgrV
1987-10-30 : OwrDQVj
1989-12-25 : WPGIVOq
1992-01-12 : cyoaLld
1995-04-12 : mkbEzRJ
1995-04-26 : UJAQvMa
1999-01-22 : NUjEthn
2000-01-25 : IDXEUOv
2000-02-16 : yPzkDWf
2000-02-16 : UpRlVaB
2000-02-16 : gZzWRob
2000-02-16 : zESjRQX
2000-02-29 : XYaPZnc
2000-02-29 : ozHDwtM
2000-02-29 : WgrsiVe
2000-02-29 : TRQSbcp
2000-02-29 : MfuasEc
2000-02-29 : cXEtMwP
2001-09-20 : jYWEAxb
2004-02-11 : LVbhNlF
2006-07-01 : NxGPota
2008-10-28 : XFAVzWL
2009-12-26 : nEZQuqP
2010-03-29 : lStgWOb
2012-02-03 : FauzmhB
2012-10-15 : ZVrAYIQ
2017-09-19 : SlohbXM
2022-01-20 : vgbWuni
2024-04-11 : lHAtEkc
2028-04-06 : cvrGELu
2028-09-03 : wTCivIO
2028-11-27 : JQifkzU
2030-05-22 : TjZGfpS
2031-03-08 : imFrOCu
2036-04-26 : oXvjAHx
2039-05-01 : dwfaLQu
L704:Cj3;setdate(29, 2, 1900):1
L705:Cg3;setdate(29, 2, 1900):0
L706:Cj3;remove_event(eNwxoLd):0
L707:Cg3;remove_event(eNwxoLd):0
L708:Cj3;setdate(29, 2, 1901):0
L709:Cg3;setdate(29, 2, 1901):0
L710:Cj3;remove_event(fyDHXkR):0
L711:Cg3;remove_event(fyDHXkR):0
L712:Cj3;setdate(6, 5, 2039):1
L713:Cg3;setdate(6, 5, 2039):1
L714:Cg3;remove_event(dwfaLQu, 1):1
L715:Cj3;remove_event(dwfaLQu, 1):1
L716:Cj3;setdate(16, 1, 1999):1
L717:Cg3;setdate(16, 1, 1999):1
L718:Cg3;remove_event(NUjEthn, 22):1
L719:Cj3;remove_event(NUjEthn, 22):1
L720:Cg3;setdate(13, 8, 1994):1
L721:Cj3;setdate(13, 8, 1994):1
L722:Cg3;remove_event(Toghevl):0
L723:Cj3;remove_event(Toghevl):0
L724:Cg3;setdate(3, 9, 1997):1
L725:Cj3;setdate(3, 9, 1997):1
L726:Cg3;remove_event(ibCWUsZ, 23):0
L727:Cj3;remove_event(ibCWUsZ, 23):0
L728:Cj3;setdate(22, 10, 1971):1
L729:Cg3;setdate(22, 10, 1971):1
L730:Cg3;remove_event(VBdUNbi, 28, 2, 1901):0
L731:Cj3;remove_event(VBdUNbi, 28, 2, 1901):0
L732:Cg3;setdate(13, 1, 2000):1
L733:Cj3;setdate(13, 1, 2000):1
L734:Cj3;remove_event(fpcyebH, 29, 2):0
L735:Cg3;remove_event(fpcyebH, 29, 2):0
L736:Cj3;setdate(17, 9, 1994):1
L737:Cg3;setdate(17, 9, 1994):1
L738:Cj3;remove_event(BtfYRCq, 8, 11, 2001):0
L739:Cg3;remove_event(BtfYRCq, 8, 11, 2001):0
L740:Cj3;setdate(9, 5, 1995):1
L741:Cg3;setdate(9, 5, 1995):1
L742:Cj3;remove_event(UJAQvMa):0
L743:Cg3;remove_event(UJAQvMa):0
L744:Cg3;setdate(29, 2, 1900):0
L745:Cj3;setdate(29, 2, 1900):1
L746:Cg3;remove_event(HruPpGn):0
L747:Cj3;remove_event(HruPpGn):0
L748:Cg3;setdate(10, 2, 1900):1
L749:Cj3;setdate(10, 2, 1900):1
L750:Cj3;remove_event(SreBXmj, 29):0
L751:Cg3;remove_event(SreBXmj, 29):0
L752:Cj3;setdate(9, 2, 1901):1
L753:Cg3;setdate(9, 2, 1901):1
L754:Cg3;remove_event(DysrQJo, 29):0
L755:Cj3;remove_event(DysrQJo, 29):0
L756:Cj3;setdate(17, 9, 2039):1
L757:Cg3;setdate(17, 9, 2039):1
L758:Cg3;remove_event(zESjRQX, 29, 2, 2000):0
L759:Cj3;remove_event(zESjRQX, 29, 2, 2000):0
L760:Cg3;setdate(28, 2, 1901):1
L761:Cj3;setdate(28, 2, 1901):1
L762:Cg3;remove_event(hovigsz):0
L763:Cj3;remove_event(hovigsz):0
L764:Cg3;setdate(29, 2, 2000):1
L765:Cj3;setdate(29, 2, 2000):1
L766:Cg3;remove_event(gEcfzvM):0
L767:Cj3;remove_event(gEcfzvM):0
L768:Cg3;setdate(6, 10, 2012):1
L769:Cj3;setdate(6, 10, 2012):1
L770:Cg3;remove_event(ZVrAYIQ, 15):1
L771:Cj3;remove_event(ZVrAYIQ, 15):1
L772:Cg3;setdate(9, 5, 1978):1
L773:Cj3;setdate(9, 5, 1978):1
L774:Cj3;remove_event(oIrYxhv, 26, 3):1
L775:Cg3;remove_event(oIrYxhv, 26, 3):1
L776:Cj3;setdate(21, 4, 2024):1
L777:Cg3;setdate(21, 4, 2024):1
L778:Cj3;remove_event(lHAtEkc, 11):1
L779:Cg3;remove_event(lHAtEkc, 11):1
L780:Cj3;setdate(17, 6, 1980):1
L781:Cg3;setdate(17, 6, 1980):1
L782:Cj3;remove_event(DcwRzLX, 29, 2, 1900):1
L783:Cg3;remove_event(DcwRzLX, 29, 2, 1900):0
L784:Cg3;setdate(1, 5, 2010):1
L785:Cj3;setdate(1, 5, 2010):1
L786:Cj3;remove_event(VyBuEch, 29, 2, 1901):0
L787:Cg3;remove_event(VyBuEch, 29, 2, 1901):0
L788:Cj3;setdate(1, 1, 1900):1
L789:Cg3;setdate(1, 1, 1900):1
L790:Cj3;setdate(29, 2, 1900):1
L791:Cg3;setdate(29, 2, 1900):0
L792: Cg3;print
1900-03-13 : hcZHmvP
1900-03-13 : qmuwKEa
1900-03-13 : iBJjkAG
1900-03-13 : eNwxoLd
1900-03-13 : HruPpGn
1900-03-13 : SreBXmj
1900-03-13 : IDXEUOv
1900-03-13 : YxOFmpL
1901-02-28 : rMQYPuw
1901-02-28 : rnptiUz
1901-02-28 : KFptByP
1901-02-28 : MdlKjBX
1901-02-28 : vsPJzVB
1901-02-28 : vlPJufB
1901-03-13 : HJoZMCu
1901-03-13 : NRKLymd
1901-03-13 : VPkLfce
1901-03-13 : LiXHTzh
1901-03-13 : DysrQJo
1901-03-13 : hovigsz
1901-09-14 : VyBuEch
1972-09-06 : xsYiVQB
1977-02-07 : imfRKgJ
1978-08-29 : yNsdlWa
1980-12-01 : etErRaf
1980-12-08 : DqWxdkc
1986-03-11 : pNaeDfO
1987-04-17 : xpLSgrV
1987-11-25 : OwrDQVj
1989-12-25 : WPGIVOq
1992-02-07 : cyoaLld
1995-04-12 : mkbEzRJ
1995-05-22 : UJAQvMa
2000-02-29 : XYaPZnc
2000-02-29 : TMhImly
2000-02-29 : ozHDwtM
2000-02-29 : WgrsiVe
2000-02-29 : TRQSbcp
2000-02-29 : MfuasEc
2000-02-29 : cXEtMwP
2000-03-10 : dvyqNCV
2000-03-13 : yPzkDWf
2000-03-13 : UpRlVaB
2000-03-13 : gZzWRob
2000-03-13 : zESjRQX
2001-09-20 : jYWEAxb
2004-02-11 : LVbhNlF
2006-07-27 : NxGPota
2008-11-23 : XFAVzWL
2010-01-21 : nEZQuqP
2010-04-24 : lStgWOb
2012-02-03 : FauzmhB
2017-10-15 : SlohbXM
2022-02-15 : vgbWuni
2028-05-02 : cvrGELu
2028-09-03 : wTCivIO
2028-12-23 : JQifkzU
2030-06-17 : TjZGfpS
2031-04-03 : imFrOCu
2036-04-26 : oXvjAHx
L793: Cj3;print
1901-02-15 : HJoZMCu
1901-02-15 : NRKLymd
1901-02-15 : VPkLfce
1901-02-15 : LiXHTzh
1901-02-15 : DysrQJo
1901-02-15 : hovigsz
1901-02-28 : rMQYPuw
1901-02-28 : rnptiUz
1901-02-28 : KFptByP
1901-02-28 : MdlKjBX
1901-02-28 : vsPJzVB
1901-02-28 : vlPJufB
1901-09-14 : VyBuEch
1972-09-06 : xsYiVQB
1977-01-12 : imfRKgJ
1978-08-03 : yNsdlWa
1978-08-03 : HruPpGn
1980-12-08 : DqWxdkc
1986-03-11 : pNaeDfO
1987-03-22 : xpLSgrV
1987-10-30 : OwrDQVj
1989-12-25 : WPGIVOq
1992-01-12 : cyoaLld
1995-04-12 : mkbEzRJ
1995-04-26 : UJAQvMa
2000-01-25 : IDXEUOv
2000-02-16 : yPzkDWf
2000-02-16 : UpRlVaB
2000-02-16 : gZzWRob
2000-02-16 : zESjRQX
2000-02-29 : XYaPZnc
2000-02-29 : ozHDwtM
2000-02-29 : WgrsiVe
2000-02-29 : TRQSbcp
2000-02-29 : MfuasEc
2000-02-29 : cXEtMwP
2001-09-20 : jYWEAxb
2004-02-11 : LVbhNlF
2006-07-01 : NxGPota
2008-10-28 : XFAVzWL
2009-12-26 : nEZQuqP
2010-03-29 : lStgWOb
2012-02-03 : FauzmhB
2017-09-19 : SlohbXM
2022-01-20 : vgbWuni
2028-04-06 : cvrGELu
2028-09-03 : wTCivIO
2028-11-27 : JQifkzU
2030-05-22 : TjZGfpS
2031-03-08 : imFrOCu
2036-04-26 : oXvjAHx
L794:Cj3;setdate(1, 1, 1900):1
L795:Cg3;setdate(1, 1, 1900):1
L796: Cg3;print
1900-03-13 : hcZHmvP
1900-03-13 : qmuwKEa
1900-03-13 : iBJjkAG
1900-03-13 : eNwxoLd
1900-03-13 : HruPpGn
1900-03-13 : SreBXmj
1900-03-13 : IDXEUOv
1900-03-13 : YxOFmpL
1901-02-28 : rMQYPuw
1901-02-28 : rnptiUz
1901-02-28 : KFptByP
1901-02-28 : MdlKjBX
1901-02-28 : vsPJzVB
1901-02-28 : vlPJufB
1901-03-13 : HJoZMCu
1901-03-13 : NRKLymd
1901-03-13 : VPkLfce
1901-03-13 : LiXHTzh
1901-03-13 : DysrQJo
1901-03-13 : hovigsz
1901-09-14 : VyBuEch
1972-09-06 : xsYiVQB
1977-02-07 : imfRKgJ
1978-08-29 : yNsdlWa
1980-12-01 : etErRaf
1980-12-08 : DqWxdkc
1986-03-11 : pNaeDfO
1987-04-17 : xpLSgrV
1987-11-25 : OwrDQVj
1989-12-25 : WPGIVOq
1992-02-07 : cyoaLld
1995-04-12 : mkbEzRJ
1995-05-22 : UJAQvMa
2000-02-29 : XYaPZnc
2000-02-29 : TMhImly
2000-02-29 : ozHDwtM
2000-02-29 : WgrsiVe
2000-02-29 : TRQSbcp
2000-02-29 : MfuasEc
2000-02-29 : cXEtMwP
2000-03-10 : dvyqNCV
2000-03-13 : yPzkDWf
2000-03-13 : UpRlVaB
2000-03-13 : gZzWRob
2000-03-13 : zESjRQX
2001-09-20 : jYWEAxb
2004-02-11 : LVbhNlF
2006-07-27 : NxGPota
2008-11-23 : XFAVzWL
2010-01-21 : nEZQuqP
2010-04-24 : lStgWOb
2012-02-03 : FauzmhB
2017-10-15 : SlohbXM
2022-02-15 : vgbWuni
2028-05-02 : cvrGELu
2028-09-03 : wTCivIO
2028-12-23 : JQifkzU
2030-06-17 : TjZGfpS
2031-04-03 : imFrOCu
2036-04-26 : oXvjAHx
L797: Cj3;print
1900-02-29 : etErRaf
1900-02-29 : TMhImly
1900-02-29 : BtwfaIJ
1900-02-29 : jwUnAuQ
1900-02-29 : dvyqNCV
1900-02-29 : OiqUrga
1901-02-15 : HJoZMCu
1901-02-15 : NRKLymd
1901-02-15 : VPkLfce
1901-02-15 : LiXHTzh
1901-02-15 : DysrQJo
1901-02-15 : hovigsz
1901-02-28 : rMQYPuw
1901-02-28 : rnptiUz
1901-02-28 : KFptByP
1901-02-28 : MdlKjBX
1901-02-28 : vsPJzVB
1901-02-28 : vlPJufB
1901-09-14 : VyBuEch
1972-09-06 : xsYiVQB
1977-01-12 : imfRKgJ
1978-08-03 : yNsdlWa
1978-08-03 : HruPpGn
1980-12-08 : DqWxdkc
1986-03-11 : pNaeDfO
1987-03-22 : xpLSgrV
1987-10-30 : OwrDQVj
1989-12-25 : WPGIVOq
1992-01-12 : cyoaLld
1995-04-12 : mkbEzRJ
1995-04-26 : UJAQvMa
2000-01-25 : IDXEUOv
2000-02-16 : yPzkDWf
2000-02-16 : UpRlVaB
2000-02-16 : gZzWRob
2000-02-16 : zESjRQX
2000-02-29 : XYaPZnc
2000-02-29 : ozHDwtM
2000-02-29 : WgrsiVe
2000-02-29 : TRQSbcp
2000-02-29 : MfuasEc
2000-02-29 : cXEtMwP
2001-09-20 : jYWEAxb
2004-02-11 : LVbhNlF
2006-07-01 : NxGPota
2008-10-28 : XFAVzWL
2009-12-26 : nEZQuqP
2010-03-29 : lStgWOb
2012-02-03 : FauzmhB
2017-09-19 : SlohbXM
2022-01-20 : vgbWuni
2028-04-06 : cvrGELu
2028-09-03 : wTCivIO
2028-11-27 : JQifkzU
2030-05-22 : TjZGfpS
2031-03-08 : imFrOCu
2036-04-26 : oXvjAHx
L798:Cg4 created
L799:Cj4 created
L800:Cj4=Cx3
L801:Cg4=Cx3
L802:Cg3 deleted
L803:Cj3 deleted
L804:Cj4;setdate(28, 11, 1976):1
L805:Cg4;setdate(28, 11, 1976):1
L806:Cg4;add_event(aOUWcQm, 7, 2):1
L807:Cj4;add_event(aOUWcQm, 7, 2):1
L808:Cg4;setdate(5, 1, 1977):1
L809:Cj4;setdate(5, 1, 1977):1
L810:Cg4;add_event(SANWlYc, 6, 9, 1999):1
L811:Cj4;add_event(SANWlYc, 6, 9, 1999):1
L812:Cg4;setdate(20, 6, 2006):1
L813:Cj4;setdate(20, 6, 2006):1
L814:Cj4;add_event(bLtFsiA, 1, 11, 1994):1
L815:Cg4;add_event(bLtFsiA, 1, 11, 1994):1
L816:Cg4;setdate(14, 4, 1974):1
L817:Cj4;setdate(14, 4, 1974):1
L818:Cj4;add_event(MeBkpNr, 6):1
L819:Cg4;add_event(MeBkpNr, 6):1
L820:Cg4;setdate(10, 12, 1997):1
L821:Cj4;setdate(10, 12, 1997):1
L822:Cj4;add_event(MafmXFQ, 10, 8):1
L823:Cg4;add_event(MafmXFQ, 10, 8):1
L824:Cj4;setdate(17, 10, 2005):1
L825:Cg4;setdate(17, 10, 2005):1
L826:Cj4;add_event(AxtZwiE, 8):1
L827:Cg4;add_event(AxtZwiE, 8):1
L828:Cj4;setdate(24, 3, 2022):1
L829:Cg4;setdate(24, 3, 2022):1
L830:Cj4;add_event(fOJCKGk, 5):1
L831:Cg4;add_event(fOJCKGk, 5):1
L832:Cj4;setdate(13, 4, 1978):1
L833:Cg4;setdate(13, 4, 1978):1
L834:Cg4;add_event(MeinzWX):1
L835:Cj4;add_event(MeinzWX):1
L836:Cg4;setdate(25, 3, 2032):1
L837:Cj4;setdate(25, 3, 2032):1
L838:Cj4;add_event(MhJayTb):1
L839:Cg4;add_event(MhJayTb):1
L840:Cg4;setdate(13, 3, 2039):1
L841:Cj4;setdate(13, 3, 2039):1
L842:Cj4;add_event(TArJqfh, 27, 3):1
L843:Cg4;add_event(TArJqfh, 27, 3):1
L844:Cj4;setdate(12, 8, 2025):1
L845:Cg4;setdate(12, 8, 2025):1
L846:Cj4;add_event(bCNKeLS, 29, 2, 1900):1
L847:Cg4;add_event(bCNKeLS, 29, 2, 1900):0
L848:Cg4;setdate(14, 9, 1901):1
L849:Cj4;setdate(14, 9, 1901):1
L850:Cj4;add_event(RExmwGH, 28, 2):1
L851:Cg4;add_event(RExmwGH, 28, 2):1
L852:Cg4;setdate(23, 3, 2017):1
L853:Cj4;setdate(23, 3, 2017):1
L854:Cj4;add_event(zPCtgoi, 29, 2, 1901):0
L855:Cg4;add_event(zPCtgoi, 29, 2, 1901):0
L856:Cg4;setdate(29, 2, 2000):1
L857:Cj4;setdate(29, 2, 2000):1
L858:Cg4;add_event(lUaDIOB):1
L859:Cj4;add_event(lUaDIOB):1
L860:Cg4;setdate(7, 2, 1900):1
L861:Cj4;setdate(7, 2, 1900):1
L862:Cj4;add_event(UWbxwrd, 29):1
L863:Cg4;add_event(UWbxwrd, 29):0
L864:Cj4;setdate(16, 12, 1901):1
L865:Cg4;setdate(16, 12, 1901):1
L866:Cj4;add_event(aghGXRW, 28, 2):1
L867:Cg4;add_event(aghGXRW, 28, 2):1
L868:Cg4;setdate(29, 2, 1901):0
L869:Cj4;setdate(29, 2, 1901):0
L870:Cg4;add_event(panrhFq):1
L871:Cj4;add_event(panrhFq):1
L872:Cj4;setdate(19, 2, 2000):1
L873:Cg4;setdate(19, 2, 2000):1
L874:Cj4;add_event(TAZfJeq, 29):1
L875:Cg4;add_event(TAZfJeq, 29):1
L876:Cj4;setdate(19, 2, 2034):1
L877:Cg4;setdate(19, 2, 2034):1
L878:Cj4;add_event(qWsfHek, 29, 2, 1900):1
L879:Cg4;add_event(qWsfHek, 29, 2, 1900):0
L880:Cj4;setdate(25, 2, 1901):1
L881:Cg4;setdate(25, 2, 1901):1
L882:Cj4;add_event(rkvQeVL, 28):1
L883:Cg4;add_event(rkvQeVL, 28):1
L884:Cg4;setdate(2, 2, 1901):1
L885:Cj4;setdate(2, 2, 1901):1
L886:Cg4;add_event(kSRajhF, 29):0
L887:Cj4;add_event(kSRajhF, 29):0
L888:Cg4;setdate(29, 2, 2000):1
L889:Cj4;setdate(29, 2, 2000):1
L890:Cg4;add_event(XviJhpQ):1
L891:Cj4;add_event(XviJhpQ):1
L892:Cj4;setdate(29, 2, 1900):1
L893:Cg4;setdate(29, 2, 1900):0
L894:Cj4;add_event(FPbtKUJ):1
L895:Cg4;add_event(FPbtKUJ):1
L896:Cg4;setdate(18, 2, 1901):1
L897:Cj4;setdate(18, 2, 1901):1
L898:Cj4;add_event(CHfdhSL, 28):1
L899:Cg4;add_event(CHfdhSL, 28):1
L900:Cg4;setdate(16, 11, 1970):1
L901:Cj4;setdate(16, 11, 1970):1
L902:Cj4;add_event(LUjgCVH, 29, 2, 1901):0
L903:Cg4;add_event(LUjgCVH, 29, 2, 1901):0
L904:Cj4;setdate(5, 7, 2000):1
L905:Cg4;setdate(5, 7, 2000):1
L906:Cj4;add_event(GsKjyFh, 29, 2):1
L907:Cg4;add_event(GsKjyFh, 29, 2):1
L908:Cj4;setdate(1, 1, 1900):1
L909:Cg4;setdate(1, 1, 1900):1
L910:Cj4;setdate(29, 2, 1900):1
L911:Cg4;setdate(29, 2, 1900):0
L912: Cj4;print
1901-02-15 : rMQYPuw
1901-02-15 : rnptiUz
1901-02-15 : KFptByP
1901-02-15 : MdlKjBX
1901-02-15 : vsPJzVB
1901-02-15 : vlPJufB
1901-02-28 : HJoZMCu
1901-02-28 : NRKLymd
1901-02-28 : VPkLfce
1901-02-28 : LiXHTzh
1901-02-28 : DysrQJo
1901-02-28 : hovigsz
1901-02-28 : RExmwGH
1901-02-28 : aghGXRW
1901-02-28 : rkvQeVL
1901-02-28 : CHfdhSL
1901-09-01 : VyBuEch
1901-12-16 : panrhFq
1972-08-24 : xsYiVQB
1974-04-06 : MeBkpNr
1976-02-07 : aOUWcQm
1977-01-25 : imfRKgJ
1978-04-13 : MeinzWX
1978-08-16 : yNsdlWa
1980-11-18 : etErRaf
1980-11-25 : DqWxdkc
1986-02-26 : pNaeDfO
1987-04-04 : xpLSgrV
1987-11-12 : OwrDQVj
1989-12-12 : WPGIVOq
1992-01-25 : cyoaLld
1994-11-01 : bLtFsiA
1995-03-30 : mkbEzRJ
1995-05-09 : UJAQvMa
1997-08-10 : MafmXFQ
1999-09-06 : SANWlYc
2000-02-16 : XYaPZnc
2000-02-16 : TMhImly
2000-02-16 : ozHDwtM
2000-02-16 : WgrsiVe
2000-02-16 : TRQSbcp
2000-02-16 : MfuasEc
2000-02-16 : cXEtMwP
2000-02-26 : dvyqNCV
2000-02-29 : yPzkDWf
2000-02-29 : UpRlVaB
2000-02-29 : gZzWRob
2000-02-29 : zESjRQX
2000-02-29 : lUaDIOB
2000-02-29 : TAZfJeq
2000-02-29 : XviJhpQ
2000-02-29 : GsKjyFh
2001-09-07 : jYWEAxb
2004-01-29 : LVbhNlF
2005-10-08 : AxtZwiE
2006-07-14 : NxGPota
2008-11-10 : XFAVzWL
2010-01-08 : nEZQuqP
2010-04-11 : lStgWOb
2012-01-21 : FauzmhB
2017-10-02 : SlohbXM
2022-02-02 : vgbWuni
2022-03-05 : fOJCKGk
2028-04-19 : cvrGELu
2028-08-21 : wTCivIO
2028-12-10 : JQifkzU
2030-06-04 : TjZGfpS
2031-03-21 : imFrOCu
2032-03-25 : MhJayTb
2036-04-13 : oXvjAHx
2039-03-27 : TArJqfh
L913: Cg4;print
1900-03-13 : etErRaf
1900-03-13 : TMhImly
1900-03-13 : BtwfaIJ
1900-03-13 : jwUnAuQ
1900-03-13 : dvyqNCV
1900-03-13 : OiqUrga
1901-02-28 : HJoZMCu
1901-02-28 : NRKLymd
1901-02-28 : VPkLfce
1901-02-28 : LiXHTzh
1901-02-28 : DysrQJo
1901-02-28 : hovigsz
1901-02-28 : RExmwGH
1901-02-28 : aghGXRW
1901-02-28 : rkvQeVL
1901-02-28 : CHfdhSL
1901-03-13 : rMQYPuw
1901-03-13 : rnptiUz
1901-03-13 : KFptByP
1901-03-13 : MdlKjBX
1901-03-13 : vsPJzVB
1901-03-13 : vlPJufB
1901-09-27 : VyBuEch
1901-12-16 : panrhFq
1972-09-19 : xsYiVQB
1974-04-06 : MeBkpNr
1976-02-07 : aOUWcQm
1977-01-25 : imfRKgJ
1978-04-13 : MeinzWX
1978-08-16 : yNsdlWa
1978-08-16 : HruPpGn
1980-12-21 : DqWxdkc
1986-03-24 : pNaeDfO
1987-04-04 : xpLSgrV
1987-11-12 : OwrDQVj
1990-01-07 : WPGIVOq
1992-01-25 : cyoaLld
1994-11-01 : bLtFsiA
1995-04-25 : mkbEzRJ
1995-05-09 : UJAQvMa
1997-08-10 : MafmXFQ
1999-09-06 : SANWlYc
2000-02-07 : IDXEUOv
2000-02-29 : yPzkDWf
2000-02-29 : UpRlVaB
2000-02-29 : gZzWRob
2000-02-29 : zESjRQX
2000-02-29 : lUaDIOB
2000-02-29 : TAZfJeq
2000-02-29 : XviJhpQ
2000-02-29 : FPbtKUJ
2000-02-29 : GsKjyFh
2000-03-13 : XYaPZnc
2000-03-13 : ozHDwtM
2000-03-13 : WgrsiVe
2000-03-13 : TRQSbcp
2000-03-13 : MfuasEc
2000-03-13 : cXEtMwP
2001-10-03 : jYWEAxb
2004-02-24 : LVbhNlF
2005-10-08 : AxtZwiE
2006-07-14 : NxGPota
2008-11-10 : XFAVzWL
2010-01-08 : nEZQuqP
2010-04-11 : lStgWOb
2012-02-16 : FauzmhB
2017-10-02 : SlohbXM
2022-02-02 : vgbWuni
2022-03-05 : fOJCKGk
2028-04-19 : cvrGELu
2028-09-16 : wTCivIO
2028-12-10 : JQifkzU
2030-06-04 : TjZGfpS
2031-03-21 : imFrOCu
2032-03-25 : MhJayTb
2036-05-09 : oXvjAHx
2039-03-27 : TArJqfh
L914:Cg4;setdate(1, 1, 1900):1
L915:Cj4;setdate(1, 1, 1900):1
L916: Cj4;print
1900-02-29 : hcZHmvP
1900-02-29 : qmuwKEa
1900-02-29 : iBJjkAG
1900-02-29 : eNwxoLd
1900-02-29 : HruPpGn
1900-02-29 : SreBXmj
1900-02-29 : IDXEUOv
1900-02-29 : YxOFmpL
1900-02-29 : bCNKeLS
1900-02-29 : UWbxwrd
1900-02-29 : qWsfHek
1900-02-29 : FPbtKUJ
1901-02-15 : rMQYPuw
1901-02-15 : rnptiUz
1901-02-15 : KFptByP
1901-02-15 : MdlKjBX
1901-02-15 : vsPJzVB
1901-02-15 : vlPJufB
1901-02-28 : HJoZMCu
1901-02-28 : NRKLymd
1901-02-28 : VPkLfce
1901-02-28 : LiXHTzh
1901-02-28 : DysrQJo
1901-02-28 : hovigsz
1901-02-28 : RExmwGH
1901-02-28 : aghGXRW
1901-02-28 : rkvQeVL
1901-02-28 : CHfdhSL
1901-09-01 : VyBuEch
1901-12-16 : panrhFq
1972-08-24 : xsYiVQB
1974-04-06 : MeBkpNr
1976-02-07 : aOUWcQm
1977-01-25 : imfRKgJ
1978-04-13 : MeinzWX
1978-08-16 : yNsdlWa
1980-11-18 : etErRaf
1980-11-25 : DqWxdkc
1986-02-26 : pNaeDfO
1987-04-04 : xpLSgrV
1987-11-12 : OwrDQVj
1989-12-12 : WPGIVOq
1992-01-25 : cyoaLld
1994-11-01 : bLtFsiA
1995-03-30 : mkbEzRJ
1995-05-09 : UJAQvMa
1997-08-10 : MafmXFQ
1999-09-06 : SANWlYc
2000-02-16 : XYaPZnc
2000-02-16 : TMhImly
2000-02-16 : ozHDwtM
2000-02-16 : WgrsiVe
2000-02-16 : TRQSbcp
2000-02-16 : MfuasEc
2000-02-16 : cXEtMwP
2000-02-26 : dvyqNCV
2000-02-29 : yPzkDWf
2000-02-29 : UpRlVaB
2000-02-29 : gZzWRob
2000-02-29 : zESjRQX
2000-02-29 : lUaDIOB
2000-02-29 : TAZfJeq
2000-02-29 : XviJhpQ
2000-02-29 : GsKjyFh
2001-09-07 : jYWEAxb
2004-01-29 : LVbhNlF
2005-10-08 : AxtZwiE
2006-07-14 : NxGPota
2008-11-10 : XFAVzWL
2010-01-08 : nEZQuqP
2010-04-11 : lStgWOb
2012-01-21 : FauzmhB
2017-10-02 : SlohbXM
2022-02-02 : vgbWuni
2022-03-05 : fOJCKGk
2028-04-19 : cvrGELu
2028-08-21 : wTCivIO
2028-12-10 : JQifkzU
2030-06-04 : TjZGfpS
2031-03-21 : imFrOCu
2032-03-25 : MhJayTb
2036-04-13 : oXvjAHx
2039-03-27 : TArJqfh
L917: Cg4;print
1900-03-13 : etErRaf
1900-03-13 : TMhImly
1900-03-13 : BtwfaIJ
1900-03-13 : jwUnAuQ
1900-03-13 : dvyqNCV
1900-03-13 : OiqUrga
1901-02-28 : HJoZMCu
1901-02-28 : NRKLymd
1901-02-28 : VPkLfce
1901-02-28 : LiXHTzh
1901-02-28 : DysrQJo
1901-02-28 : hovigsz
1901-02-28 : RExmwGH
1901-02-28 : aghGXRW
1901-02-28 : rkvQeVL
1901-02-28 : CHfdhSL
1901-03-13 : rMQYPuw
1901-03-13 : rnptiUz
1901-03-13 : KFptByP
1901-03-13 : MdlKjBX
1901-03-13 : vsPJzVB
1901-03-13 : vlPJufB
1901-09-27 : VyBuEch
1901-12-16 : panrhFq
1972-09-19 : xsYiVQB
1974-04-06 : MeBkpNr
1976-02-07 : aOUWcQm
1977-01-25 : imfRKgJ
1978-04-13 : MeinzWX
1978-08-16 : yNsdlWa
1978-08-16 : HruPpGn
1980-12-21 : DqWxdkc
1986-03-24 : pNaeDfO
1987-04-04 : xpLSgrV
1987-11-12 : OwrDQVj
1990-01-07 : WPGIVOq
1992-01-25 : cyoaLld
1994-11-01 : bLtFsiA
1995-04-25 : mkbEzRJ
1995-05-09 : UJAQvMa
1997-08-10 : MafmXFQ
1999-09-06 : SANWlYc
2000-02-07 : IDXEUOv
2000-02-29 : yPzkDWf
2000-02-29 : UpRlVaB
2000-02-29 : gZzWRob
2000-02-29 : zESjRQX
2000-02-29 : lUaDIOB
2000-02-29 : TAZfJeq
2000-02-29 : XviJhpQ
2000-02-29 : FPbtKUJ
2000-02-29 : GsKjyFh
2000-03-13 : XYaPZnc
2000-03-13 : ozHDwtM
2000-03-13 : WgrsiVe
2000-03-13 : TRQSbcp
2000-03-13 : MfuasEc
2000-03-13 : cXEtMwP
2001-10-03 : jYWEAxb
2004-02-24 : LVbhNlF
2005-10-08 : AxtZwiE
2006-07-14 : NxGPota
2008-11-10 : XFAVzWL
2010-01-08 : nEZQuqP
2010-04-11 : lStgWOb
2012-02-16 : FauzmhB
2017-10-02 : SlohbXM
2022-02-02 : vgbWuni
2022-03-05 : fOJCKGk
2028-04-19 : cvrGELu
2028-09-16 : wTCivIO
2028-12-10 : JQifkzU
2030-06-04 : TjZGfpS
2031-03-21 : imFrOCu
2032-03-25 : MhJayTb
2036-05-09 : oXvjAHx
2039-03-27 : TArJqfh
L918:Cj4;setdate(25, 6, 2001):1
L919:Cg4;setdate(25, 6, 2001):1
L920:Cg4;remove_event(HzODERB, 24, 11, 1997):0
L921:Cj4;remove_event(HzODERB, 24, 11, 1997):0
L922:Cg4;setdate(21, 6, 1986):1
L923:Cj4;setdate(21, 6, 1986):1
L924:Cg4;remove_event(hgmdcGo, 22, 12, 2021):0
L925:Cj4;remove_event(hgmdcGo, 22, 12, 2021):0
L926:Cg4;setdate(29, 2, 2000):1
L927:Cj4;setdate(29, 2, 2000):1
L928:Cg4;remove_event(yPzkDWf):1
L929:Cj4;remove_event(yPzkDWf):1
L930:Cg4;setdate(23, 7, 1901):1
L931:Cj4;setdate(23, 7, 1901):1
L932:Cg4;remove_event(zxARchd, 28, 2):0
L933:Cj4;remove_event(zxARchd, 28, 2):0
L934:Cj4;setdate(9, 11, 1901):1
L935:Cg4;setdate(9, 11, 1901):1
L936:Cj4;remove_event(YxGcRVB, 29, 2):0
L937:Cg4;remove_event(YxGcRVB, 29, 2):0
L938:Cg4;setdate(29, 2, 1900):0
L939:Cj4;setdate(29, 2, 1900):1
L940:Cj4;remove_event(eNwxoLd):1
L941:Cg4;remove_event(eNwxoLd):0
L942:Cj4;setdate(11, 5, 2039):1
L943:Cg4;setdate(11, 5, 2039):1
L944:Cj4;remove_event(dwfaLQu, 1):0
L945:Cg4;remove_event(dwfaLQu, 1):0
L946:Cg4;setdate(15, 12, 1999):1
L947:Cj4;setdate(15, 12, 1999):1
L948:Cj4;remove_event(NUjEthn, 22, 1):0
L949:Cg4;remove_event(NUjEthn, 22, 1):0
L950:Cg4;setdate(11, 11, 1994):1
L951:Cj4;setdate(11, 11, 1994):1
L952:Cj4;remove_event(Toghevl, 13, 8):0
L953:Cg4;remove_event(Toghevl, 13, 8):0
L954:Cj4;setdate(14, 7, 1900):1
L955:Cg4;setdate(14, 7, 1900):1
L956:Cj4;remove_event(TMhImly, 29, 2):0
L957:Cg4;remove_event(TMhImly, 29, 2):0
L958:Cj4;setdate(12, 2, 1900):1
L959:Cg4;setdate(12, 2, 1900):1
L960:Cj4;remove_event(xIFjTUm, 29):0
L961:Cg4;remove_event(xIFjTUm, 29):0
L962:Cg4;setdate(9, 2, 1901):1
L963:Cj4;setdate(9, 2, 1901):1
L964:Cg4;remove_event(yHWNmjq, 29):0
L965:Cj4;remove_event(yHWNmjq, 29):0
L966:Cg4;setdate(29, 2, 1901):0
L967:Cj4;setdate(29, 2, 1901):0
L968:Cg4;remove_event(mtrWzuP):0
L969:Cj4;remove_event(mtrWzuP):0
L970:Cg4;setdate(5, 2, 1978):1
L971:Cj4;setdate(5, 2, 1978):1
L972:Cj4;remove_event(cyoaLld, 25, 1, 1992):1
L973:Cg4;remove_event(cyoaLld, 25, 1, 1992):1
L974:Cj4;setdate(28, 12, 2029):1
L975:Cg4;setdate(28, 12, 2029):1
L976:Cg4;remove_event(BtfYRCq, 8, 11, 2001):0
L977:Cj4;remove_event(BtfYRCq, 8, 11, 2001):0
L978:Cg4;setdate(11, 9, 2008):1
L979:Cj4;setdate(11, 9, 2008):1
L980:Cg4;remove_event(XFAVzWL, 10, 11):1
L981:Cj4;remove_event(XFAVzWL, 10, 11):1
L982:Cg4;setdate(29, 2, 2000):1
L983:Cj4;setdate(29, 2, 2000):1
L984:Cj4;remove_event(gZzWRob):1
L985:Cg4;remove_event(gZzWRob):1
L986:Cg4;setdate(21, 1, 1900):1
L987:Cj4;setdate(21, 1, 1900):1
L988:Cj4;remove_event(SreBXmj, 29, 2):1
L989:Cg4;remove_event(SreBXmj, 29, 2):0
L990:Cg4;setdate(28, 2, 1901):1
L991:Cj4;setdate(28, 2, 1901):1
L992:Cg4;remove_event(aoiGJOP):0
L993:Cj4;remove_event(aoiGJOP):0
L994:Cg4;setdate(13, 6, 1901):1
L995:Cj4;setdate(13, 6, 1901):1
L996:Cg4;remove_event(DXYZPAy, 29, 2):0
L997:Cj4;remove_event(DXYZPAy, 29, 2):0
L998:Cj4;setdate(29, 2, 2000):1
L999:Cg4;setdate(29, 2, 2000):1
L1000:Cg4;remove_event(twbNdMR):0
L1001:Cj4;remove_event(twbNdMR):0
L1002:Cj4;setdate(12, 6, 1901):1
L1003:Cg4;setdate(12, 6, 1901):1
L1004:Cj4;remove_event(DysrQJo, 29, 2):0
L1005:Cg4;remove_event(DysrQJo, 29, 2):0
L1006:Cg4;setdate(29, 2, 2000):1
L1007:Cj4;setdate(29, 2, 2000):1
L1008:Cj4;remove_event(zESjRQX):1
L1009:Cg4;remove_event(zESjRQX):1
L1010:Cg4;setdate(5, 4, 1901):1
L1011:Cj4;setdate(5, 4, 1901):1
L1012:Cj4;remove_event(hovigsz, 28, 2):1
L1013:Cg4;remove_event(hovigsz, 28, 2):1
L1014:Cj4;setdate(1, 9, 1980):1
L1015:Cg4;setdate(1, 9, 1980):1
L1016:Cg4;remove_event(gEcfzvM, 29, 2, 2000):0
L1017:Cj4;remove_event(gEcfzvM, 29, 2, 2000):0
L1018:Cj4;setdate(11, 4, 2024):1
L1019:Cg4;setdate(11, 4, 2024):1
L1020:Cj4;remove_event(lHAtEkc):0
L1021:Cg4;remove_event(lHAtEkc):0
L1022:Cj4;setdate(19, 2, 2012):1
L1023:Cg4;setdate(19, 2, 2012):1
L1024:Cj4;remove_event(FauzmhB, 3):0
L1025:Cg4;remove_event(FauzmhB, 3):0
L1026:Cg4;setdate(29, 2, 1901):0
L1027:Cj4;setdate(29, 2, 1901):0
L1028:Cg4;remove_event(qfXtgZU):0
L1029:Cj4;remove_event(qfXtgZU):0
L1030:Cg4;setdate(4, 12, 2017):1
L1031:Cj4;setdate(4, 12, 2017):1
L1032:Cg4;remove_event(TRQSbcp, 29, 2, 2000):0
L1033:Cj4;remove_event(TRQSbcp, 29, 2, 2000):0
L1034:Cg4;setdate(29, 2, 1900):0
L1035:Cj4;setdate(29, 2, 1900):1
L1036:Cj4;remove_event(DcwRzLX):0
L1037:Cg4;remove_event(DcwRzLX):0
L1038:Cg4;setdate(21, 2, 1900):1
L1039:Cj4;setdate(21, 2, 1900):1
L1040:Cg4;remove_event(OiqUrga, 29):0
L1041:Cj4;remove_event(OiqUrga, 29):0
L1042:Cj4;setdate(14, 4, 2039):1
L1043:Cg4;setdate(14, 4, 2039):1
L1044:Cj4;remove_event(MeinzWX, 13, 4, 1978):1
L1045:Cg4;remove_event(MeinzWX, 13, 4, 1978):1
L1046:Cg4;setdate(27, 2, 1900):1
L1047:Cj4;setdate(27, 2, 1900):1
L1048:Cg4;remove_event(bCNKeLS, 29):0
L1049:Cj4;remove_event(bCNKeLS, 29):1
L1050:Cj4;setdate(18, 6, 2021):1
L1051:Cg4;setdate(18, 6, 2021):1
L1052:Cg4;remove_event(RExmwGH, 28, 2, 1901):1
L1053:Cj4;remove_event(RExmwGH, 28, 2, 1901):1
L1054:Cj4;setdate(29, 2, 1900):1
L1055:Cg4;setdate(29, 2, 1900):0
L1056:Cj4;remove_event(UWbxwrd):1
L1057:Cg4;remove_event(UWbxwrd):0
L1058:Cj4;setdate(29, 2, 1901):0
L1059:Cg4;setdate(29, 2, 1901):0
L1060:Cg4;remove_event(panrhFq):0
L1061:Cj4;remove_event(panrhFq):0
L1062:Cj4;setdate(16, 12, 2024):1
L1063:Cg4;setdate(16, 12, 2024):1
L1064:Cg4;remove_event(qWsfHek, 29, 2, 1900):0
L1065:Cj4;remove_event(qWsfHek, 29, 2, 1900):1
L1066:Cg4;setdate(2, 2, 1901):1
L1067:Cj4;setdate(2, 2, 1901):1
L1068:Cj4;remove_event(kSRajhF, 29):0
L1069:Cg4;remove_event(kSRajhF, 29):0
L1070:Cj4;setdate(6, 2, 1901):1
L1071:Cg4;setdate(6, 2, 1901):1
L1072:Cj4;remove_event(CHfdhSL, 28):1
L1073:Cg4;remove_event(CHfdhSL, 28):1
L1074:Cj4;setdate(1, 1, 1900):1
L1075:Cg4;setdate(1, 1, 1900):1
L1076:Cg4;setdate(29, 2, 1900):0
L1077:Cj4;setdate(29, 2, 1900):1
L1078: Cj4;print
1901-02-15 : rMQYPuw
1901-02-15 : rnptiUz
1901-02-15 : KFptByP
1901-02-15 : MdlKjBX
1901-02-15 : vsPJzVB
1901-02-15 : vlPJufB
1901-02-28 : HJoZMCu
1901-02-28 : NRKLymd
1901-02-28 : VPkLfce
1901-02-28 : LiXHTzh
1901-02-28 : DysrQJo
1901-02-28 : aghGXRW
1901-02-28 : rkvQeVL
1901-09-01 : VyBuEch
1901-12-16 : panrhFq
1972-08-24 : xsYiVQB
1974-04-06 : MeBkpNr
1976-02-07 : aOUWcQm
1977-01-25 : imfRKgJ
1978-08-16 : yNsdlWa
1980-11-18 : etErRaf
1980-11-25 : DqWxdkc
1986-02-26 : pNaeDfO
1987-04-04 : xpLSgrV
1987-11-12 : OwrDQVj
1989-12-12 : WPGIVOq
1994-11-01 : bLtFsiA
1995-03-30 : mkbEzRJ
1995-05-09 : UJAQvMa
1997-08-10 : MafmXFQ
1999-09-06 : SANWlYc
2000-02-16 : XYaPZnc
2000-02-16 : TMhImly
2000-02-16 : ozHDwtM
2000-02-16 : WgrsiVe
2000-02-16 : TRQSbcp
2000-02-16 : MfuasEc
2000-02-16 : cXEtMwP
2000-02-26 : dvyqNCV
2000-02-29 : UpRlVaB
2000-02-29 : lUaDIOB
2000-02-29 : TAZfJeq
2000-02-29 : XviJhpQ
2000-02-29 : GsKjyFh
2001-09-07 : jYWEAxb
2004-01-29 : LVbhNlF
2005-10-08 : AxtZwiE
2006-07-14 : NxGPota
2010-01-08 : nEZQuqP
2010-04-11 : lStgWOb
2012-01-21 : FauzmhB
2017-10-02 : SlohbXM
2022-02-02 : vgbWuni
2022-03-05 : fOJCKGk
2028-04-19 : cvrGELu
2028-08-21 : wTCivIO
2028-12-10 : JQifkzU
2030-06-04 : TjZGfpS
2031-03-21 : imFrOCu
2032-03-25 : MhJayTb
2036-04-13 : oXvjAHx
2039-03-27 : TArJqfh
L1079: Cg4;print
1900-03-13 : etErRaf
1900-03-13 : TMhImly
1900-03-13 : BtwfaIJ
1900-03-13 : jwUnAuQ
1900-03-13 : dvyqNCV
1900-03-13 : OiqUrga
1901-02-28 : HJoZMCu
1901-02-28 : NRKLymd
1901-02-28 : VPkLfce
1901-02-28 : LiXHTzh
1901-02-28 : DysrQJo
1901-02-28 : aghGXRW
1901-02-28 : rkvQeVL
1901-03-13 : rMQYPuw
1901-03-13 : rnptiUz
1901-03-13 : KFptByP
1901-03-13 : MdlKjBX
1901-03-13 : vsPJzVB
1901-03-13 : vlPJufB
1901-09-27 : VyBuEch
1901-12-16 : panrhFq
1972-09-19 : xsYiVQB
1974-04-06 : MeBkpNr
1976-02-07 : aOUWcQm
1977-01-25 : imfRKgJ
1978-08-16 : yNsdlWa
1978-08-16 : HruPpGn
1980-12-21 : DqWxdkc
1986-03-24 : pNaeDfO
1987-04-04 : xpLSgrV
1987-11-12 : OwrDQVj
1990-01-07 : WPGIVOq
1994-11-01 : bLtFsiA
1995-04-25 : mkbEzRJ
1995-05-09 : UJAQvMa
1997-08-10 : MafmXFQ
1999-09-06 : SANWlYc
2000-02-07 : IDXEUOv
2000-02-29 : UpRlVaB
2000-02-29 : lUaDIOB
2000-02-29 : TAZfJeq
2000-02-29 : XviJhpQ
2000-02-29 : FPbtKUJ
2000-02-29 : GsKjyFh
2000-03-13 : XYaPZnc
2000-03-13 : ozHDwtM
2000-03-13 : WgrsiVe
2000-03-13 : TRQSbcp
2000-03-13 : MfuasEc
2000-03-13 : cXEtMwP
2001-10-03 : jYWEAxb
2004-02-24 : LVbhNlF
2005-10-08 : AxtZwiE
2006-07-14 : NxGPota
2010-01-08 : nEZQuqP
2010-04-11 : lStgWOb
2012-02-16 : FauzmhB
2017-10-02 : SlohbXM
2022-02-02 : vgbWuni
2022-03-05 : fOJCKGk
2028-04-19 : cvrGELu
2028-09-16 : wTCivIO
2028-12-10 : JQifkzU
2030-06-04 : TjZGfpS
2031-03-21 : imFrOCu
2032-03-25 : MhJayTb
2036-05-09 : oXvjAHx
2039-03-27 : TArJqfh
L1080:Cj4;setdate(1, 1, 1900):1
L1081:Cg4;setdate(1, 1, 1900):1
L1082: Cj4;print
1900-02-29 : hcZHmvP
1900-02-29 : qmuwKEa
1900-02-29 : iBJjkAG
1900-02-29 : HruPpGn
1900-02-29 : IDXEUOv
1900-02-29 : YxOFmpL
1900-02-29 : FPbtKUJ
1901-02-15 : rMQYPuw
1901-02-15 : rnptiUz
1901-02-15 : KFptByP
1901-02-15 : MdlKjBX
1901-02-15 : vsPJzVB
1901-02-15 : vlPJufB
1901-02-28 : HJoZMCu
1901-02-28 : NRKLymd
1901-02-28 : VPkLfce
1901-02-28 : LiXHTzh
1901-02-28 : DysrQJo
1901-02-28 : aghGXRW
1901-02-28 : rkvQeVL
1901-09-01 : VyBuEch
1901-12-16 : panrhFq
1972-08-24 : xsYiVQB
1974-04-06 : MeBkpNr
1976-02-07 : aOUWcQm
1977-01-25 : imfRKgJ
1978-08-16 : yNsdlWa
1980-11-18 : etErRaf
1980-11-25 : DqWxdkc
1986-02-26 : pNaeDfO
1987-04-04 : xpLSgrV
1987-11-12 : OwrDQVj
1989-12-12 : WPGIVOq
1994-11-01 : bLtFsiA
1995-03-30 : mkbEzRJ
1995-05-09 : UJAQvMa
1997-08-10 : MafmXFQ
1999-09-06 : SANWlYc
2000-02-16 : XYaPZnc
2000-02-16 : TMhImly
2000-02-16 : ozHDwtM
2000-02-16 : WgrsiVe
2000-02-16 : TRQSbcp
2000-02-16 : MfuasEc
2000-02-16 : cXEtMwP
2000-02-26 : dvyqNCV
2000-02-29 : UpRlVaB
2000-02-29 : lUaDIOB
2000-02-29 : TAZfJeq
2000-02-29 : XviJhpQ
2000-02-29 : GsKjyFh
2001-09-07 : jYWEAxb
2004-01-29 : LVbhNlF
2005-10-08 : AxtZwiE
2006-07-14 : NxGPota
2010-01-08 : nEZQuqP
2010-04-11 : lStgWOb
2012-01-21 : FauzmhB
2017-10-02 : SlohbXM
2022-02-02 : vgbWuni
2022-03-05 : fOJCKGk
2028-04-19 : cvrGELu
2028-08-21 : wTCivIO
2028-12-10 : JQifkzU
2030-06-04 : TjZGfpS
2031-03-21 : imFrOCu
2032-03-25 : MhJayTb
2036-04-13 : oXvjAHx
2039-03-27 : TArJqfh
L1083: Cg4;print
1900-03-13 : etErRaf
1900-03-13 : TMhImly
1900-03-13 : BtwfaIJ
1900-03-13 : jwUnAuQ
1900-03-13 : dvyqNCV
1900-03-13 : OiqUrga
1901-02-28 : HJoZMCu
1901-02-28 : NRKLymd
1901-02-28 : VPkLfce
1901-02-28 : LiXHTzh
1901-02-28 : DysrQJo
1901-02-28 : aghGXRW
1901-02-28 : rkvQeVL
1901-03-13 : rMQYPuw
1901-03-13 : rnptiUz
1901-03-13 : KFptByP
1901-03-13 : MdlKjBX
1901-03-13 : vsPJzVB
1901-03-13 : vlPJufB
1901-09-27 : VyBuEch
1901-12-16 : panrhFq
1972-09-19 : xsYiVQB
1974-04-06 : MeBkpNr
1976-02-07 : aOUWcQm
1977-01-25 : imfRKgJ
1978-08-16 : yNsdlWa
1978-08-16 : HruPpGn
1980-12-21 : DqWxdkc
1986-03-24 : pNaeDfO
1987-04-04 : xpLSgrV
1987-11-12 : OwrDQVj
1990-01-07 : WPGIVOq
1994-11-01 : bLtFsiA
1995-04-25 : mkbEzRJ
1995-05-09 : UJAQvMa
1997-08-10 : MafmXFQ
1999-09-06 : SANWlYc
2000-02-07 : IDXEUOv
2000-02-29 : UpRlVaB
2000-02-29 : lUaDIOB
2000-02-29 : TAZfJeq
2000-02-29 : XviJhpQ
2000-02-29 : FPbtKUJ
2000-02-29 : GsKjyFh
2000-03-13 : XYaPZnc
2000-03-13 : ozHDwtM
2000-03-13 : WgrsiVe
2000-03-13 : TRQSbcp
2000-03-13 : MfuasEc
2000-03-13 : cXEtMwP
2001-10-03 : jYWEAxb
2004-02-24 : LVbhNlF
2005-10-08 : AxtZwiE
2006-07-14 : NxGPota
2010-01-08 : nEZQuqP
2010-04-11 : lStgWOb
2012-02-16 : FauzmhB
2017-10-02 : SlohbXM
2022-02-02 : vgbWuni
2022-03-05 : fOJCKGk
2028-04-19 : cvrGELu
2028-09-16 : wTCivIO
2028-12-10 : JQifkzU
2030-06-04 : TjZGfpS
2031-03-21 : imFrOCu
2032-03-25 : MhJayTb
2036-05-09 : oXvjAHx
2039-03-27 : TArJqfh
L1084:Cg4 deleted
L1085:Cj4 deleted
